This file contains any messages produced by compilers while
running configure, to aid debugging if configure makes a mistake.

It was created by Sfold configure 2.1, which was
generated by GNU Autoconf 2.61.  Invocation command line was

  $ ./configure 

## --------- ##
## Platform. ##
## --------- ##

hostname = mayc2
uname -m = x86_64
uname -r = 3.16.0-38-generic
uname -s = Linux
uname -v = #52~14.04.1-Ubuntu SMP Fri May 8 09:43:57 UTC 2015

/usr/bin/uname -p = unknown
/bin/uname -X     = unknown

/bin/arch              = unknown
/usr/bin/arch -k       = unknown
/usr/convex/getsysinfo = unknown
/usr/bin/hostinfo      = unknown
/bin/machine           = unknown
/usr/bin/oslevel       = unknown
/bin/universe          = unknown

PATH: /usr/local/sbin
PATH: /usr/local/bin
PATH: /usr/sbin
PATH: /usr/bin
PATH: /sbin
PATH: /bin
PATH: /usr/games
PATH: /usr/local/games


## ----------- ##
## Core tests. ##
## ----------- ##

configure:1701: checking for awk
configure:1720: found /usr/bin/awk
configure:1732: result: /usr/bin/awk
configure:1742: checking for grep
configure:1761: found /bin/grep
configure:1773: result: /bin/grep
configure:1783: checking for perl
configure:1802: found /usr/bin/perl
configure:1814: result: /usr/bin/perl
configure:1824: checking for R
configure:1843: found /usr/bin/R
configure:1855: result: /usr/bin/R
configure:1921: checking for gcc
configure:1937: found /usr/bin/gcc
configure:1948: result: gcc
configure:2186: checking for C compiler version
configure:2193: gcc --version >&5
gcc (Ubuntu 4.8.4-2ubuntu1~14.04.1) 4.8.4
Copyright (C) 2013 Free Software Foundation, Inc.
This is free software; see the source for copying conditions.  There is NO
warranty; not even for MERCHANTABILITY or FITNESS FOR A PARTICULAR PURPOSE.

configure:2196: $? = 0
configure:2203: gcc -v >&5
Using built-in specs.
COLLECT_GCC=gcc
COLLECT_LTO_WRAPPER=/usr/lib/gcc/x86_64-linux-gnu/4.8/lto-wrapper
Target: x86_64-linux-gnu
Configured with: ../src/configure -v --with-pkgversion='Ubuntu 4.8.4-2ubuntu1~14.04.1' --with-bugurl=file:///usr/share/doc/gcc-4.8/README.Bugs --enable-languages=c,c++,java,go,d,fortran,objc,obj-c++ --prefix=/usr --program-suffix=-4.8 --enable-shared --enable-linker-build-id --libexecdir=/usr/lib --without-included-gettext --enable-threads=posix --with-gxx-include-dir=/usr/include/c++/4.8 --libdir=/usr/lib --enable-nls --with-sysroot=/ --enable-clocale=gnu --enable-libstdcxx-debug --enable-libstdcxx-time=yes --enable-gnu-unique-object --disable-libmudflap --enable-plugin --with-system-zlib --disable-browser-plugin --enable-java-awt=gtk --enable-gtk-cairo --with-java-home=/usr/lib/jvm/java-1.5.0-gcj-4.8-amd64/jre --enable-java-home --with-jvm-root-dir=/usr/lib/jvm/java-1.5.0-gcj-4.8-amd64 --with-jvm-jar-dir=/usr/lib/jvm-exports/java-1.5.0-gcj-4.8-amd64 --with-arch-directory=amd64 --with-ecj-jar=/usr/share/java/eclipse-ecj.jar --enable-objc-gc --enable-multiarch --disable-werror --with-arch-32=i686 --with-abi=m64 --with-multilib-list=m32,m64,mx32 --with-tune=generic --enable-checking=release --build=x86_64-linux-gnu --host=x86_64-linux-gnu --target=x86_64-linux-gnu
Thread model: posix
gcc version 4.8.4 (Ubuntu 4.8.4-2ubuntu1~14.04.1) 
configure:2206: $? = 0
configure:2213: gcc -V >&5
gcc: error: unrecognized command line option '-V'
gcc: fatal error: no input files
compilation terminated.
configure:2216: $? = 4
configure:2239: checking for C compiler default output file name
configure:2266: gcc    -L/home/chris/devtree/research/sfold-2.2/lib conftest.c  >&5
configure:2269: $? = 0
configure:2307: result: a.out
configure:2324: checking whether the C compiler works
configure:2334: ./a.out
configure:2337: $? = 0
configure:2354: result: yes
configure:2361: checking whether we are cross compiling
configure:2363: result: no
configure:2366: checking for suffix of executables
configure:2373: gcc -o conftest    -L/home/chris/devtree/research/sfold-2.2/lib conftest.c  >&5
configure:2376: $? = 0
configure:2400: result: 
configure:2406: checking for suffix of object files
configure:2432: gcc -c   conftest.c >&5
configure:2435: $? = 0
configure:2458: result: o
configure:2462: checking whether we are using the GNU C compiler
configure:2491: gcc -c   conftest.c >&5
configure:2497: $? = 0
configure:2514: result: yes
configure:2519: checking whether gcc accepts -g
configure:2549: gcc -c -g  conftest.c >&5
configure:2555: $? = 0
configure:2654: result: yes
configure:2671: checking for gcc option to accept ISO C89
configure:2745: gcc  -c -g -O2  conftest.c >&5
configure:2751: $? = 0
configure:2774: result: none needed
configure:2798: checking how to run the C preprocessor
configure:2838: gcc -E  conftest.c
configure:2844: $? = 0
configure:2875: gcc -E  conftest.c
conftest.c:8:28: fatal error: ac_nonexistent.h: No such file or directory
 #include <ac_nonexistent.h>
                            ^
compilation terminated.
configure:2881: $? = 1
configure: failed program was:
| /* confdefs.h.  */
| #define PACKAGE_NAME "Sfold"
| #define PACKAGE_TARNAME "sfold"
| #define PACKAGE_VERSION "2.1"
| #define PACKAGE_STRING "Sfold 2.1"
| #define PACKAGE_BUGREPORT "http://sfold.wadsworth.org"
| /* end confdefs.h.  */
| #include <ac_nonexistent.h>
configure:2914: result: gcc -E
configure:2943: gcc -E  conftest.c
configure:2949: $? = 0
configure:2980: gcc -E  conftest.c
conftest.c:8:28: fatal error: ac_nonexistent.h: No such file or directory
 #include <ac_nonexistent.h>
                            ^
compilation terminated.
configure:2986: $? = 1
configure: failed program was:
| /* confdefs.h.  */
| #define PACKAGE_NAME "Sfold"
| #define PACKAGE_TARNAME "sfold"
| #define PACKAGE_VERSION "2.1"
| #define PACKAGE_STRING "Sfold 2.1"
| #define PACKAGE_BUGREPORT "http://sfold.wadsworth.org"
| /* end confdefs.h.  */
| #include <ac_nonexistent.h>
configure:3024: checking for grep that handles long lines and -e
configure:3098: result: /bin/grep
configure:3103: checking for egrep
configure:3181: result: /bin/grep -E
configure:3186: checking for ANSI C header files
configure:3216: gcc -c -g -O2  conftest.c >&5
configure:3222: $? = 0
configure:3321: gcc -o conftest -g -O2   -L/home/chris/devtree/research/sfold-2.2/lib conftest.c  >&5
configure:3324: $? = 0
configure:3330: ./conftest
configure:3333: $? = 0
configure:3350: result: yes
configure:3374: checking for sys/types.h
configure:3395: gcc -c -g -O2  conftest.c >&5
configure:3401: $? = 0
configure:3417: result: yes
configure:3374: checking for sys/stat.h
configure:3395: gcc -c -g -O2  conftest.c >&5
configure:3401: $? = 0
configure:3417: result: yes
configure:3374: checking for stdlib.h
configure:3395: gcc -c -g -O2  conftest.c >&5
configure:3401: $? = 0
configure:3417: result: yes
configure:3374: checking for string.h
configure:3395: gcc -c -g -O2  conftest.c >&5
configure:3401: $? = 0
configure:3417: result: yes
configure:3374: checking for memory.h
configure:3395: gcc -c -g -O2  conftest.c >&5
configure:3401: $? = 0
configure:3417: result: yes
configure:3374: checking for strings.h
configure:3395: gcc -c -g -O2  conftest.c >&5
configure:3401: $? = 0
configure:3417: result: yes
configure:3374: checking for inttypes.h
configure:3395: gcc -c -g -O2  conftest.c >&5
configure:3401: $? = 0
configure:3417: result: yes
configure:3374: checking for stdint.h
configure:3395: gcc -c -g -O2  conftest.c >&5
configure:3401: $? = 0
configure:3417: result: yes
configure:3374: checking for unistd.h
configure:3395: gcc -c -g -O2  conftest.c >&5
configure:3401: $? = 0
configure:3417: result: yes
configure:3436: checking for stdlib.h
configure:3442: result: yes
configure:3436: checking for string.h
configure:3442: result: yes
configure:3436: checking for unistd.h
configure:3442: result: yes
configure:3578: checking for size_t
configure:3608: gcc -c -g -O2  conftest.c >&5
configure:3614: $? = 0
configure:3629: result: yes
configure:3648: checking for stdlib.h
configure:3654: result: yes
configure:3788: checking for GNU libc compatible malloc
configure:3822: gcc -o conftest -g -O2   -L/home/chris/devtree/research/sfold-2.2/lib conftest.c  >&5
configure:3825: $? = 0
configure:3831: ./conftest
configure:3834: $? = 0
configure:3850: result: yes
configure:3878: checking for working strtod
configure:3929: gcc -o conftest -g -O2   -L/home/chris/devtree/research/sfold-2.2/lib conftest.c  >&5
configure:3932: $? = 0
configure:3938: ./conftest
configure:3941: $? = 0
configure:3957: result: yes
configure:4128: checking for mkdir
configure:4184: gcc -o conftest -g -O2   -L/home/chris/devtree/research/sfold-2.2/lib conftest.c  >&5
configure:4190: $? = 0
configure:4208: result: yes
configure:4128: checking for pow
configure:4184: gcc -o conftest -g -O2   -L/home/chris/devtree/research/sfold-2.2/lib conftest.c  >&5
conftest.c:47:6: warning: conflicting types for built-in function 'pow' [enabled by default]
 char pow ();
      ^
/tmp/ccGnKoGZ.o: In function `main':
/home/chris/devtree/research/sfold-2.2/conftest.c:58: undefined reference to `pow'
collect2: error: ld returned 1 exit status
configure:4190: $? = 1
configure: failed program was:
| /* confdefs.h.  */
| #define PACKAGE_NAME "Sfold"
| #define PACKAGE_TARNAME "sfold"
| #define PACKAGE_VERSION "2.1"
| #define PACKAGE_STRING "Sfold 2.1"
| #define PACKAGE_BUGREPORT "http://sfold.wadsworth.org"
| #define STDC_HEADERS 1
| #define HAVE_SYS_TYPES_H 1
| #define HAVE_SYS_STAT_H 1
| #define HAVE_STDLIB_H 1
| #define HAVE_STRING_H 1
| #define HAVE_MEMORY_H 1
| #define HAVE_STRINGS_H 1
| #define HAVE_INTTYPES_H 1
| #define HAVE_STDINT_H 1
| #define HAVE_UNISTD_H 1
| #define HAVE_STDLIB_H 1
| #define HAVE_STRING_H 1
| #define HAVE_UNISTD_H 1
| #define HAVE_STDLIB_H 1
| #define HAVE_MALLOC 1
| #define HAVE_MKDIR 1
| /* end confdefs.h.  */
| /* Define pow to an innocuous variant, in case <limits.h> declares pow.
|    For example, HP-UX 11i <limits.h> declares gettimeofday.  */
| #define pow innocuous_pow
| 
| /* System header to define __stub macros and hopefully few prototypes,
|     which can conflict with char pow (); below.
|     Prefer <limits.h> to <assert.h> if __STDC__ is defined, since
|     <limits.h> exists even on freestanding compilers.  */
| 
| #ifdef __STDC__
| # include <limits.h>
| #else
| # include <assert.h>
| #endif
| 
| #undef pow
| 
| /* Override any GCC internal prototype to avoid an error.
|    Use char because int might match the return type of a GCC
|    builtin and then its argument prototype would still apply.  */
| #ifdef __cplusplus
| extern "C"
| #endif
| char pow ();
| /* The GNU C library defines this for functions which it implements
|     to always fail with ENOSYS.  Some functions are actually named
|     something starting with __ and the normal name is an alias.  */
| #if defined __stub_pow || defined __stub___pow
| choke me
| #endif
| 
| int
| main ()
| {
| return pow ();
|   ;
|   return 0;
| }
configure:4208: result: no
configure:4128: checking for strcasecmp
configure:4184: gcc -o conftest -g -O2   -L/home/chris/devtree/research/sfold-2.2/lib conftest.c  >&5
conftest.c:47:6: warning: conflicting types for built-in function 'strcasecmp' [enabled by default]
 char strcasecmp ();
      ^
configure:4190: $? = 0
configure:4208: result: yes
configure:4128: checking for strdup
configure:4184: gcc -o conftest -g -O2   -L/home/chris/devtree/research/sfold-2.2/lib conftest.c  >&5
conftest.c:48:6: warning: conflicting types for built-in function 'strdup' [enabled by default]
 char strdup ();
      ^
configure:4190: $? = 0
configure:4208: result: yes
configure:4358: creating ./config.status

## ---------------------- ##
## Running config.status. ##
## ---------------------- ##

This file was extended by Sfold config.status 2.1, which was
generated by GNU Autoconf 2.61.  Invocation command line was

  CONFIG_FILES    = 
  CONFIG_HEADERS  = 
  CONFIG_LINKS    = 
  CONFIG_COMMANDS = 
  $ ./config.status 

on mayc2

config.status:580: creating sfoldenv

## ---------------- ##
## Cache variables. ##
## ---------------- ##

ac_cv_c_compiler_gnu=yes
ac_cv_env_CC_set=
ac_cv_env_CC_value=
ac_cv_env_CFLAGS_set=
ac_cv_env_CFLAGS_value=
ac_cv_env_CPPFLAGS_set=
ac_cv_env_CPPFLAGS_value=
ac_cv_env_CPP_set=
ac_cv_env_CPP_value=
ac_cv_env_LDFLAGS_set=
ac_cv_env_LDFLAGS_value=
ac_cv_env_LIBS_set=
ac_cv_env_LIBS_value=
ac_cv_env_build_alias_set=
ac_cv_env_build_alias_value=
ac_cv_env_host_alias_set=
ac_cv_env_host_alias_value=
ac_cv_env_target_alias_set=
ac_cv_env_target_alias_value=
ac_cv_func_malloc_0_nonnull=yes
ac_cv_func_mkdir=yes
ac_cv_func_pow=no
ac_cv_func_strcasecmp=yes
ac_cv_func_strdup=yes
ac_cv_func_strtod=yes
ac_cv_header_inttypes_h=yes
ac_cv_header_memory_h=yes
ac_cv_header_stdc=yes
ac_cv_header_stdint_h=yes
ac_cv_header_stdlib_h=yes
ac_cv_header_string_h=yes
ac_cv_header_strings_h=yes
ac_cv_header_sys_stat_h=yes
ac_cv_header_sys_types_h=yes
ac_cv_header_unistd_h=yes
ac_cv_objext=o
ac_cv_path_AWK=/usr/bin/awk
ac_cv_path_EGREP='/bin/grep -E'
ac_cv_path_GREP=/bin/grep
ac_cv_path_PERL=/usr/bin/perl
ac_cv_path_R=/usr/bin/R
ac_cv_prog_CPP='gcc -E'
ac_cv_prog_ac_ct_CC=gcc
ac_cv_prog_cc_c89=
ac_cv_prog_cc_g=yes
ac_cv_type_size_t=yes

## ----------------- ##
## Output variables. ##
## ----------------- ##

AWK='/usr/bin/awk'
CC='gcc'
CFLAGS='-g -O2'
CPP='gcc -E'
CPPFLAGS=''
DEFS='-DPACKAGE_NAME=\"Sfold\" -DPACKAGE_TARNAME=\"sfold\" -DPACKAGE_VERSION=\"2.1\" -DPACKAGE_STRING=\"Sfold\ 2.1\" -DPACKAGE_BUGREPORT=\"http://sfold.wadsworth.org\" -DSTDC_HEADERS=1 -DHAVE_SYS_TYPES_H=1 -DHAVE_SYS_STAT_H=1 -DHAVE_STDLIB_H=1 -DHAVE_STRING_H=1 -DHAVE_MEMORY_H=1 -DHAVE_STRINGS_H=1 -DHAVE_INTTYPES_H=1 -DHAVE_STDINT_H=1 -DHAVE_UNISTD_H=1 -DHAVE_STDLIB_H=1 -DHAVE_STRING_H=1 -DHAVE_UNISTD_H=1 -DHAVE_STDLIB_H=1 -DHAVE_MALLOC=1 -DHAVE_MKDIR=1 -DHAVE_STRCASECMP=1 -DHAVE_STRDUP=1'
ECHO_C=''
ECHO_N='-n'
ECHO_T=''
EGREP='/bin/grep -E'
EXEEXT=''
GREP='/bin/grep'
LDFLAGS=' -L/home/chris/devtree/research/sfold-2.2/lib'
LIBOBJS=''
LIBS=''
LTLIBOBJS=''
OBJEXT='o'
PACKAGE_BUGREPORT='http://sfold.wadsworth.org'
PACKAGE_NAME='Sfold'
PACKAGE_STRING='Sfold 2.1'
PACKAGE_TARNAME='sfold'
PACKAGE_VERSION='2.1'
PATH_SEPARATOR=':'
PERL='/usr/bin/perl'
POW_LIB=''
R='/usr/bin/R'
SHELL='/bin/bash'
ac_ct_CC='gcc'
bindir='${exec_prefix}/bin'
build_alias=''
datadir='${datarootdir}'
datarootdir='${prefix}/share'
docdir='${datarootdir}/doc/${PACKAGE_TARNAME}'
dvidir='${docdir}'
exec_prefix='${prefix}'
host_alias=''
host_cpu='X86_64'
host_os='LINUX'
htmldir='${docdir}'
includedir='${prefix}/include'
infodir='${datarootdir}/info'
libdir='${exec_prefix}/lib'
libexecdir='${exec_prefix}/libexec'
localedir='${datarootdir}/locale'
localstatedir='${prefix}/var'
mandir='${datarootdir}/man'
oldincludedir='/usr/include'
pdfdir='${docdir}'
prefix='/home/chris/devtree/research/sfold-2.2'
program_transform_name='s,x,x,'
psdir='${docdir}'
sbindir='${exec_prefix}/sbin'
sharedstatedir='${prefix}/com'
sysconfdir='${prefix}/etc'
target_alias=''

## ----------- ##
## confdefs.h. ##
## ----------- ##

#define PACKAGE_NAME "Sfold"
#define PACKAGE_TARNAME "sfold"
#define PACKAGE_VERSION "2.1"
#define PACKAGE_STRING "Sfold 2.1"
#define PACKAGE_BUGREPORT "http://sfold.wadsworth.org"
#define STDC_HEADERS 1
#define HAVE_SYS_TYPES_H 1
#define HAVE_SYS_STAT_H 1
#define HAVE_STDLIB_H 1
#define HAVE_STRING_H 1
#define HAVE_MEMORY_H 1
#define HAVE_STRINGS_H 1
#define HAVE_INTTYPES_H 1
#define HAVE_STDINT_H 1
#define HAVE_UNISTD_H 1
#define HAVE_STDLIB_H 1
#define HAVE_STRING_H 1
#define HAVE_UNISTD_H 1
#define HAVE_STDLIB_H 1
#define HAVE_MALLOC 1
#define HAVE_MKDIR 1
#define HAVE_STRCASECMP 1
#define HAVE_STRDUP 1

configure: exit 0
