Structure        1     -50.50       0.17181E-01
    1 C     0     2     0     1
    2 G     1     3   119     2
    3 A     2     4   118     3
    4 C     3     5   117     4
    5 C     4     6   116     5
    6 U     5     7   115     6
    7 G     6     8   114     7
    8 G     7     9   113     8
    9 U     8    10     0     9
   10 G     9    11     0    10
   11 G    10    12   110    11
   12 U    11    13   109    12
   13 C    12    14     0    13
   14 A    13    15   107    14
   15 U    14    16   106    15
   16 C    15    17   105    16
   17 G    16    18     0    17
   18 C    17    19     0    18
   19 G    18    20    38    19
   20 G    19    21    37    20
   21 G    20    22    36    21
   22 G    21    23    35    22
   23 C    22    24    34    23
   24 G    23    25    33    24
   25 G    24    26    32    25
   26 C    25    27     0    26
   27 U    26    28     0    27
   28 G    27    29     0    28
   29 C    28    30     0    29
   30 A    29    31     0    30
   31 C    30    32     0    31
   32 C    31    33    25    32
   33 C    32    34    24    33
   34 G    33    35    23    34
   35 U    34    36    22    35
   36 U    35    37    21    36
   37 C    36    38    20    37
   38 C    37    39    19    38
   39 C    38    40   102    39
   40 U    39    41   101    40
   41 U    40    42   100    41
   42 U    41    43    99    42
   43 C    42    44    98    43
   44 C    43    45    97    44
   45 G    44    46     0    45
   46 A    45    47     0    46
   47 A    46    48     0    47
   48 C    47    49     0    48
   49 A    48    50     0    49
   50 C    49    51     0    50
   51 G    50    52     0    51
   52 G    51    53    78    52
   53 C    52    54    77    53
   54 C    53    55    76    54
   55 G    54    56    75    55
   56 U    55    57    74    56
   57 G    56    58     0    57
   58 A    57    59     0    58
   59 A    58    60     0    59
   60 A    59    61     0    60
   61 C    60    62    70    61
   62 G    61    63    69    62
   63 C    62    64    68    63
   64 C    63    65     0    64
   65 C    64    66     0    65
   66 C    65    67     0    66
   67 A    66    68     0    67
   68 G    67    69    63    68
   69 C    68    70    62    69
   70 G    69    71    61    70
   71 C    70    72     0    71
   72 C    71    73     0    72
   73 A    72    74     0    73
   74 A    73    75    56    74
   75 U    74    76    55    75
   76 G    75    77    54    76
   77 G    76    78    53    77
   78 U    77    79    52    78
   79 A    78    80     0    79
   80 C    79    81     0    80
   81 U    80    82     0    81
   82 U    81    83     0    82
   83 C    82    84    94    83
   84 G    83    85    93    84
   85 U    84    86    92    85
   86 C    85    87    91    86
   87 U    86    88     0    87
   88 C    87    89     0    88
   89 A    88    90     0    89
   90 A    89    91     0    90
   91 G    90    92    86    91
   92 A    91    93    85    92
   93 C    92    94    84    93
   94 G    93    95    83    94
   95 C    94    96     0    95
   96 G    95    97     0    96
   97 G    96    98    44    97
   98 G    97    99    43    98
   99 A    98   100    42    99
  100 G    99   101    41   100
  101 A   100   102    40   101
  102 G   101   103    39   102
  103 U   102   104     0   103
  104 A   103   105     0   104
  105 G   104   106    16   105
  106 G   105   107    15   106
  107 U   106   108    14   107
  108 C   107   109     0   108
  109 G   108   110    12   109
  110 C   109   111    11   110
  111 U   110   112     0   111
  112 G   111   113     0   112
  113 C   112   114     8   113
  114 C   113   115     7   114
  115 A   114   116     6   115
  116 G   115   117     5   116
  117 G   116   118     4   117
  118 U   117   119     3   118
  119 C   118   120     2   119
  120 U   119   121     0   120
Structure        2     -48.80       0.20845E-02
    1 C     0     2     0     1
    2 G     1     3   119     2
    3 A     2     4   118     3
    4 C     3     5   117     4
    5 C     4     6   116     5
    6 U     5     7   115     6
    7 G     6     8   114     7
    8 G     7     9   113     8
    9 U     8    10     0     9
   10 G     9    11     0    10
   11 G    10    12   110    11
   12 U    11    13   109    12
   13 C    12    14     0    13
   14 A    13    15     0    14
   15 U    14    16     0    15
   16 C    15    17     0    16
   17 G    16    18    69    17
   18 C    17    19    68    18
   19 G    18    20    66    19
   20 G    19    21    65    20
   21 G    20    22    64    21
   22 G    21    23    63    22
   23 C    22    24    62    23
   24 G    23    25    61    24
   25 G    24    26     0    25
   26 C    25    27     0    26
   27 U    26    28     0    27
   28 G    27    29     0    28
   29 C    28    30    57    29
   30 A    29    31    56    30
   31 C    30    32    55    31
   32 C    31    33    52    32
   33 C    32    34    51    33
   34 G    33    35    50    34
   35 U    34    36    49    35
   36 U    35    37    46    36
   37 C    36    38    45    37
   38 C    37    39     0    38
   39 C    38    40     0    39
   40 U    39    41     0    40
   41 U    40    42     0    41
   42 U    41    43     0    42
   43 C    42    44     0    43
   44 C    43    45     0    44
   45 G    44    46    37    45
   46 A    45    47    36    46
   47 A    46    48     0    47
   48 C    47    49     0    48
   49 A    48    50    35    49
   50 C    49    51    34    50
   51 G    50    52    33    51
   52 G    51    53    32    52
   53 C    52    54     0    53
   54 C    53    55     0    54
   55 G    54    56    31    55
   56 U    55    57    30    56
   57 G    56    58    29    57
   58 A    57    59     0    58
   59 A    58    60     0    59
   60 A    59    61     0    60
   61 C    60    62    24    61
   62 G    61    63    23    62
   63 C    62    64    22    63
   64 C    63    65    21    64
   65 C    64    66    20    65
   66 C    65    67    19    66
   67 A    66    68     0    67
   68 G    67    69    18    68
   69 C    68    70    17    69
   70 G    69    71     0    70
   71 C    70    72   106    71
   72 C    71    73   105    72
   73 A    72    74     0    73
   74 A    73    75   103    74
   75 U    74    76   102    75
   76 G    75    77     0    76
   77 G    76    78     0    77
   78 U    77    79     0    78
   79 A    78    80     0    79
   80 C    79    81    97    80
   81 U    80    82    96    81
   82 U    81    83     0    82
   83 C    82    84    94    83
   84 G    83    85    93    84
   85 U    84    86    92    85
   86 C    85    87    91    86
   87 U    86    88     0    87
   88 C    87    89     0    88
   89 A    88    90     0    89
   90 A    89    91     0    90
   91 G    90    92    86    91
   92 A    91    93    85    92
   93 C    92    94    84    93
   94 G    93    95    83    94
   95 C    94    96     0    95
   96 G    95    97    81    96
   97 G    96    98    80    97
   98 G    97    99     0    98
   99 A    98   100     0    99
  100 G    99   101     0   100
  101 A   100   102     0   101
  102 G   101   103    75   102
  103 U   102   104    74   103
  104 A   103   105     0   104
  105 G   104   106    72   105
  106 G   105   107    71   106
  107 U   106   108     0   107
  108 C   107   109     0   108
  109 G   108   110    12   109
  110 C   109   111    11   110
  111 U   110   112     0   111
  112 G   111   113     0   112
  113 C   112   114     8   113
  114 C   113   115     7   114
  115 A   114   116     6   115
  116 G   115   117     5   116
  117 G   116   118     4   117
  118 U   117   119     3   118
  119 C   118   120     2   119
  120 U   119   121     0   120
Structure        3     -47.20       0.21503E-03
    1 C     0     2     0     1
    2 G     1     3   119     2
    3 A     2     4   118     3
    4 C     3     5   117     4
    5 C     4     6   116     5
    6 U     5     7   115     6
    7 G     6     8   114     7
    8 G     7     9   113     8
    9 U     8    10     0     9
   10 G     9    11     0    10
   11 G    10    12   110    11
   12 U    11    13     0    12
   13 C    12    14   109    13
   14 A    13    15     0    14
   15 U    14    16     0    15
   16 C    15    17    70    16
   17 G    16    18    69    17
   18 C    17    19    68    18
   19 G    18    20    66    19
   20 G    19    21    65    20
   21 G    20    22    64    21
   22 G    21    23    63    22
   23 C    22    24    62    23
   24 G    23    25    61    24
   25 G    24    26     0    25
   26 C    25    27     0    26
   27 U    26    28     0    27
   28 G    27    29     0    28
   29 C    28    30    57    29
   30 A    29    31    56    30
   31 C    30    32    55    31
   32 C    31    33    52    32
   33 C    32    34    51    33
   34 G    33    35    50    34
   35 U    34    36    49    35
   36 U    35    37    46    36
   37 C    36    38    45    37
   38 C    37    39     0    38
   39 C    38    40     0    39
   40 U    39    41     0    40
   41 U    40    42     0    41
   42 U    41    43     0    42
   43 C    42    44     0    43
   44 C    43    45     0    44
   45 G    44    46    37    45
   46 A    45    47    36    46
   47 A    46    48     0    47
   48 C    47    49     0    48
   49 A    48    50    35    49
   50 C    49    51    34    50
   51 G    50    52    33    51
   52 G    51    53    32    52
   53 C    52    54     0    53
   54 C    53    55     0    54
   55 G    54    56    31    55
   56 U    55    57    30    56
   57 G    56    58    29    57
   58 A    57    59     0    58
   59 A    58    60     0    59
   60 A    59    61     0    60
   61 C    60    62    24    61
   62 G    61    63    23    62
   63 C    62    64    22    63
   64 C    63    65    21    64
   65 C    64    66    20    65
   66 C    65    67    19    66
   67 A    66    68     0    67
   68 G    67    69    18    68
   69 C    68    70    17    69
   70 G    69    71    16    70
   71 C    70    72   106    71
   72 C    71    73   105    72
   73 A    72    74     0    73
   74 A    73    75     0    74
   75 U    74    76     0    75
   76 G    75    77     0    76
   77 G    76    78     0    77
   78 U    77    79     0    78
   79 A    78    80     0    79
   80 C    79    81    97    80
   81 U    80    82    96    81
   82 U    81    83     0    82
   83 C    82    84    94    83
   84 G    83    85    93    84
   85 U    84    86    92    85
   86 C    85    87    91    86
   87 U    86    88     0    87
   88 C    87    89     0    88
   89 A    88    90     0    89
   90 A    89    91     0    90
   91 G    90    92    86    91
   92 A    91    93    85    92
   93 C    92    94    84    93
   94 G    93    95    83    94
   95 C    94    96     0    95
   96 G    95    97    81    96
   97 G    96    98    80    97
   98 G    97    99     0    98
   99 A    98   100     0    99
  100 G    99   101     0   100
  101 A   100   102     0   101
  102 G   101   103     0   102
  103 U   102   104     0   103
  104 A   103   105     0   104
  105 G   104   106    72   105
  106 G   105   107    71   106
  107 U   106   108     0   107
  108 C   107   109     0   108
  109 G   108   110    13   109
  110 C   109   111    11   110
  111 U   110   112     0   111
  112 G   111   113     0   112
  113 C   112   114     8   113
  114 C   113   115     7   114
  115 A   114   116     6   115
  116 G   115   117     5   116
  117 G   116   118     4   117
  118 U   117   119     3   118
  119 C   118   120     2   119
  120 U   119   121     0   120
Structure        4     -45.60       0.83794E-05
    1 C     0     2     0     1
    2 G     1     3   119     2
    3 A     2     4   118     3
    4 C     3     5   117     4
    5 C     4     6   116     5
    6 U     5     7   115     6
    7 G     6     8   114     7
    8 G     7     9   113     8
    9 U     8    10   112     9
   10 G     9    11   111    10
   11 G    10    12   110    11
   12 U    11    13     0    12
   13 C    12    14   109    13
   14 A    13    15     0    14
   15 U    14    16     0    15
   16 C    15    17     0    16
   17 G    16    18     0    17
   18 C    17    19     0    18
   19 G    18    20    66    19
   20 G    19    21    65    20
   21 G    20    22    64    21
   22 G    21    23    63    22
   23 C    22    24    62    23
   24 G    23    25    61    24
   25 G    24    26     0    25
   26 C    25    27     0    26
   27 U    26    28    58    27
   28 G    27    29     0    28
   29 C    28    30    57    29
   30 A    29    31    56    30
   31 C    30    32    55    31
   32 C    31    33    52    32
   33 C    32    34    51    33
   34 G    33    35    50    34
   35 U    34    36    49    35
   36 U    35    37     0    36
   37 C    36    38     0    37
   38 C    37    39    45    38
   39 C    38    40     0    39
   40 U    39    41     0    40
   41 U    40    42     0    41
   42 U    41    43     0    42
   43 C    42    44     0    43
   44 C    43    45     0    44
   45 G    44    46    38    45
   46 A    45    47     0    46
   47 A    46    48     0    47
   48 C    47    49     0    48
   49 A    48    50    35    49
   50 C    49    51    34    50
   51 G    50    52    33    51
   52 G    51    53    32    52
   53 C    52    54     0    53
   54 C    53    55     0    54
   55 G    54    56    31    55
   56 U    55    57    30    56
   57 G    56    58    29    57
   58 A    57    59    27    58
   59 A    58    60     0    59
   60 A    59    61     0    60
   61 C    60    62    24    61
   62 G    61    63    23    62
   63 C    62    64    22    63
   64 C    63    65    21    64
   65 C    64    66    20    65
   66 C    65    67    19    66
   67 A    66    68     0    67
   68 G    67    69     0    68
   69 C    68    70     0    69
   70 G    69    71   107    70
   71 C    70    72   106    71
   72 C    71    73   105    72
   73 A    72    74     0    73
   74 A    73    75   103    74
   75 U    74    76   102    75
   76 G    75    77     0    76
   77 G    76    78     0    77
   78 U    77    79     0    78
   79 A    78    80     0    79
   80 C    79    81    97    80
   81 U    80    82    96    81
   82 U    81    83     0    82
   83 C    82    84    94    83
   84 G    83    85    93    84
   85 U    84    86    92    85
   86 C    85    87    91    86
   87 U    86    88     0    87
   88 C    87    89     0    88
   89 A    88    90     0    89
   90 A    89    91     0    90
   91 G    90    92    86    91
   92 A    91    93    85    92
   93 C    92    94    84    93
   94 G    93    95    83    94
   95 C    94    96     0    95
   96 G    95    97    81    96
   97 G    96    98    80    97
   98 G    97    99     0    98
   99 A    98   100     0    99
  100 G    99   101     0   100
  101 A   100   102     0   101
  102 G   101   103    75   102
  103 U   102   104    74   103
  104 A   103   105     0   104
  105 G   104   106    72   105
  106 G   105   107    71   106
  107 U   106   108    70   107
  108 C   107   109     0   108
  109 G   108   110    13   109
  110 C   109   111    11   110
  111 U   110   112    10   111
  112 G   111   113     9   112
  113 C   112   114     8   113
  114 C   113   115     7   114
  115 A   114   116     6   115
  116 G   115   117     5   116
  117 G   116   118     4   117
  118 U   117   119     3   118
  119 C   118   120     2   119
  120 U   119   121     0   120
Structure        5     -43.90       0.19455E-05
    1 C     0     2     0     1
    2 G     1     3   119     2
    3 A     2     4   118     3
    4 C     3     5   117     4
    5 C     4     6   116     5
    6 U     5     7   115     6
    7 G     6     8   114     7
    8 G     7     9   113     8
    9 U     8    10     0     9
   10 G     9    11     0    10
   11 G    10    12   110    11
   12 U    11    13   109    12
   13 C    12    14     0    13
   14 A    13    15   107    14
   15 U    14    16     0    15
   16 C    15    17    70    16
   17 G    16    18    69    17
   18 C    17    19    68    18
   19 G    18    20    66    19
   20 G    19    21    65    20
   21 G    20    22    64    21
   22 G    21    23    63    22
   23 C    22    24    62    23
   24 G    23    25    61    24
   25 G    24    26     0    25
   26 C    25    27     0    26
   27 U    26    28    58    27
   28 G    27    29     0    28
   29 C    28    30    57    29
   30 A    29    31    56    30
   31 C    30    32    55    31
   32 C    31    33    52    32
   33 C    32    34    51    33
   34 G    33    35    50    34
   35 U    34    36     0    35
   36 U    35    37     0    36
   37 C    36    38     0    37
   38 C    37    39     0    38
   39 C    38    40    45    39
   40 U    39    41     0    40
   41 U    40    42     0    41
   42 U    41    43     0    42
   43 C    42    44     0    43
   44 C    43    45     0    44
   45 G    44    46    39    45
   46 A    45    47     0    46
   47 A    46    48     0    47
   48 C    47    49     0    48
   49 A    48    50     0    49
   50 C    49    51    34    50
   51 G    50    52    33    51
   52 G    51    53    32    52
   53 C    52    54     0    53
   54 C    53    55     0    54
   55 G    54    56    31    55
   56 U    55    57    30    56
   57 G    56    58    29    57
   58 A    57    59    27    58
   59 A    58    60     0    59
   60 A    59    61     0    60
   61 C    60    62    24    61
   62 G    61    63    23    62
   63 C    62    64    22    63
   64 C    63    65    21    64
   65 C    64    66    20    65
   66 C    65    67    19    66
   67 A    66    68     0    67
   68 G    67    69    18    68
   69 C    68    70    17    69
   70 G    69    71    16    70
   71 C    70    72   106    71
   72 C    71    73   105    72
   73 A    72    74     0    73
   74 A    73    75   103    74
   75 U    74    76   102    75
   76 G    75    77     0    76
   77 G    76    78     0    77
   78 U    77    79     0    78
   79 A    78    80     0    79
   80 C    79    81    97    80
   81 U    80    82    96    81
   82 U    81    83     0    82
   83 C    82    84    94    83
   84 G    83    85    93    84
   85 U    84    86    92    85
   86 C    85    87    91    86
   87 U    86    88     0    87
   88 C    87    89     0    88
   89 A    88    90     0    89
   90 A    89    91     0    90
   91 G    90    92    86    91
   92 A    91    93    85    92
   93 C    92    94    84    93
   94 G    93    95    83    94
   95 C    94    96     0    95
   96 G    95    97    81    96
   97 G    96    98    80    97
   98 G    97    99     0    98
   99 A    98   100     0    99
  100 G    99   101     0   100
  101 A   100   102     0   101
  102 G   101   103    75   102
  103 U   102   104    74   103
  104 A   103   105     0   104
  105 G   104   106    72   105
  106 G   105   107    71   106
  107 U   106   108    14   107
  108 C   107   109     0   108
  109 G   108   110    12   109
  110 C   109   111    11   110
  111 U   110   112     0   111
  112 G   111   113     0   112
  113 C   112   114     8   113
  114 C   113   115     7   114
  115 A   114   116     6   115
  116 G   115   117     5   116
  117 G   116   118     4   117
  118 U   117   119     3   118
  119 C   118   120     2   119
  120 U   119   121     0   120
Structure        6     -42.30       0.46596E-07
    1 C     0     2     0     1
    2 G     1     3   119     2
    3 A     2     4   118     3
    4 C     3     5   117     4
    5 C     4     6   116     5
    6 U     5     7   115     6
    7 G     6     8   114     7
    8 G     7     9   113     8
    9 U     8    10     0     9
   10 G     9    11     0    10
   11 G    10    12   110    11
   12 U    11    13   109    12
   13 C    12    14     0    13
   14 A    13    15     0    14
   15 U    14    16     0    15
   16 C    15    17     0    16
   17 G    16    18    69    17
   18 C    17    19    68    18
   19 G    18    20    66    19
   20 G    19    21    65    20
   21 G    20    22    64    21
   22 G    21    23    63    22
   23 C    22    24    62    23
   24 G    23    25    61    24
   25 G    24    26     0    25
   26 C    25    27     0    26
   27 U    26    28     0    27
   28 G    27    29     0    28
   29 C    28    30    57    29
   30 A    29    31    56    30
   31 C    30    32    55    31
   32 C    31    33    52    32
   33 C    32    34    51    33
   34 G    33    35    50    34
   35 U    34    36     0    35
   36 U    35    37     0    36
   37 C    36    38     0    37
   38 C    37    39     0    38
   39 C    38    40     0    39
   40 U    39    41     0    40
   41 U    40    42     0    41
   42 U    41    43     0    42
   43 C    42    44     0    43
   44 C    43    45     0    44
   45 G    44    46     0    45
   46 A    45    47     0    46
   47 A    46    48     0    47
   48 C    47    49     0    48
   49 A    48    50     0    49
   50 C    49    51    34    50
   51 G    50    52    33    51
   52 G    51    53    32    52
   53 C    52    54     0    53
   54 C    53    55     0    54
   55 G    54    56    31    55
   56 U    55    57    30    56
   57 G    56    58    29    57
   58 A    57    59     0    58
   59 A    58    60     0    59
   60 A    59    61     0    60
   61 C    60    62    24    61
   62 G    61    63    23    62
   63 C    62    64    22    63
   64 C    63    65    21    64
   65 C    64    66    20    65
   66 C    65    67    19    66
   67 A    66    68     0    67
   68 G    67    69    18    68
   69 C    68    70    17    69
   70 G    69    71   107    70
   71 C    70    72   106    71
   72 C    71    73   105    72
   73 A    72    74     0    73
   74 A    73    75     0    74
   75 U    74    76     0    75
   76 G    75    77    83    76
   77 G    76    78    82    77
   78 U    77    79     0    78
   79 A    78    80     0    79
   80 C    79    81     0    80
   81 U    80    82     0    81
   82 U    81    83    77    82
   83 C    82    84    76    83
   84 G    83    85     0    84
   85 U    84    86   101    85
   86 C    85    87   100    86
   87 U    86    88    99    87
   88 C    87    89    98    88
   89 A    88    90     0    89
   90 A    89    91     0    90
   91 G    90    92     0    91
   92 A    91    93     0    92
   93 C    92    94     0    93
   94 G    93    95     0    94
   95 C    94    96     0    95
   96 G    95    97     0    96
   97 G    96    98     0    97
   98 G    97    99    88    98
   99 A    98   100    87    99
  100 G    99   101    86   100
  101 A   100   102    85   101
  102 G   101   103     0   102
  103 U   102   104     0   103
  104 A   103   105     0   104
  105 G   104   106    72   105
  106 G   105   107    71   106
  107 U   106   108    70   107
  108 C   107   109     0   108
  109 G   108   110    12   109
  110 C   109   111    11   110
  111 U   110   112     0   111
  112 G   111   113     0   112
  113 C   112   114     8   113
  114 C   113   115     7   114
  115 A   114   116     6   115
  116 G   115   117     5   116
  117 G   116   118     4   117
  118 U   117   119     3   118
  119 C   118   120     2   119
  120 U   119   121     0   120
Structure        7     -40.60       0.66492E-08
    1 C     0     2     0     1
    2 G     1     3   119     2
    3 A     2     4   118     3
    4 C     3     5   117     4
    5 C     4     6   116     5
    6 U     5     7   115     6
    7 G     6     8   114     7
    8 G     7     9   113     8
    9 U     8    10   112     9
   10 G     9    11   111    10
   11 G    10    12   110    11
   12 U    11    13   109    12
   13 C    12    14     0    13
   14 A    13    15   107    14
   15 U    14    16   106    15
   16 C    15    17    70    16
   17 G    16    18    69    17
   18 C    17    19    68    18
   19 G    18    20    66    19
   20 G    19    21    65    20
   21 G    20    22    64    21
   22 G    21    23    63    22
   23 C    22    24    62    23
   24 G    23    25    61    24
   25 G    24    26    56    25
   26 C    25    27    55    26
   27 U    26    28     0    27
   28 G    27    29    53    28
   29 C    28    30    52    29
   30 A    29    31     0    30
   31 C    30    32     0    31
   32 C    31    33     0    32
   33 C    32    34     0    33
   34 G    33    35    48    34
   35 U    34    36    47    35
   36 U    35    37    46    36
   37 C    36    38    45    37
   38 C    37    39     0    38
   39 C    38    40     0    39
   40 U    39    41     0    40
   41 U    40    42     0    41
   42 U    41    43     0    42
   43 C    42    44     0    43
   44 C    43    45     0    44
   45 G    44    46    37    45
   46 A    45    47    36    46
   47 A    46    48    35    47
   48 C    47    49    34    48
   49 A    48    50     0    49
   50 C    49    51     0    50
   51 G    50    52     0    51
   52 G    51    53    29    52
   53 C    52    54    28    53
   54 C    53    55     0    54
   55 G    54    56    26    55
   56 U    55    57    25    56
   57 G    56    58     0    57
   58 A    57    59     0    58
   59 A    58    60     0    59
   60 A    59    61     0    60
   61 C    60    62    24    61
   62 G    61    63    23    62
   63 C    62    64    22    63
   64 C    63    65    21    64
   65 C    64    66    20    65
   66 C    65    67    19    66
   67 A    66    68     0    67
   68 G    67    69    18    68
   69 C    68    70    17    69
   70 G    69    71    16    70
   71 C    70    72     0    71
   72 C    71    73     0    72
   73 A    72    74     0    73
   74 A    73    75     0    74
   75 U    74    76     0    75
   76 G    75    77     0    76
   77 G    76    78     0    77
   78 U    77    79   104    78
   79 A    78    80   103    79
   80 C    79    81   102    80
   81 U    80    82     0    81
   82 U    81    83   100    82
   83 C    82    84    94    83
   84 G    83    85    93    84
   85 U    84    86    92    85
   86 C    85    87    91    86
   87 U    86    88     0    87
   88 C    87    89     0    88
   89 A    88    90     0    89
   90 A    89    91     0    90
   91 G    90    92    86    91
   92 A    91    93    85    92
   93 C    92    94    84    93
   94 G    93    95    83    94
   95 C    94    96     0    95
   96 G    95    97     0    96
   97 G    96    98     0    97
   98 G    97    99     0    98
   99 A    98   100     0    99
  100 G    99   101    82   100
  101 A   100   102     0   101
  102 G   101   103    80   102
  103 U   102   104    79   103
  104 A   103   105    78   104
  105 G   104   106     0   105
  106 G   105   107    15   106
  107 U   106   108    14   107
  108 C   107   109     0   108
  109 G   108   110    12   109
  110 C   109   111    11   110
  111 U   110   112    10   111
  112 G   111   113     9   112
  113 C   112   114     8   113
  114 C   113   115     7   114
  115 A   114   116     6   115
  116 G   115   117     5   116
  117 G   116   118     4   117
  118 U   117   119     3   118
  119 C   118   120     2   119
  120 U   119   121     0   120
Structure        8     -38.60       0.11512E-09
    1 C     0     2     0     1
    2 G     1     3   119     2
    3 A     2     4   118     3
    4 C     3     5   117     4
    5 C     4     6   116     5
    6 U     5     7   115     6
    7 G     6     8   114     7
    8 G     7     9   113     8
    9 U     8    10   112     9
   10 G     9    11   111    10
   11 G    10    12   110    11
   12 U    11    13     0    12
   13 C    12    14     0    13
   14 A    13    15   107    14
   15 U    14    16   106    15
   16 C    15    17    70    16
   17 G    16    18    69    17
   18 C    17    19    68    18
   19 G    18    20    66    19
   20 G    19    21    65    20
   21 G    20    22    64    21
   22 G    21    23    63    22
   23 C    22    24    62    23
   24 G    23    25    61    24
   25 G    24    26     0    25
   26 C    25    27     0    26
   27 U    26    28     0    27
   28 G    27    29    56    28
   29 C    28    30    55    29
   30 A    29    31     0    30
   31 C    30    32     0    31
   32 C    31    33    52    32
   33 C    32    34    51    33
   34 G    33    35    50    34
   35 U    34    36     0    35
   36 U    35    37     0    36
   37 C    36    38     0    37
   38 C    37    39    45    38
   39 C    38    40     0    39
   40 U    39    41     0    40
   41 U    40    42     0    41
   42 U    41    43     0    42
   43 C    42    44     0    43
   44 C    43    45     0    44
   45 G    44    46    38    45
   46 A    45    47     0    46
   47 A    46    48     0    47
   48 C    47    49     0    48
   49 A    48    50     0    49
   50 C    49    51    34    50
   51 G    50    52    33    51
   52 G    51    53    32    52
   53 C    52    54     0    53
   54 C    53    55     0    54
   55 G    54    56    29    55
   56 U    55    57    28    56
   57 G    56    58     0    57
   58 A    57    59     0    58
   59 A    58    60     0    59
   60 A    59    61     0    60
   61 C    60    62    24    61
   62 G    61    63    23    62
   63 C    62    64    22    63
   64 C    63    65    21    64
   65 C    64    66    20    65
   66 C    65    67    19    66
   67 A    66    68     0    67
   68 G    67    69    18    68
   69 C    68    70    17    69
   70 G    69    71    16    70
   71 C    70    72     0    71
   72 C    71    73     0    72
   73 A    72    74     0    73
   74 A    73    75   103    74
   75 U    74    76   102    75
   76 G    75    77     0    76
   77 G    76    78     0    77
   78 U    77    79     0    78
   79 A    78    80     0    79
   80 C    79    81    98    80
   81 U    80    82    97    81
   82 U    81    83    96    82
   83 C    82    84    94    83
   84 G    83    85    93    84
   85 U    84    86    92    85
   86 C    85    87    91    86
   87 U    86    88     0    87
   88 C    87    89     0    88
   89 A    88    90     0    89
   90 A    89    91     0    90
   91 G    90    92    86    91
   92 A    91    93    85    92
   93 C    92    94    84    93
   94 G    93    95    83    94
   95 C    94    96     0    95
   96 G    95    97    82    96
   97 G    96    98    81    97
   98 G    97    99    80    98
   99 A    98   100     0    99
  100 G    99   101     0   100
  101 A   100   102     0   101
  102 G   101   103    75   102
  103 U   102   104    74   103
  104 A   103   105     0   104
  105 G   104   106     0   105
  106 G   105   107    15   106
  107 U   106   108    14   107
  108 C   107   109     0   108
  109 G   108   110     0   109
  110 C   109   111    11   110
  111 U   110   112    10   111
  112 G   111   113     9   112
  113 C   112   114     8   113
  114 C   113   115     7   114
  115 A   114   116     6   115
  116 G   115   117     5   116
  117 G   116   118     4   117
  118 U   117   119     3   118
  119 C   118   120     2   119
  120 U   119   121     0   120
Structure        9     -37.40       0.31437E-10
    1 C     0     2     0     1
    2 G     1     3   119     2
    3 A     2     4   118     3
    4 C     3     5   117     4
    5 C     4     6   116     5
    6 U     5     7   115     6
    7 G     6     8   114     7
    8 G     7     9   113     8
    9 U     8    10   112     9
   10 G     9    11     0    10
   11 G    10    12    16    11
   12 U    11    13     0    12
   13 C    12    14     0    13
   14 A    13    15     0    14
   15 U    14    16     0    15
   16 C    15    17    11    16
   17 G    16    18     0    17
   18 C    17    19     0    18
   19 G    18    20    66    19
   20 G    19    21    65    20
   21 G    20    22    64    21
   22 G    21    23    63    22
   23 C    22    24    62    23
   24 G    23    25    61    24
   25 G    24    26     0    25
   26 C    25    27     0    26
   27 U    26    28     0    27
   28 G    27    29     0    28
   29 C    28    30    57    29
   30 A    29    31    56    30
   31 C    30    32    55    31
   32 C    31    33    52    32
   33 C    32    34    51    33
   34 G    33    35    50    34
   35 U    34    36    49    35
   36 U    35    37    46    36
   37 C    36    38    45    37
   38 C    37    39     0    38
   39 C    38    40     0    39
   40 U    39    41     0    40
   41 U    40    42     0    41
   42 U    41    43     0    42
   43 C    42    44     0    43
   44 C    43    45     0    44
   45 G    44    46    37    45
   46 A    45    47    36    46
   47 A    46    48     0    47
   48 C    47    49     0    48
   49 A    48    50    35    49
   50 C    49    51    34    50
   51 G    50    52    33    51
   52 G    51    53    32    52
   53 C    52    54     0    53
   54 C    53    55     0    54
   55 G    54    56    31    55
   56 U    55    57    30    56
   57 G    56    58    29    57
   58 A    57    59     0    58
   59 A    58    60     0    59
   60 A    59    61     0    60
   61 C    60    62    24    61
   62 G    61    63    23    62
   63 C    62    64    22    63
   64 C    63    65    21    64
   65 C    64    66    20    65
   66 C    65    67    19    66
   67 A    66    68   111    67
   68 G    67    69   110    68
   69 C    68    70   109    69
   70 G    69    71   108    70
   71 C    70    72     0    71
   72 C    71    73     0    72
   73 A    72    74     0    73
   74 A    73    75     0    74
   75 U    74    76     0    75
   76 G    75    77     0    76
   77 G    76    78     0    77
   78 U    77    79   100    78
   79 A    78    80     0    79
   80 C    79    81    97    80
   81 U    80    82     0    81
   82 U    81    83     0    82
   83 C    82    84    94    83
   84 G    83    85    93    84
   85 U    84    86    92    85
   86 C    85    87    91    86
   87 U    86    88     0    87
   88 C    87    89     0    88
   89 A    88    90     0    89
   90 A    89    91     0    90
   91 G    90    92    86    91
   92 A    91    93    85    92
   93 C    92    94    84    93
   94 G    93    95    83    94
   95 C    94    96     0    95
   96 G    95    97     0    96
   97 G    96    98    80    97
   98 G    97    99     0    98
   99 A    98   100     0    99
  100 G    99   101    78   100
  101 A   100   102     0   101
  102 G   101   103     0   102
  103 U   102   104     0   103
  104 A   103   105     0   104
  105 G   104   106     0   105
  106 G   105   107     0   106
  107 U   106   108     0   107
  108 C   107   109    70   108
  109 G   108   110    69   109
  110 C   109   111    68   110
  111 U   110   112    67   111
  112 G   111   113     9   112
  113 C   112   114     8   113
  114 C   113   115     7   114
  115 A   114   116     6   115
  116 G   115   117     5   116
  117 G   116   118     4   117
  118 U   117   119     3   118
  119 C   118   120     2   119
  120 U   119   121     0   120
Structure       10     -34.20       0.40587E-13
    1 C     0     2     0     1
    2 G     1     3   119     2
    3 A     2     4   118     3
    4 C     3     5   117     4
    5 C     4     6   116     5
    6 U     5     7   115     6
    7 G     6     8   114     7
    8 G     7     9   113     8
    9 U     8    10   112     9
   10 G     9    11   111    10
   11 G    10    12   110    11
   12 U    11    13   109    12
   13 C    12    14     0    13
   14 A    13    15   107    14
   15 U    14    16   106    15
   16 C    15    17   105    16
   17 G    16    18   103    17
   18 C    17    19   102    18
   19 G    18    20     0    19
   20 G    19    21    39    20
   21 G    20    22    38    21
   22 G    21    23    37    22
   23 C    22    24    34    23
   24 G    23    25    32    24
   25 G    24    26    31    25
   26 C    25    27     0    26
   27 U    26    28     0    27
   28 G    27    29     0    28
   29 C    28    30     0    29
   30 A    29    31     0    30
   31 C    30    32    25    31
   32 C    31    33    24    32
   33 C    32    34     0    33
   34 G    33    35    23    34
   35 U    34    36     0    35
   36 U    35    37     0    36
   37 C    36    38    22    37
   38 C    37    39    21    38
   39 C    38    40    20    39
   40 U    39    41     0    40
   41 U    40    42     0    41
   42 U    41    43     0    42
   43 C    42    44     0    43
   44 C    43    45   100    44
   45 G    44    46     0    45
   46 A    45    47     0    46
   47 A    46    48     0    47
   48 C    47    49    57    48
   49 A    48    50    56    49
   50 C    49    51    55    50
   51 G    50    52     0    51
   52 G    51    53     0    52
   53 C    52    54     0    53
   54 C    53    55     0    54
   55 G    54    56    50    55
   56 U    55    57    49    56
   57 G    56    58    48    57
   58 A    57    59     0    58
   59 A    58    60     0    59
   60 A    59    61     0    60
   61 C    60    62     0    61
   62 G    61    63     0    62
   63 C    62    64     0    63
   64 C    63    65    98    64
   65 C    64    66    97    65
   66 C    65    67    96    66
   67 A    66    68     0    67
   68 G    67    69    80    68
   69 C    68    70     0    69
   70 G    69    71    78    70
   71 C    70    72    77    71
   72 C    71    73    76    72
   73 A    72    74     0    73
   74 A    73    75     0    74
   75 U    74    76     0    75
   76 G    75    77    72    76
   77 G    76    78    71    77
   78 U    77    79    70    78
   79 A    78    80     0    79
   80 C    79    81    68    80
   81 U    80    82     0    81
   82 U    81    83     0    82
   83 C    82    84    94    83
   84 G    83    85    93    84
   85 U    84    86    92    85
   86 C    85    87    91    86
   87 U    86    88     0    87
   88 C    87    89     0    88
   89 A    88    90     0    89
   90 A    89    91     0    90
   91 G    90    92    86    91
   92 A    91    93    85    92
   93 C    92    94    84    93
   94 G    93    95    83    94
   95 C    94    96     0    95
   96 G    95    97    66    96
   97 G    96    98    65    97
   98 G    97    99    64    98
   99 A    98   100     0    99
  100 G    99   101    44   100
  101 A   100   102     0   101
  102 G   101   103    18   102
  103 U   102   104    17   103
  104 A   103   105     0   104
  105 G   104   106    16   105
  106 G   105   107    15   106
  107 U   106   108    14   107
  108 C   107   109     0   108
  109 G   108   110    12   109
  110 C   109   111    11   110
  111 U   110   112    10   111
  112 G   111   113     9   112
  113 C   112   114     8   113
  114 C   113   115     7   114
  115 A   114   116     6   115
  116 G   115   117     5   116
  117 G   116   118     4   117
  118 U   117   119     3   118
  119 C   118   120     2   119
  120 U   119   121     0   120
