1 58
2 9
3 119
4 17
5 15
6 20
7 46
8 17
9 33
10 28
11 23
12 25
13 24
14 26
15 29
16 10
17 24
18 50
19 33
20 27
21 27
22 20
23 103
24 27
25 26
26 25
27 176
28 31
29 14
30 33
31 25
32 22
33 22
34 16
35 36
36 38
37 71
38 24
39 66
40 154
41 154
42 26
43 20
44 60
45 26
46 21
47 26
48 27
49 27
50 26
51 34
52 40
53 38
54 30
55 43
56 20
57 28
58 20
59 12
60 19
61 37
62 18
63 25
64 82
65 22
66 14
67 68
68 26
69 41
70 23
71 38
72 24
73 23
74 25
75 87
76 18
77 36
78 25
79 25
80 12
81 22
82 28
83 18
84 36
85 64
86 68
87 71
88 169
89 26
90 35
91 31
92 22
93 21
94 64
95 31
96 11
97 158
98 181
99 172
100 45
101 69
102 26
103 23
104 17
105 41
106 28
107 21
108 32
109 59
110 30
111 85
112 42
113 31
114 27
115 39
116 33
117 170
118 17
119 18
120 26
121 37
122 31
123 68
124 22
125 34
126 40
127 23
128 34
129 24
130 26
131 22
132 45
133 169
134 53
135 23
136 19
137 14
138 39
139 22
140 28
141 28
142 16
143 33
144 20
145 24
146 11
147 41
148 44
149 27
150 44
151 34
152 29
153 42
154 135
155 157
156 72
157 114
158 196
159 16
160 21
161 34
162 11
163 36
164 27
165 35
166 19
167 32
168 24
169 34
170 30
171 37
172 82
173 21
174 23
175 23
176 83
177 33
178 23
179 40
180 26
181 44
182 110
183 45
184 27
185 20
186 75
187 32
188 46
189 42
190 30
191 23
192 41
193 13
194 31
195 16
196 31
197 22
198 29
199 93
200 28
201 155
202 14
203 29
204 41
205 74
206 34
207 30
208 17
209 186
210 11
211 32
212 25
213 15
214 31
215 41
216 28
217 164
218 44
219 164
220 27
221 38
222 41
223 38
224 13
225 23
226 26
227 52
228 21
229 31
230 73
231 33
232 28
233 30
234 20
235 91
236 35
237 31
238 33
239 26
240 50
241 41
242 93
243 39
244 52
245 65
246 43
247 29
248 36
249 18
250 69
251 29
252 20
253 159
254 18
255 133
256 23
257 31
258 71
259 176
260 34
261 20
262 40
263 35
264 35
265 110
266 21
267 74
268 29
269 168
270 30
271 41
272 16
273 90
274 25
275 31
276 22
277 34
278 16
279 28
280 53
281 13
282 47
283 56
284 28
285 110
286 48
287 93
288 53
289 38
290 31
291 41
292 37
293 163
294 14
295 16
296 28
297 36
298 33
299 26
300 19
301 65
302 28
303 14
304 41
305 27
306 26
307 31
308 30
309 36
310 18
311 25
312 12
313 25
314 27
315 27
316 44
317 21
318 70
319 60
320 44
321 151
322 14
323 35
324 38
325 67
326 14
327 44
328 46
329 19
330 16
331 35
332 52
333 12
334 16
335 16
336 155
337 39
338 35
339 104
340 35
341 99
342 14
343 19
344 50
345 165
346 40
347 23
348 39
349 51
350 30
351 63
352 9
353 31
354 24
355 17
356 29
357 42
358 40
359 26
360 25
361 47
362 23
363 42
364 66
365 32
366 22
367 58
368 20
369 21
370 36
371 11
372 29
373 23
374 42
375 12
376 34
377 20
378 12
379 21
380 66
381 101
382 12
383 40
384 24
385 32
386 33
387 33
388 33
389 17
390 50
391 33
392 28
393 160
394 15
395 14
396 38
397 42
398 39
399 81
400 35
401 57
402 41
403 60
404 45
405 18
406 59
407 32
408 11
409 24
410 25
411 52
412 37
413 160
414 35
415 92
416 30
417 22
418 11
419 24
420 24
421 31
422 36
423 43
424 38
425 31
426 23
427 24
428 16
429 46
430 105
431 32
432 26
433 41
434 26
435 16
436 36
437 23
438 35
439 29
440 29
441 37
442 97
443 78
444 12
445 18
446 32
447 52
448 17
449 18
450 61
451 9
452 38
453 25
454 77
455 35
456 19
457 37
458 26
459 45
460 29
461 24
462 83
463 25
464 53
465 41
466 29
467 86
468 40
469 14
470 15
471 29
472 42
473 14
474 36
475 15
476 19
477 30
478 85
479 36
480 16
481 23
482 17
483 14
484 16
485 23
486 55
487 16
488 22
489 42
490 22
491 45
492 29
493 14
494 27
495 42
496 129
497 34
498 147
499 17
500 31
501 73
502 38
503 199
504 26
505 23
506 17
507 25
508 24
509 68
510 34
511 19
512 23
513 67
514 162
515 32
516 11
517 27
518 42
519 27
520 32
521 31
522 16
523 91
524 50
525 51
526 16
527 59
528 18
529 30
530 12
531 10
532 18
533 44
534 27
535 27
536 155
537 42
538 31
539 20
540 111
541 15
542 23
543 39
544 75
545 29
546 66
547 155
548 34
549 34
550 28
551 31
552 23
553 35
554 39
555 72
556 39
557 37
558 68
559 33
560 104
561 24
562 14
563 77
564 28
565 36
566 35
567 28
568 32
569 40
570 29
571 24
572 27
573 18
574 42
575 24
576 43
577 67
578 111
579 36
580 39
581 37
582 39
583 24
584 24
585 7
586 29
587 152
588 27
589 14
590 38
591 41
592 18
593 59
594 32
595 34
596 82
597 18
598 36
599 22
600 27
601 155
602 9
603 113
604 18
605 22
606 34
607 45
608 27
609 36
610 29
611 19
612 71
613 29
614 16
615 33
616 38
617 29
618 37
619 47
620 25
621 21
622 78
623 23
624 61
625 157
626 26
627 12
628 93
629 20
630 16
631 26
632 32
633 20
634 36
635 88
636 89
637 44
638 150
639 26
640 18
641 16
642 18
643 42
644 32
645 26
646 26
647 21
648 27
649 39
650 28
651 71
652 34
653 19
654 31
655 16
656 29
657 109
658 25
659 37
660 85
661 19
662 25
663 106
664 19
665 16
666 34
667 28
668 32
669 24
670 48
671 24
672 23
673 24
674 11
675 108
676 18
677 31
678 68
679 22
680 47
681 33
682 78
683 34
684 15
685 23
686 63
687 162
688 18
689 40
690 63
691 16
692 24
693 165
694 168
695 15
696 48
697 69
698 17
699 40
700 33
701 41
702 85
703 20
704 24
705 36
706 37
707 20
708 31
709 74
710 55
711 15
712 18
713 42
714 68
715 48
716 30
717 23
718 43
719 26
720 98
721 22
722 24
723 30
724 35
725 37
726 23
727 13
728 27
729 38
730 49
731 51
732 169
733 35
734 19
735 18
736 44
737 20
738 30
739 69
740 25
741 18
742 19
743 24
744 37
745 16
746 26
747 12
748 37
749 23
750 15
751 38
752 72
753 71
754 83
755 33
756 9
757 26
758 64
759 20
760 157
761 26
762 33
763 28
764 20
765 64
766 34
767 44
768 49
769 21
770 66
771 86
772 20
773 21
774 12
775 62
776 90
777 38
778 40
779 96
780 21
781 26
782 11
783 37
784 20
785 147
786 106
787 15
788 37
789 22
790 69
791 64
792 150
793 61
794 21
795 15
796 67
797 24
798 29
799 15
800 34
801 156
802 39
803 25
804 32
805 29
806 30
807 41
808 22
809 104
810 32
811 51
812 29
813 35
814 12
815 32
816 34
817 20
818 30
819 35
820 37
821 46
822 170
823 22
824 80
825 32
826 25
827 21
828 23
829 30
830 24
831 100
832 78
833 62
834 30
835 29
836 23
837 24
838 17
839 167
840 43
841 187
842 31
843 34
844 20
845 40
846 21
847 154
848 39
849 69
850 24
851 65
852 37
853 12
854 25
855 37
856 23
857 28
858 168
859 20
860 24
861 72
862 73
863 152
864 63
865 153
866 34
867 94
868 71
869 39
870 41
871 167
872 21
873 94
874 33
875 79
876 41
877 29
878 26
879 24
880 25
881 69
882 24
883 35
884 33
885 14
886 43
887 40
888 40
889 28
890 22
891 37
892 105
893 29
894 28
895 13
896 33
897 152
898 68
899 23
900 16
901 8
902 27
903 20
904 50
905 24
906 38
907 37
908 27
909 22
910 22
911 34
912 26
913 97
914 20
915 21
916 93
917 26
918 121
919 23
920 27
921 151
922 52
923 39
924 30
925 97
926 39
927 26
928 34
929 30
930 40
931 65
932 28
933 33
934 75
935 29
936 43
937 34
938 29
939 46
940 16
941 90
942 19
943 26
944 127
945 70
946 24
947 115
948 50
949 15
950 152
951 90
952 12
953 31
954 54
955 18
956 17
957 155
958 34
959 40
960 37
961 64
962 65
963 26
964 27
965 19
966 166
967 26
968 9
969 27
970 29
971 7
972 77
973 42
974 23
975 30
976 26
977 48
978 40
979 18
980 42
981 16
982 10
983 17
984 31
985 148
986 31
987 68
988 29
989 20
990 45
991 26
992 42
993 43
994 34
995 22
996 26
997 26
998 25
999 12
1000 21
1001 0
