    0   0.00300000
    1   0.02900000
    2   0.02900000
    3   0.04200000
    4   0.04400000
    5   0.11800000
    6   0.15300000
    7   0.22500000
    8   0.48000000
    9   0.51700000
   10   0.59300000
   11   0.61800000
   12   0.68000000
   13   0.73100000
   14   0.80400000
   15   0.82400000
   16   0.84100000
   17   0.86500000
   18   0.87600000
   19   0.90000000
   20   0.91000000
   21   0.92600000
   22   0.93700000
   23   0.94700000
   24   0.96000000
   25   0.96700000
   26   0.97300000
   27   0.97700000
   28   0.98100000
   29   0.98300000
   30   0.98500000
   31   0.98800000
   32   0.98800000
   33   0.98800000
   34   0.99200000
   35   0.99300000
   36   0.99300000
   37   0.99400000
   38   0.99500000
   39   0.99700000
   40   0.99700000
   41   0.99700000
   42   0.99800000
   43   0.99800000
   44   0.99800000
   45   0.99800000
   46   0.99900000
   47   0.99900000
   48   0.99900000
   49   0.99900000
   50   1.00000000
   51   1.00000000
   52   1.00000000
   53   1.00000000
   54   1.00000000
   55   1.00000000
   56   1.00000000
   57   1.00000000
   58   1.00000000
   59   1.00000000
   60   1.00000000
   61   1.00000000
   62   1.00000000
   63   1.00000000
   64   1.00000000
   65   1.00000000
   66   1.00000000
   67   1.00000000
   68   1.00000000
   69   1.00000000
   70   1.00000000
   71   1.00000000
   72   1.00000000
   73   1.00000000
   74   1.00000000
   75   1.00000000
   76   1.00000000
   77   1.00000000
   78   1.00000000
   79   1.00000000
   80   1.00000000
   81   1.00000000
   82   1.00000000
   83   1.00000000
   84   1.00000000
   85   1.00000000
   86   1.00000000
   87   1.00000000
   88   1.00000000
   89   1.00000000
   90   1.00000000
   91   1.00000000
   92   1.00000000
   93   1.00000000
   94   1.00000000
   95   1.00000000
   96   1.00000000
   97   1.00000000
   98   1.00000000
   99   1.00000000
  100   1.00000000
