   1     -49.30
   2     -45.90
   3     -46.40
   4     -49.50
   5     -47.50
   6     -42.00
   7     -49.10
   8     -48.80
   9     -42.50
  10     -49.50
  11     -48.90
  12     -47.60
  13     -47.20
  14     -46.80
  15     -43.80
  16     -40.60
  17     -46.60
  18     -45.30
  19     -47.70
  20     -47.40
  21     -45.50
  22     -45.90
  23     -45.90
  24     -41.80
  25     -44.20
  26     -44.90
  27     -43.60
  28     -44.70
  29     -50.40
  30     -44.60
  31     -49.50
  32     -45.80
  33     -47.60
  34     -46.50
  35     -42.40
  36     -41.40
  37     -45.20
  38     -45.90
  39     -42.80
  40     -45.10
  41     -48.00
  42     -46.70
  43     -48.90
  44     -48.20
  45     -44.90
  46     -48.50
  47     -43.30
  48     -48.60
  49     -48.70
  50     -40.90
  51     -42.30
  52     -44.20
  53     -43.10
  54     -46.20
  55     -44.60
  56     -47.50
  57     -44.70
  58     -46.10
  59     -39.20
  60     -46.30
  61     -46.50
  62     -48.80
  63     -50.40
  64     -48.60
  65     -43.50
  66     -43.60
  67     -43.70
  68     -45.90
  69     -42.50
  70     -49.20
  71     -45.80
  72     -46.10
  73     -45.70
  74     -48.50
  75     -44.20
  76     -47.20
  77     -45.40
  78     -44.10
  79     -47.80
  80     -43.70
  81     -37.00
  82     -45.20
  83     -43.80
  84     -42.90
  85     -46.30
  86     -46.30
  87     -44.50
  88     -48.40
  89     -50.50
  90     -45.00
  91     -47.90
  92     -45.10
  93     -46.30
  94     -48.90
  95     -44.10
  96     -42.70
  97     -48.50
  98     -47.40
  99     -48.90
 100     -48.40
 101     -49.70
 102     -46.60
 103     -48.50
 104     -47.20
 105     -46.80
 106     -49.00
 107     -50.40
 108     -45.00
 109     -46.60
 110     -44.20
 111     -48.10
 112     -47.90
 113     -48.30
 114     -46.10
 115     -42.40
 116     -45.60
 117     -47.60
 118     -46.30
 119     -45.30
 120     -45.50
 121     -43.00
 122     -46.90
 123     -44.80
 124     -44.80
 125     -48.80
 126     -46.50
 127     -47.70
 128     -41.70
 129     -48.80
 130     -44.00
 131     -47.40
 132     -45.60
 133     -47.80
 134     -47.40
 135     -50.40
 136     -48.10
 137     -48.30
 138     -42.50
 139     -46.10
 140     -48.10
 141     -46.20
 142     -46.60
 143     -44.40
 144     -48.10
 145     -48.50
 146     -48.50
 147     -47.90
 148     -46.60
 149     -44.80
 150     -47.00
 151     -44.70
 152     -43.90
 153     -45.90
 154     -38.60
 155     -49.40
 156     -43.60
 157     -43.20
 158     -46.50
 159     -49.10
 160     -46.90
 161     -47.30
 162     -43.70
 163     -45.10
 164     -47.60
 165     -45.40
 166     -47.80
 167     -47.10
 168     -47.40
 169     -47.30
 170     -47.40
 171     -42.70
 172     -48.00
 173     -47.90
 174     -42.10
 175     -47.50
 176     -45.10
 177     -46.90
 178     -42.10
 179     -48.70
 180     -50.40
 181     -49.10
 182     -47.40
 183     -46.80
 184     -44.20
 185     -48.90
 186     -43.00
 187     -44.50
 188     -43.60
 189     -44.90
 190     -45.90
 191     -47.50
 192     -45.70
 193     -47.90
 194     -47.10
 195     -46.60
 196     -44.50
 197     -45.20
 198     -47.90
 199     -50.40
 200     -50.50
 201     -46.60
 202     -45.60
 203     -45.20
 204     -48.50
 205     -45.30
 206     -46.70
 207     -47.80
 208     -49.60
 209     -48.00
 210     -50.40
 211     -44.30
 212     -40.10
 213     -47.40
 214     -48.90
 215     -44.60
 216     -50.40
 217     -42.30
 218     -40.00
 219     -43.30
 220     -49.70
 221     -46.60
 222     -49.70
 223     -49.20
 224     -44.60
 225     -47.50
 226     -44.10
 227     -45.90
 228     -44.60
 229     -46.40
 230     -45.60
 231     -46.80
 232     -47.50
 233     -49.40
 234     -41.50
 235     -43.70
 236     -45.20
 237     -46.60
 238     -40.80
 239     -43.50
 240     -48.90
 241     -48.40
 242     -47.70
 243     -45.40
 244     -42.10
 245     -48.20
 246     -49.50
 247     -48.30
 248     -48.20
 249     -46.60
 250     -46.00
 251     -49.30
 252     -50.40
 253     -44.20
 254     -45.70
 255     -47.50
 256     -47.50
 257     -47.60
 258     -46.20
 259     -46.30
 260     -48.20
 261     -48.00
 262     -48.00
 263     -46.50
 264     -50.50
 265     -49.40
 266     -47.90
 267     -47.20
 268     -42.00
 269     -46.90
 270     -46.40
 271     -47.70
 272     -47.80
 273     -47.00
 274     -45.40
 275     -46.10
 276     -47.90
 277     -42.90
 278     -48.20
 279     -47.60
 280     -47.00
 281     -47.50
 282     -46.80
 283     -44.10
 284     -45.40
 285     -45.20
 286     -46.90
 287     -43.40
 288     -49.20
 289     -49.30
 290     -45.60
 291     -47.50
 292     -43.70
 293     -42.60
 294     -47.00
 295     -49.60
 296     -47.10
 297     -46.10
 298     -45.40
 299     -42.70
 300     -44.30
 301     -45.00
 302     -44.60
 303     -49.50
 304     -48.80
 305     -47.10
 306     -46.60
 307     -47.30
 308     -49.40
 309     -46.80
 310     -47.40
 311     -48.30
 312     -48.70
 313     -46.00
 314     -49.60
 315     -50.50
 316     -47.40
 317     -43.40
 318     -44.30
 319     -47.80
 320     -44.40
 321     -45.50
 322     -46.70
 323     -50.50
 324     -49.00
 325     -45.20
 326     -45.70
 327     -45.40
 328     -44.60
 329     -49.10
 330     -44.70
 331     -47.00
 332     -47.40
 333     -46.00
 334     -44.50
 335     -46.70
 336     -47.60
 337     -49.40
 338     -48.70
 339     -46.80
 340     -48.50
 341     -48.90
 342     -48.40
 343     -46.30
 344     -45.70
 345     -49.70
 346     -48.20
 347     -44.60
 348     -50.40
 349     -41.10
 350     -40.90
 351     -50.40
 352     -48.80
 353     -44.20
 354     -43.60
 355     -48.80
 356     -47.30
 357     -47.70
 358     -48.30
 359     -48.10
 360     -45.90
 361     -45.40
 362     -48.30
 363     -49.60
 364     -47.10
 365     -44.90
 366     -48.20
 367     -44.70
 368     -47.60
 369     -44.70
 370     -44.00
 371     -40.50
 372     -44.30
 373     -42.30
 374     -44.90
 375     -46.40
 376     -47.70
 377     -46.00
 378     -44.90
 379     -49.50
 380     -44.40
 381     -48.00
 382     -48.80
 383     -49.50
 384     -45.60
 385     -46.10
 386     -46.30
 387     -48.30
 388     -44.50
 389     -46.30
 390     -48.00
 391     -43.80
 392     -46.60
 393     -50.40
 394     -45.40
 395     -50.40
 396     -40.20
 397     -49.60
 398     -50.50
 399     -45.10
 400     -50.40
 401     -46.80
 402     -48.00
 403     -50.50
 404     -46.40
 405     -46.60
 406     -45.70
 407     -42.60
 408     -50.50
 409     -46.70
 410     -45.10
 411     -46.30
 412     -47.30
 413     -46.00
 414     -41.20
 415     -48.80
 416     -43.40
 417     -47.50
 418     -46.20
 419     -41.00
 420     -48.30
 421     -47.10
 422     -47.80
 423     -49.70
 424     -49.10
 425     -46.30
 426     -44.00
 427     -45.60
 428     -46.20
 429     -46.30
 430     -41.90
 431     -48.40
 432     -48.40
 433     -46.70
 434     -50.40
 435     -44.50
 436     -48.80
 437     -44.80
 438     -47.40
 439     -43.70
 440     -45.20
 441     -44.60
 442     -48.90
 443     -49.60
 444     -47.90
 445     -47.70
 446     -50.50
 447     -47.00
 448     -48.80
 449     -46.90
 450     -48.80
 451     -46.00
 452     -47.70
 453     -49.70
 454     -46.50
 455     -47.00
 456     -46.60
 457     -46.10
 458     -45.90
 459     -42.70
 460     -41.60
 461     -42.70
 462     -50.40
 463     -48.20
 464     -49.00
 465     -48.10
 466     -47.40
 467     -45.60
 468     -45.40
 469     -47.00
 470     -45.50
 471     -46.10
 472     -41.40
 473     -50.50
 474     -46.10
 475     -44.30
 476     -46.20
 477     -48.10
 478     -46.90
 479     -47.50
 480     -46.50
 481     -47.70
 482     -44.40
 483     -48.70
 484     -43.10
 485     -47.70
 486     -47.80
 487     -47.40
 488     -47.40
 489     -46.10
 490     -48.30
 491     -34.20
 492     -45.30
 493     -49.70
 494     -45.50
 495     -48.80
 496     -47.90
 497     -42.80
 498     -48.80
 499     -50.50
 500     -48.50
 501     -49.30
 502     -49.30
 503     -47.00
 504     -45.80
 505     -48.70
 506     -43.60
 507     -46.10
 508     -50.50
 509     -46.70
 510     -48.60
 511     -47.80
 512     -46.90
 513     -48.00
 514     -44.60
 515     -47.60
 516     -44.60
 517     -43.50
 518     -50.50
 519     -43.60
 520     -44.00
 521     -47.40
 522     -50.40
 523     -45.90
 524     -45.50
 525     -48.00
 526     -49.10
 527     -46.30
 528     -47.30
 529     -47.20
 530     -48.80
 531     -48.30
 532     -47.50
 533     -47.40
 534     -41.50
 535     -48.60
 536     -44.60
 537     -43.60
 538     -48.20
 539     -47.10
 540     -45.60
 541     -46.40
 542     -48.90
 543     -45.50
 544     -50.40
 545     -45.30
 546     -47.30
 547     -46.40
 548     -46.90
 549     -49.30
 550     -42.60
 551     -43.90
 552     -47.20
 553     -48.00
 554     -47.70
 555     -50.40
 556     -45.60
 557     -50.50
 558     -43.80
 559     -42.90
 560     -45.60
 561     -47.60
 562     -46.30
 563     -46.20
 564     -48.00
 565     -47.50
 566     -45.20
 567     -48.80
 568     -47.10
 569     -44.10
 570     -47.50
 571     -47.10
 572     -49.60
 573     -47.80
 574     -47.60
 575     -47.30
 576     -46.80
 577     -47.50
 578     -47.00
 579     -44.80
 580     -45.50
 581     -44.00
 582     -45.50
 583     -44.70
 584     -45.90
 585     -41.80
 586     -50.50
 587     -47.50
 588     -48.40
 589     -44.10
 590     -48.50
 591     -50.40
 592     -42.00
 593     -50.40
 594     -45.90
 595     -41.20
 596     -42.60
 597     -47.70
 598     -40.40
 599     -46.70
 600     -50.50
 601     -46.80
 602     -50.50
 603     -49.70
 604     -47.50
 605     -45.30
 606     -46.90
 607     -46.30
 608     -43.70
 609     -47.30
 610     -45.60
 611     -48.10
 612     -43.50
 613     -44.50
 614     -48.70
 615     -45.20
 616     -44.80
 617     -46.70
 618     -45.00
 619     -45.20
 620     -44.70
 621     -47.20
 622     -41.60
 623     -49.40
 624     -45.00
 625     -45.20
 626     -42.20
 627     -48.00
 628     -46.20
 629     -43.20
 630     -44.70
 631     -50.50
 632     -45.80
 633     -44.50
 634     -47.10
 635     -44.10
 636     -45.00
 637     -46.50
 638     -50.40
 639     -42.50
 640     -46.20
 641     -46.30
 642     -47.50
 643     -42.60
 644     -49.20
 645     -44.50
 646     -47.90
 647     -50.50
 648     -49.60
 649     -48.00
 650     -44.40
 651     -48.70
 652     -47.60
 653     -47.80
 654     -48.90
 655     -50.50
 656     -50.50
 657     -47.90
 658     -47.10
 659     -46.20
 660     -49.60
 661     -45.70
 662     -50.40
 663     -44.30
 664     -46.80
 665     -38.50
 666     -50.50
 667     -44.50
 668     -48.40
 669     -49.40
 670     -46.00
 671     -45.70
 672     -47.90
 673     -48.90
 674     -48.60
 675     -48.90
 676     -40.60
 677     -45.60
 678     -47.90
 679     -45.80
 680     -49.30
 681     -47.50
 682     -41.10
 683     -46.10
 684     -49.70
 685     -42.30
 686     -44.50
 687     -45.60
 688     -43.10
 689     -44.50
 690     -50.40
 691     -42.90
 692     -47.90
 693     -44.20
 694     -49.70
 695     -47.70
 696     -46.40
 697     -47.50
 698     -50.40
 699     -42.80
 700     -44.70
 701     -47.50
 702     -47.20
 703     -45.50
 704     -48.20
 705     -44.70
 706     -45.50
 707     -46.90
 708     -43.30
 709     -47.90
 710     -43.00
 711     -47.90
 712     -47.00
 713     -45.40
 714     -46.80
 715     -46.80
 716     -45.30
 717     -48.10
 718     -46.50
 719     -43.50
 720     -50.50
 721     -48.90
 722     -43.00
 723     -43.80
 724     -50.50
 725     -43.00
 726     -44.80
 727     -47.70
 728     -44.40
 729     -39.40
 730     -42.80
 731     -48.80
 732     -47.40
 733     -45.60
 734     -45.60
 735     -48.10
 736     -42.60
 737     -43.10
 738     -46.80
 739     -49.50
 740     -47.00
 741     -49.50
 742     -45.10
 743     -37.00
 744     -47.60
 745     -46.80
 746     -44.90
 747     -46.60
 748     -47.50
 749     -47.20
 750     -45.70
 751     -43.00
 752     -42.30
 753     -46.80
 754     -47.90
 755     -48.60
 756     -48.10
 757     -45.60
 758     -47.60
 759     -48.00
 760     -45.10
 761     -48.20
 762     -47.80
 763     -46.10
 764     -50.50
 765     -50.50
 766     -38.40
 767     -45.20
 768     -47.20
 769     -47.50
 770     -49.20
 771     -42.90
 772     -48.90
 773     -42.50
 774     -49.60
 775     -47.40
 776     -46.90
 777     -49.00
 778     -47.60
 779     -44.10
 780     -46.60
 781     -48.30
 782     -45.90
 783     -43.90
 784     -50.50
 785     -45.90
 786     -46.20
 787     -44.40
 788     -48.80
 789     -50.40
 790     -50.40
 791     -44.50
 792     -44.30
 793     -46.90
 794     -44.40
 795     -48.40
 796     -45.60
 797     -44.70
 798     -46.50
 799     -42.70
 800     -47.60
 801     -49.50
 802     -47.70
 803     -43.60
 804     -45.00
 805     -48.50
 806     -47.00
 807     -44.50
 808     -43.20
 809     -47.50
 810     -43.30
 811     -39.90
 812     -41.40
 813     -43.70
 814     -48.40
 815     -47.40
 816     -46.40
 817     -47.80
 818     -47.20
 819     -45.10
 820     -48.10
 821     -45.10
 822     -47.80
 823     -49.30
 824     -46.00
 825     -49.60
 826     -46.40
 827     -50.50
 828     -49.30
 829     -46.10
 830     -44.90
 831     -47.40
 832     -44.20
 833     -49.40
 834     -44.80
 835     -48.20
 836     -48.20
 837     -46.80
 838     -47.70
 839     -45.40
 840     -44.40
 841     -48.70
 842     -48.30
 843     -46.50
 844     -45.30
 845     -48.20
 846     -47.50
 847     -43.30
 848     -47.90
 849     -47.30
 850     -46.40
 851     -47.50
 852     -47.60
 853     -42.70
 854     -49.50
 855     -45.20
 856     -45.90
 857     -50.40
 858     -46.70
 859     -44.80
 860     -46.80
 861     -47.50
 862     -47.90
 863     -48.00
 864     -44.20
 865     -50.50
 866     -50.40
 867     -46.60
 868     -45.80
 869     -45.80
 870     -46.00
 871     -46.50
 872     -47.50
 873     -47.70
 874     -50.40
 875     -47.30
 876     -44.30
 877     -45.70
 878     -43.80
 879     -47.90
 880     -48.40
 881     -44.50
 882     -49.00
 883     -45.60
 884     -39.80
 885     -46.90
 886     -46.50
 887     -48.10
 888     -45.90
 889     -46.90
 890     -50.40
 891     -41.30
 892     -47.70
 893     -41.50
 894     -46.90
 895     -45.90
 896     -44.80
 897     -44.90
 898     -48.80
 899     -50.50
 900     -42.90
 901     -44.00
 902     -39.90
 903     -46.70
 904     -48.20
 905     -50.40
 906     -45.60
 907     -47.30
 908     -45.50
 909     -48.10
 910     -48.20
 911     -47.90
 912     -47.10
 913     -48.70
 914     -47.50
 915     -46.80
 916     -46.90
 917     -46.70
 918     -48.70
 919     -44.60
 920     -50.40
 921     -50.50
 922     -44.90
 923     -45.20
 924     -50.50
 925     -44.40
 926     -45.60
 927     -50.40
 928     -49.00
 929     -47.70
 930     -42.50
 931     -45.70
 932     -48.40
 933     -47.10
 934     -46.00
 935     -49.00
 936     -46.80
 937     -47.60
 938     -50.50
 939     -45.60
 940     -46.50
 941     -45.60
 942     -47.10
 943     -40.80
 944     -44.10
 945     -44.00
 946     -50.50
 947     -48.10
 948     -45.60
 949     -46.90
 950     -45.90
 951     -47.90
 952     -48.50
 953     -46.90
 954     -48.20
 955     -48.90
 956     -37.40
 957     -47.90
 958     -46.40
 959     -50.50
 960     -46.30
 961     -48.80
 962     -48.30
 963     -49.40
 964     -49.70
 965     -49.10
 966     -48.70
 967     -41.80
 968     -44.90
 969     -49.70
 970     -50.40
 971     -45.30
 972     -47.70
 973     -45.00
 974     -48.60
 975     -50.50
 976     -49.50
 977     -48.30
 978     -46.80
 979     -46.80
 980     -48.70
 981     -47.30
 982     -46.20
 983     -50.40
 984     -46.70
 985     -46.60
 986     -47.70
 987     -47.10
 988     -48.20
 989     -46.20
 990     -48.20
 991     -50.50
 992     -43.80
 993     -44.30
 994     -44.30
 995     -45.70
 996     -47.60
 997     -45.80
 998     -44.50
 999     -49.30
1000     -46.10
