 Ensemble free energy (based on initial energies):-RT ln(U)= -225.216449
 (U is the partition function for the sequence, see Ding and Lawrence 2003)
   1    -204.90      -3.30
   2    -217.60      -1.90
   3    -208.00      -1.10
   4    -215.00      -1.80
   5    -217.20      -2.20
   6    -216.20      -2.10
   7    -208.10      -1.20
   8    -218.30      -0.80
   9    -205.20      -1.00
  10    -214.70      -1.80
  11    -210.90      -2.70
  12    -209.10      -1.90
  13    -213.10      -1.50
  14    -209.60      -3.20
  15    -210.90      -1.10
  16    -214.60      -2.10
  17    -216.70      -1.10
  18    -209.50      -0.40
  19    -212.10      -1.00
  20    -205.10      -0.90
  21    -208.60      -1.00
  22    -217.20      -0.90
  23    -206.10      -1.20
  24    -208.50      -0.90
  25    -209.50      -2.90
  26    -213.80      -1.10
  27    -200.70      -4.00
  28    -215.70      -1.00
  29    -216.10      -3.10
  30    -210.40      -1.70
  31    -208.40      -2.80
  32    -216.80      -2.20
  33    -216.70      -2.20
  34    -217.20      -2.00
  35    -214.10      -2.00
  36    -211.10      -1.80
  37    -206.50      -0.70
  38    -210.00      -3.30
  39    -208.20      -1.10
  40    -207.60      -3.30
  41    -209.00      -3.90
  42    -212.40      -1.10
  43    -213.30      -2.20
  44    -204.00      -1.40
  45    -210.40      -1.30
  46    -213.40      -1.40
  47    -207.30      -1.30
  48    -214.80      -1.30
  49    -209.30      -2.60
  50    -218.40      -1.80
  51    -210.10      -1.10
  52    -209.90      -1.90
  53    -201.60      -2.50
  54    -213.20      -0.70
  55    -207.50      -0.90
  56    -200.00      -0.90
  57    -208.80      -2.90
  58    -206.00      -1.50
  59    -215.80      -0.90
  60    -213.10      -2.30
  61    -212.60      -0.90
  62    -209.50      -2.00
  63    -214.20      -1.20
  64    -213.40      -1.50
  65    -214.90      -1.90
  66    -216.80      -1.00
  67    -210.10      -1.40
  68    -214.70      -2.00
  69    -207.60      -3.30
  70    -209.90      -1.90
  71    -212.40      -1.20
  72    -206.40      -2.10
  73    -217.80      -1.90
  74    -214.20      -1.60
  75    -208.50      -1.90
  76    -211.80      -2.00
  77    -210.40      -2.20
  78    -213.30      -0.70
  79    -209.30      -1.80
  80    -218.90      -1.90
  81    -214.80      -1.10
  82    -206.40      -1.90
  83    -216.80      -1.70
  84    -206.80      -1.20
  85    -217.00      -0.80
  86    -206.60      -0.80
  87    -209.40      -1.30
  88    -204.50      -2.00
  89    -214.90      -1.40
  90    -212.00      -2.30
  91    -211.10      -1.90
  92    -216.20      -0.80
  93    -214.10      -2.90
  94    -210.40      -1.50
  95    -214.00      -1.00
  96    -218.90      -1.70
  97    -206.30      -3.30
  98    -207.00      -4.40
  99    -206.90      -3.90
 100    -216.20      -1.10
 101    -207.70      -1.40
 102    -216.80      -1.10
 103    -210.60      -1.60
 104    -209.60      -1.50
 105    -213.20      -1.10
 106    -212.80      -1.40
 107    -208.50      -1.30
 108    -213.70      -0.60
 109    -214.60      -1.50
 110    -208.60      -1.60
 111    -202.70      -1.40
 112    -204.70      -1.10
 113    -208.30      -1.60
 114    -216.00      -1.00
 115    -210.50      -1.20
 116    -204.70      -1.80
 117    -196.50      -4.60
 118    -217.70      -1.00
 119    -210.30      -3.30
 120    -213.60      -1.10
 121    -213.40      -2.20
 122    -210.80      -1.20
 123    -210.60      -1.00
 124    -216.60      -2.00
 125    -215.90      -0.80
 126    -211.70      -1.10
 127    -211.00      -1.10
 128    -215.70      -0.80
 129    -211.00      -1.70
 130    -210.50      -0.80
 131    -215.00      -0.90
 132    -204.10      -3.30
 133    -209.30      -2.60
 134    -210.90      -1.80
 135    -214.90      -1.40
 136    -214.30      -2.00
 137    -216.30      -2.00
 138    -213.20      -1.00
 139    -213.40      -2.00
 140    -215.00      -1.50
 141    -210.30      -1.50
 142    -218.40      -1.00
 143    -207.30      -2.30
 144    -214.40      -1.10
 145    -212.30      -2.20
 146    -214.30      -2.00
 147    -212.10      -1.20
 148    -211.10      -1.20
 149    -214.30      -1.30
 150    -205.70      -2.10
 151    -209.70      -2.00
 152    -209.50      -1.10
 153    -205.30      -1.50
 154    -201.80      -2.40
 155    -209.20      -3.60
 156    -203.60      -1.60
 157    -204.70      -3.80
 158    -202.30      -1.20
 159    -213.30      -1.80
 160    -213.80      -3.10
 161    -205.70      -1.10
 162    -219.00      -0.90
 163    -209.70      -1.20
 164    -212.60      -0.90
 165    -214.10      -1.80
 166    -214.30      -1.30
 167    -209.80      -0.80
 168    -208.80      -2.20
 169    -208.30      -1.20
 170    -209.00      -1.50
 171    -208.10      -3.40
 172    -204.80      -0.90
 173    -214.10      -1.80
 174    -211.60      -1.60
 175    -212.50      -1.70
 176    -210.40      -1.10
 177    -211.40      -1.40
 178    -215.20      -2.40
 179    -210.10      -1.20
 180    -215.10      -0.70
 181    -206.10      -0.80
 182    -210.40      -2.90
 183    -201.90      -1.70
 184    -212.80      -1.40
 185    -214.60      -1.10
 186    -210.00      -0.70
 187    -209.20      -3.00
 188    -214.00      -1.40
 189    -211.80      -1.20
 190    -211.70      -0.70
 191    -213.10      -1.50
 192    -214.20      -1.50
 193    -215.60      -1.80
 194    -211.50      -1.20
 195    -214.50      -1.20
 196    -211.10      -1.00
 197    -209.30      -1.30
 198    -208.20      -2.10
 199    -201.40      -1.80
 200    -216.10      -1.90
 201    -209.20      -3.80
 202    -218.40      -2.00
 203    -212.30      -1.30
 204    -211.20      -1.00
 205    -208.70      -1.80
 206    -208.40      -3.10
 207    -212.30      -1.30
 208    -215.70      -1.10
 209    -208.00      -2.00
 210    -219.10      -1.90
 211    -210.80      -1.20
 212    -214.20      -1.00
 213    -216.10      -2.20
 214    -211.60      -2.60
 215    -199.00      -2.50
 216    -216.40      -1.10
 217    -203.70      -1.70
 218    -210.80      -1.20
 219    -206.50      -2.40
 220    -214.40      -1.90
 221    -210.40      -1.10
 222    -206.80      -1.30
 223    -208.70      -2.50
 224    -216.90      -1.20
 225    -212.00      -0.50
 226    -214.20      -0.90
 227    -204.90      -0.80
 228    -212.40      -1.80
 229    -207.90      -1.40
 230    -207.70      -0.80
 231    -200.70      -2.90
 232    -206.40      -1.00
 233    -213.10      -1.40
 234    -214.30      -2.10
 235    -203.50      -3.50
 236    -210.90      -1.00
 237    -209.50      -0.90
 238    -210.60      -1.00
 239    -214.30      -2.00
 240    -206.60      -0.80
 241    -206.70      -1.10
 242    -210.20      -2.30
 243    -213.00      -1.90
 244    -206.40      -1.50
 245    -201.70      -1.50
 246    -204.10      -1.10
 247    -214.00      -1.80
 248    -209.50      -0.90
 249    -211.40      -2.60
 250    -209.40      -0.50
 251    -217.10      -1.10
 252    -213.10      -1.80
 253    -207.60      -2.70
 254    -213.50      -1.30
 255    -209.70      -3.60
 256    -206.50      -1.60
 257    -214.80      -0.80
 258    -207.70      -1.30
 259    -209.10      -2.60
 260    -210.20      -0.50
 261    -216.00      -1.00
 262    -205.70      -1.20
 263    -212.00      -1.10
 264    -210.90      -1.40
 265    -210.70      -2.90
 266    -212.10      -1.00
 267    -209.50      -0.90
 268    -211.10      -0.80
 269    -201.80      -3.70
 270    -212.20      -1.10
 271    -208.70      -1.70
 272    -214.90      -2.00
 273    -211.70      -5.30
 274    -216.20      -1.90
 275    -214.90      -0.90
 276    -209.70      -2.10
 277    -214.40      -1.30
 278    -212.90      -1.10
 279    -215.40      -3.20
 280    -203.30      -1.70
 281    -215.70      -2.30
 282    -209.70      -1.40
 283    -211.80      -1.50
 284    -210.90      -1.30
 285    -208.50      -2.20
 286    -212.10      -1.30
 287    -203.50      -1.60
 288    -210.10      -1.40
 289    -211.40      -1.40
 290    -212.20      -1.10
 291    -212.50      -1.20
 292    -213.50      -0.80
 293    -207.80      -2.20
 294    -214.30      -2.20
 295    -211.90      -1.80
 296    -210.40      -3.30
 297    -205.30      -3.20
 298    -207.90      -2.60
 299    -212.80      -1.90
 300    -214.40      -2.00
 301    -207.60      -1.50
 302    -213.00      -1.40
 303    -211.20      -1.30
 304    -205.50      -1.90
 305    -210.20      -2.20
 306    -214.30      -1.20
 307    -202.90      -2.60
 308    -212.30      -1.00
 309    -211.60      -1.30
 310    -207.30      -1.10
 311    -217.90      -1.10
 312    -218.40      -1.80
 313    -210.80      -1.90
 314    -210.20      -0.60
 315    -212.90      -1.00
 316    -206.50      -1.60
 317    -206.00      -1.20
 318    -210.10      -1.80
 319    -205.20      -1.90
 320    -212.00      -2.40
 321    -205.10      -1.50
 322    -217.70      -1.00
 323    -214.50      -1.10
 324    -212.70      -1.00
 325    -214.00      -1.30
 326    -217.90      -1.00
 327    -207.70      -1.20
 328    -211.00      -1.80
 329    -217.70      -1.00
 330    -217.30      -1.50
 331    -212.40      -0.70
 332    -214.60      -1.70
 333    -218.20      -1.00
 334    -212.60      -1.30
 335    -215.40      -2.00
 336    -205.10      -4.10
 337    -212.00      -2.30
 338    -209.90      -2.40
 339    -208.80      -3.50
 340    -210.80      -1.00
 341    -203.10      -2.80
 342    -219.20      -1.90
 343    -214.00      -2.00
 344    -208.20      -1.00
 345    -206.60      -3.90
 346    -210.40      -1.30
 347    -215.20      -1.20
 348    -205.60      -1.70
 349    -204.40      -1.60
 350    -216.60      -1.60
 351    -215.20      -0.70
 352    -218.00      -2.00
 353    -205.30      -2.00
 354    -214.70      -2.60
 355    -217.20      -1.10
 356    -202.70      -2.50
 357    -201.60      -2.70
 358    -206.60      -1.10
 359    -216.40      -0.90
 360    -216.80      -1.10
 361    -208.30      -1.40
 362    -213.30      -1.30
 363    -209.50      -2.80
 364    -213.30      -1.50
 365    -216.30      -0.60
 366    -209.60      -1.30
 367    -208.90      -1.50
 368    -210.60      -2.10
 369    -212.10      -2.10
 370    -210.00      -1.90
 371    -213.30      -1.90
 372    -211.60      -1.40
 373    -213.10      -2.00
 374    -210.40      -1.30
 375    -217.10      -1.40
 376    -216.20      -1.00
 377    -216.60      -1.70
 378    -218.50      -1.90
 379    -216.50      -2.10
 380    -207.80      -1.50
 381    -209.80      -1.70
 382    -217.20      -0.90
 383    -211.60      -1.90
 384    -213.00      -1.50
 385    -209.00      -1.50
 386    -212.80      -1.90
 387    -209.60      -3.00
 388    -207.60      -1.10
 389    -213.10      -2.00
 390    -211.30      -1.80
 391    -211.00      -1.60
 392    -211.60      -1.10
 393    -202.80      -3.50
 394    -214.60      -1.00
 395    -214.70      -0.80
 396    -214.30      -0.90
 397    -208.50      -1.20
 398    -211.10      -1.60
 399    -210.00      -0.70
 400    -212.30      -1.90
 401    -210.60      -0.90
 402    -212.90      -1.30
 403    -212.70      -1.50
 404    -211.70      -1.20
 405    -213.10      -1.90
 406    -204.30      -1.00
 407    -212.90      -0.70
 408    -212.60      -1.90
 409    -214.10      -2.20
 410    -199.50      -2.70
 411    -209.10      -1.60
 412    -213.50      -1.90
 413    -206.70      -3.50
 414    -210.60      -1.10
 415    -207.90      -2.70
 416    -208.50      -1.30
 417    -208.70      -2.30
 418    -216.00      -2.10
 419    -212.60      -1.80
 420    -218.30      -1.00
 421    -211.40      -1.50
 422    -211.90      -1.20
 423    -214.40      -1.10
 424    -210.90      -2.90
 425    -206.60      -2.40
 426    -214.50      -1.50
 427    -210.20      -1.30
 428    -215.80      -2.10
 429    -207.80      -2.00
 430    -209.70      -2.00
 431    -206.50      -1.30
 432    -209.50      -3.10
 433    -210.10      -1.00
 434    -210.10      -1.40
 435    -216.60      -1.30
 436    -211.70      -1.10
 437    -212.10      -2.20
 438    -212.00      -1.20
 439    -209.30      -2.30
 440    -214.10      -1.40
 441    -213.40      -2.10
 442    -212.20      -1.70
 443    -212.10      -1.50
 444    -217.40      -1.80
 445    -214.70      -2.40
 446    -211.90      -1.00
 447    -208.00      -1.50
 448    -213.10      -2.30
 449    -212.30      -1.50
 450    -211.20      -1.70
 451    -217.10      -2.10
 452    -213.40      -1.00
 453    -209.40      -1.20
 454    -212.10      -0.60
 455    -208.20      -2.80
 456    -216.30      -0.80
 457    -205.40      -2.00
 458    -209.80      -1.50
 459    -204.20      -1.90
 460    -214.30      -2.60
 461    -213.40      -2.00
 462    -207.70      -0.70
 463    -217.50      -1.90
 464    -207.80      -1.20
 465    -210.50      -0.90
 466    -213.40      -1.60
 467    -208.20      -1.10
 468    -209.70      -1.10
 469    -218.60      -1.10
 470    -210.70      -1.00
 471    -208.20      -1.60
 472    -204.20      -1.10
 473    -217.90      -1.10
 474    -207.40      -2.10
 475    -216.80      -1.10
 476    -211.60      -1.80
 477    -215.30      -1.90
 478    -199.20      -2.10
 479    -211.10      -1.20
 480    -214.40      -1.40
 481    -217.60      -1.00
 482    -217.00      -1.10
 483    -211.80      -0.90
 484    -212.70      -2.10
 485    -211.50      -1.90
 486    -203.80      -1.20
 487    -214.70      -2.70
 488    -214.00      -1.10
 489    -212.50      -1.20
 490    -213.10      -1.80
 491    -209.70      -3.10
 492    -209.40      -1.00
 493    -216.50      -1.40
 494    -214.60      -2.20
 495    -211.00      -1.30
 496    -207.70      -4.00
 497    -209.30      -1.00
 498    -209.50      -1.80
 499    -212.00      -2.30
 500    -212.90      -0.90
 501    -210.30      -2.20
 502    -209.40      -1.20
 503    -200.00      -3.60
 504    -216.40      -1.10
 505    -211.80      -0.90
 506    -212.20      -1.50
 507    -215.50      -2.10
 508    -216.80      -0.70
 509    -209.40      -1.50
 510    -209.60      -1.00
 511    -216.20      -2.00
 512    -215.20      -0.90
 513    -213.70      -1.20
 514    -198.00      -2.80
 515    -206.10      -1.00
 516    -217.80      -0.90
 517    -209.10      -0.80
 518    -213.80      -0.80
 519    -210.00      -0.80
 520    -212.70      -0.90
 521    -213.10      -0.90
 522    -215.90      -1.30
 523    -211.10      -4.20
 524    -207.70      -2.10
 525    -207.00      -1.60
 526    -217.10      -2.10
 527    -215.10      -1.50
 528    -212.40      -1.60
 529    -211.40      -1.40
 530    -216.80      -1.90
 531    -219.60      -1.80
 532    -213.90      -2.20
 533    -210.00      -2.10
 534    -211.80      -1.60
 535    -213.00      -1.30
 536    -208.40      -1.70
 537    -205.40      -1.30
 538    -212.00      -1.50
 539    -213.10      -1.50
 540    -203.30      -2.20
 541    -212.00      -1.90
 542    -215.00      -1.00
 543    -206.00      -0.70
 544    -205.10      -1.10
 545    -208.60      -2.50
 546    -205.40      -0.90
 547    -209.40      -4.10
 548    -209.80      -1.70
 549    -212.30      -1.00
 550    -215.10      -1.00
 551    -208.20      -1.20
 552    -210.50      -1.10
 553    -211.60      -1.40
 554    -215.90      -0.90
 555    -211.40      -1.80
 556    -209.90      -1.00
 557    -211.50      -2.00
 558    -212.60      -1.50
 559    -216.10      -1.20
 560    -206.20      -1.70
 561    -214.10      -1.60
 562    -215.70      -1.20
 563    -210.30      -0.90
 564    -210.50      -1.30
 565    -215.10      -2.50
 566    -212.20      -1.20
 567    -215.40      -1.60
 568    -213.30      -2.00
 569    -208.30      -1.80
 570    -207.80      -0.70
 571    -216.30      -1.10
 572    -211.70      -1.90
 573    -212.60      -1.90
 574    -203.20      -0.70
 575    -213.60      -2.00
 576    -212.20      -1.40
 577    -205.90      -1.60
 578    -213.90      -0.90
 579    -209.60      -1.40
 580    -211.80      -1.90
 581    -211.90      -1.00
 582    -210.70      -0.60
 583    -206.40      -1.70
 584    -215.00      -2.30
 585    -217.40      -1.70
 586    -206.70      -2.30
 587    -212.80      -4.00
 588    -211.90      -1.80
 589    -214.70      -2.80
 590    -215.10      -1.00
 591    -212.40      -1.20
 592    -216.10      -0.80
 593    -203.50      -2.60
 594    -213.30      -1.10
 595    -209.40      -0.70
 596    -209.80      -0.90
 597    -215.40      -1.30
 598    -214.50      -1.40
 599    -212.80      -3.30
 600    -212.40      -1.30
 601    -208.60      -1.50
 602    -215.20      -1.20
 603    -200.40      -2.10
 604    -213.60      -1.00
 605    -215.50      -1.30
 606    -213.60      -1.20
 607    -209.60      -2.50
 608    -209.40      -2.70
 609    -212.00      -3.30
 610    -215.50      -1.10
 611    -212.30      -1.80
 612    -213.80      -0.70
 613    -209.60      -1.40
 614    -216.60      -2.20
 615    -211.40      -2.00
 616    -214.60      -1.00
 617    -210.30      -1.30
 618    -211.30      -1.80
 619    -202.50      -1.50
 620    -211.80      -1.20
 621    -214.10      -0.90
 622    -211.30      -0.90
 623    -212.80      -1.30
 624    -203.60      -0.60
 625    -203.50      -2.40
 626    -212.60      -0.90
 627    -214.20      -1.80
 628    -210.10      -2.10
 629    -212.20      -1.30
 630    -216.20      -1.40
 631    -206.10      -1.20
 632    -213.40      -0.80
 633    -214.90      -1.30
 634    -209.10      -1.50
 635    -208.00      -2.80
 636    -208.90      -1.40
 637    -209.40      -1.30
 638    -206.10      -3.50
 639    -217.10      -2.00
 640    -212.30      -1.30
 641    -210.80      -1.20
 642    -215.60      -1.80
 643    -208.70      -0.90
 644    -213.80      -1.10
 645    -213.80      -1.60
 646    -205.10      -1.50
 647    -214.50      -0.90
 648    -212.40      -2.40
 649    -211.20      -0.80
 650    -214.70      -1.10
 651    -212.20      -0.70
 652    -211.60      -1.90
 653    -213.90      -2.10
 654    -215.20      -1.20
 655    -217.30      -1.10
 656    -206.10      -2.10
 657    -201.40      -2.60
 658    -210.70      -1.30
 659    -209.60      -1.10
 660    -203.90      -2.60
 661    -210.70      -1.00
 662    -204.60      -0.90
 663    -209.40      -2.10
 664    -215.10      -1.90
 665    -216.00      -1.00
 666    -213.30      -1.80
 667    -212.60      -1.10
 668    -208.80      -1.30
 669    -213.30      -1.40
 670    -206.40      -1.20
 671    -214.10      -1.40
 672    -215.50      -1.90
 673    -213.60      -1.10
 674    -215.40      -2.00
 675    -208.00      -2.60
 676    -209.30      -1.00
 677    -211.60      -1.90
 678    -214.20      -1.10
 679    -217.70      -1.90
 680    -207.40      -1.50
 681    -209.20      -1.50
 682    -199.60      -1.10
 683    -212.50      -1.10
 684    -218.10      -1.00
 685    -215.90      -1.50
 686    -212.40      -1.70
 687    -207.70      -1.90
 688    -215.90      -1.90
 689    -213.30      -1.50
 690    -206.60      -0.50
 691    -211.50      -1.80
 692    -214.70      -1.10
 693    -202.00      -1.70
 694    -210.70      -4.00
 695    -214.00      -1.10
 696    -209.50      -1.60
 697    -213.50      -0.60
 698    -211.40      -1.00
 699    -203.90      -2.30
 700    -211.30      -1.10
 701    -205.60      -1.70
 702    -204.00      -1.70
 703    -211.90      -1.40
 704    -213.00      -1.20
 705    -210.60      -1.70
 706    -207.80      -0.60
 707    -214.70      -1.70
 708    -212.00      -3.10
 709    -203.90      -0.70
 710    -207.10      -1.10
 711    -214.50      -1.20
 712    -214.60      -2.80
 713    -215.00      -1.10
 714    -211.80      -2.00
 715    -211.40      -1.10
 716    -210.60      -2.00
 717    -210.90      -1.00
 718    -207.30      -1.40
 719    -212.40      -1.20
 720    -204.20      -2.10
 721    -218.00      -1.90
 722    -209.40      -1.40
 723    -209.40      -0.70
 724    -210.80      -2.30
 725    -214.70      -1.80
 726    -217.00      -0.90
 727    -214.10      -1.20
 728    -205.60      -2.00
 729    -213.40      -1.10
 730    -209.10      -0.60
 731    -211.90      -1.20
 732    -205.10      -3.40
 733    -207.40      -1.20
 734    -216.20      -2.10
 735    -211.10      -1.30
 736    -206.10      -1.40
 737    -215.20      -1.00
 738    -211.10      -1.30
 739    -215.60      -1.50
 740    -215.80      -1.40
 741    -214.00      -1.50
 742    -215.60      -1.50
 743    -208.90      -2.40
 744    -215.10      -1.30
 745    -218.80      -1.20
 746    -210.50      -1.00
 747    -216.80      -2.00
 748    -214.90      -1.20
 749    -216.80      -2.70
 750    -212.50      -0.80
 751    -209.10      -1.20
 752    -203.20      -0.70
 753    -206.90      -1.40
 754    -206.20      -1.10
 755    -208.80      -1.20
 756    -216.60      -1.60
 757    -214.30      -1.00
 758    -206.30      -1.90
 759    -212.50      -1.20
 760    -206.50      -4.20
 761    -214.10      -1.00
 762    -214.10      -1.30
 763    -210.70      -1.50
 764    -215.90      -1.00
 765    -213.10      -1.30
 766    -209.00      -1.30
 767    -210.10      -0.90
 768    -206.90      -1.60
 769    -212.60      -2.20
 770    -205.20      -1.70
 771    -206.70       0.00
 772    -215.50      -1.00
 773    -216.60      -1.10
 774    -216.40      -1.10
 775    -215.10      -0.80
 776    -207.90      -2.20
 777    -204.80      -1.60
 778    -208.20      -1.50
 779    -213.50      -2.30
 780    -211.70      -1.30
 781    -215.80      -1.80
 782    -217.60      -2.10
 783    -204.60      -3.10
 784    -211.50      -1.20
 785    -200.10      -3.60
 786    -210.70      -1.60
 787    -214.00      -0.90
 788    -207.90      -1.90
 789    -209.40      -3.30
 790    -215.80      -1.60
 791    -203.90      -1.60
 792    -205.40      -3.80
 793    -210.50      -1.50
 794    -217.50      -2.00
 795    -212.20      -1.30
 796    -209.30      -0.70
 797    -215.80      -0.70
 798    -214.50      -2.30
 799    -216.30      -1.00
 800    -211.90      -1.80
 801    -206.40      -2.90
 802    -209.40      -1.60
 803    -214.60      -1.90
 804    -213.20      -0.80
 805    -211.10      -1.20
 806    -212.20      -1.00
 807    -205.00      -1.30
 808    -214.30      -3.40
 809    -199.50      -2.40
 810    -208.30      -0.90
 811    -206.00      -1.00
 812    -214.50      -1.30
 813    -208.70      -0.60
 814    -216.50      -1.70
 815    -213.90      -1.40
 816    -212.50      -0.90
 817    -213.40      -0.90
 818    -213.90      -0.90
 819    -215.70      -1.10
 820    -212.10      -1.20
 821    -210.20      -1.40
 822    -207.00      -2.80
 823    -215.10      -2.00
 824    -206.30      -1.30
 825    -216.90      -1.30
 826    -209.90      -1.40
 827    -211.40      -2.00
 828    -214.90      -1.70
 829    -211.40      -1.00
 830    -217.60      -1.00
 831    -213.00      -0.70
 832    -201.20      -0.80
 833    -207.60      -2.30
 834    -211.90      -2.00
 835    -213.60      -1.50
 836    -206.90      -1.60
 837    -210.00      -0.70
 838    -201.10      -1.80
 839    -205.60      -1.90
 840    -205.10      -0.90
 841    -205.20      -3.80
 842    -214.10      -1.20
 843    -203.00      -3.40
 844    -213.70      -1.30
 845    -205.40      -0.50
 846    -214.20      -1.70
 847    -209.80      -4.20
 848    -208.50      -1.40
 849    -209.00      -1.50
 850    -212.30      -1.20
 851    -212.70      -0.70
 852    -211.30      -0.90
 853    -215.50      -1.50
 854    -210.80      -0.90
 855    -210.40      -0.80
 856    -217.40      -1.10
 857    -210.90      -2.30
 858    -207.50      -2.90
 859    -215.20      -1.00
 860    -211.10      -1.10
 861    -212.00      -1.40
 862    -205.40      -1.30
 863    -209.00      -2.10
 864    -210.90      -0.70
 865    -209.50      -1.60
 866    -203.70      -1.00
 867    -200.00      -0.90
 868    -205.60      -2.50
 869    -212.40      -0.90
 870    -212.00      -1.20
 871    -207.20      -2.40
 872    -214.60      -1.40
 873    -210.50      -1.70
 874    -203.90      -0.90
 875    -212.50      -0.90
 876    -208.40      -1.30
 877    -212.90      -1.80
 878    -215.40      -1.00
 879    -212.70      -2.20
 880    -210.80      -3.00
 881    -208.80      -1.60
 882    -214.10      -1.40
 883    -211.00      -1.30
 884    -212.20      -1.00
 885    -218.30      -2.00
 886    -208.40      -1.50
 887    -215.10      -1.90
 888    -197.50      -1.00
 889    -216.40      -1.00
 890    -213.60      -2.20
 891    -206.70      -1.50
 892    -206.80      -1.90
 893    -214.20      -1.90
 894    -212.80      -1.10
 895    -214.50      -2.00
 896    -212.80      -1.90
 897    -205.80      -4.40
 898    -205.90      -0.80
 899    -212.50      -1.70
 900    -212.20      -1.40
 901    -218.00      -1.00
 902    -216.10      -1.30
 903    -213.60      -1.20
 904    -211.90      -0.80
 905    -212.00      -1.00
 906    -211.50      -1.10
 907    -213.00      -1.00
 908    -210.60      -0.90
 909    -215.00      -1.90
 910    -209.00      -2.60
 911    -209.80      -1.00
 912    -211.60      -1.50
 913    -205.00      -2.00
 914    -215.40      -2.00
 915    -212.30      -2.20
 916    -206.00      -0.70
 917    -215.20      -2.10
 918    -203.60      -4.10
 919    -214.20      -1.10
 920    -213.70      -2.00
 921    -209.10      -4.90
 922    -205.20      -2.50
 923    -208.90      -0.70
 924    -211.40      -0.90
 925    -207.00      -3.20
 926    -204.80      -1.00
 927    -211.40      -2.20
 928    -214.40      -1.40
 929    -214.30      -1.20
 930    -209.60      -1.20
 931    -211.10      -1.00
 932    -215.60      -1.00
 933    -210.70      -1.20
 934    -207.60      -1.40
 935    -211.40      -1.10
 936    -209.40      -1.70
 937    -214.70      -1.10
 938    -211.90      -1.20
 939    -205.90      -0.90
 940    -213.20      -1.10
 941    -206.20      -0.90
 942    -217.50      -1.50
 943    -208.40      -2.70
 944    -205.90      -0.60
 945    -206.00      -2.40
 946    -210.80      -1.10
 947    -202.30      -3.20
 948    -204.50      -1.40
 949    -213.50      -1.10
 950    -207.30      -1.30
 951    -209.20      -0.60
 952    -214.50      -1.10
 953    -205.60      -1.10
 954    -207.40      -1.30
 955    -216.80      -1.10
 956    -217.20      -1.10
 957    -201.80      -2.40
 958    -207.00      -1.80
 959    -211.50      -0.60
 960    -215.30      -1.00
 961    -211.90      -2.70
 962    -205.80      -2.20
 963    -213.10      -1.30
 964    -215.20      -1.00
 965    -217.40      -1.80
 966    -202.10      -2.30
 967    -216.00      -1.00
 968    -219.30      -1.80
 969    -209.70      -1.40
 970    -213.00      -1.10
 971    -219.10      -1.90
 972    -212.20      -0.90
 973    -209.80      -3.00
 974    -214.80      -1.00
 975    -210.70      -1.30
 976    -214.80      -1.10
 977    -207.90      -1.30
 978    -207.70      -1.40
 979    -216.40      -2.10
 980    -211.30      -1.00
 981    -216.30      -2.20
 982    -215.00      -1.80
 983    -211.10      -3.00
 984    -215.80      -1.30
 985    -205.30      -3.10
 986    -208.20      -1.40
 987    -207.80      -2.10
 988    -210.30      -1.50
 989    -213.50      -1.00
 990    -208.20      -2.00
 991    -208.40      -0.40
 992    -211.50      -1.50
 993    -212.20      -2.20
 994    -215.30      -0.90
 995    -211.70      -2.20
 996    -207.90      -1.90
 997    -211.50      -1.30
 998    -215.70      -2.00
 999    -215.90      -1.70
1000    -214.60      -1.50
