    1 C  0.000 0.000 0.000 0.000 1.000 1.000
    2 G  0.000 0.000 0.000 0.000 0.008 0.008
    3 A  0.000 0.000 0.000 0.000 0.000 0.000
    4 C  0.000 0.000 0.000 0.000 0.000 0.000
    5 C  0.000 0.000 0.000 0.000 0.000 0.000
    6 U  0.000 0.000 0.000 0.000 0.000 0.000
    7 G  0.000 0.000 0.000 0.000 0.000 0.000
    8 G  0.000 0.000 0.000 0.000 0.000 0.000
    9 U  0.000 0.000 0.527 0.000 0.000 0.527
   10 G  0.000 0.000 0.532 0.039 0.000 0.571
   11 G  0.000 0.000 0.002 0.045 0.000 0.047
   12 U  0.001 0.062 0.102 0.082 0.000 0.247
   13 C  0.001 0.000 0.535 0.334 0.000 0.870
   14 A  0.001 0.000 0.028 0.401 0.000 0.430
   15 U  0.001 0.000 0.012 0.418 0.000 0.431
   16 C  0.000 0.000 0.002 0.187 0.000 0.189
   17 G  0.000 0.000 0.003 0.477 0.000 0.480
   18 C  0.000 0.003 0.003 0.437 0.000 0.443
   19 G  0.000 0.000 0.000 0.007 0.000 0.007
   20 G  0.000 0.000 0.001 0.000 0.000 0.001
   21 G  0.000 0.000 0.155 0.000 0.000 0.155
   22 G  0.002 0.000 0.151 0.000 0.000 0.153
   23 C  0.004 0.000 0.001 0.000 0.000 0.005
   24 G  0.090 0.001 0.001 0.000 0.000 0.092
   25 G  0.118 0.000 0.592 0.000 0.000 0.710
   26 C  0.396 0.000 0.593 0.000 0.000 0.989
   27 U  0.396 0.000 0.435 0.000 0.000 0.831
   28 G  0.310 0.115 0.442 0.000 0.000 0.867
   29 C  0.307 0.000 0.013 0.000 0.000 0.320
   30 A  0.307 0.088 0.057 0.000 0.000 0.452
   31 C  0.301 0.000 0.052 0.000 0.000 0.353
   32 C  0.026 0.000 0.017 0.000 0.000 0.043
   33 C  0.000 0.005 0.025 0.000 0.000 0.030
   34 G  0.000 0.000 0.003 0.013 0.000 0.016
   35 U  0.041 0.008 0.174 0.048 0.000 0.271
   36 U  0.128 0.009 0.299 0.081 0.000 0.517
   37 C  0.136 0.001 0.151 0.076 0.000 0.364
   38 C  0.454 0.000 0.108 0.075 0.000 0.637
   39 C  0.498 0.001 0.019 0.092 0.000 0.610
   40 U  0.588 0.004 0.008 0.033 0.000 0.633
   41 U  0.594 0.002 0.004 0.013 0.000 0.613
   42 U  0.601 0.002 0.005 0.011 0.000 0.619
   43 C  0.602 0.000 0.000 0.008 0.000 0.610
   44 C  0.602 0.000 0.000 0.009 0.000 0.611
   45 G  0.143 0.004 0.000 0.281 0.000 0.428
   46 A  0.136 0.005 0.142 0.386 0.000 0.669
   47 A  0.135 0.179 0.154 0.384 0.000 0.852
   48 C  0.135 0.220 0.161 0.380 0.000 0.896
   49 A  0.048 0.110 0.046 0.379 0.000 0.583
   50 C  0.001 0.073 0.027 0.378 0.000 0.479
   51 G  0.002 0.000 0.014 0.331 0.000 0.347
   52 G  0.002 0.000 0.002 0.008 0.000 0.012
   53 C  0.002 0.542 0.054 0.001 0.000 0.599
   54 C  0.003 0.543 0.061 0.001 0.000 0.608
   55 G  0.001 0.006 0.018 0.000 0.000 0.025
   56 U  0.007 0.005 0.018 0.000 0.000 0.030
   57 G  0.009 0.011 0.382 0.000 0.000 0.402
   58 A  0.012 0.010 0.858 0.002 0.000 0.882
   59 A  0.012 0.010 0.951 0.002 0.000 0.975
   60 A  0.012 0.010 0.976 0.002 0.000 1.000
   61 C  0.007 0.004 0.012 0.002 0.000 0.025
   62 G  0.007 0.001 0.001 0.002 0.000 0.011
   63 C  0.022 0.001 0.000 0.002 0.000 0.025
   64 C  0.385 0.001 0.000 0.002 0.000 0.388
   65 C  0.386 0.001 0.000 0.008 0.000 0.395
   66 C  0.384 0.001 0.000 0.009 0.000 0.394
   67 A  0.384 0.468 0.002 0.136 0.000 0.990
   68 G  0.020 0.003 0.001 0.083 0.000 0.107
   69 C  0.004 0.007 0.010 0.078 0.000 0.099
   70 G  0.001 0.001 0.016 0.149 0.000 0.167
   71 C  0.000 0.049 0.387 0.178 0.000 0.614
   72 C  0.023 0.049 0.369 0.170 0.000 0.611
   73 A  0.043 0.061 0.704 0.174 0.000 0.982
   74 A  0.043 0.016 0.073 0.154 0.000 0.286
   75 U  0.043 0.002 0.058 0.146 0.000 0.249
   76 G  0.024 0.002 0.367 0.143 0.000 0.536
   77 G  0.000 0.002 0.369 0.198 0.000 0.569
   78 U  0.001 0.003 0.328 0.125 0.000 0.457
   79 A  0.001 0.047 0.382 0.459 0.000 0.889
   80 C  0.001 0.002 0.017 0.343 0.000 0.363
   81 U  0.002 0.009 0.156 0.382 0.000 0.549
   82 U  0.001 0.010 0.458 0.386 0.000 0.855
   83 C  0.001 0.018 0.005 0.070 0.000 0.094
   84 G  0.001 0.036 0.005 0.003 0.000 0.045
   85 U  0.002 0.000 0.004 0.000 0.000 0.006
   86 C  0.018 0.000 0.003 0.000 0.000 0.021
   87 U  0.954 0.000 0.000 0.000 0.000 0.954
   88 C  0.959 0.000 0.000 0.000 0.000 0.959
   89 A  0.997 0.000 0.002 0.000 0.000 0.999
   90 A  0.997 0.000 0.003 0.000 0.000 1.000
   91 G  0.061 0.000 0.001 0.000 0.000 0.062
   92 A  0.047 0.000 0.001 0.000 0.000 0.048
   93 C  0.046 0.000 0.002 0.001 0.000 0.049
   94 G  0.043 0.006 0.002 0.069 0.000 0.120
   95 C  0.041 0.106 0.457 0.280 0.000 0.884
   96 G  0.008 0.082 0.154 0.255 0.000 0.499
   97 G  0.004 0.085 0.014 0.009 0.000 0.112
   98 G  0.002 0.069 0.356 0.092 0.000 0.519
   99 A  0.002 0.068 0.339 0.109 0.000 0.518
  100 G  0.000 0.006 0.367 0.125 0.000 0.498
  101 A  0.001 0.002 0.370 0.223 0.000 0.596
  102 G  0.003 0.000 0.060 0.229 0.000 0.292
  103 U  0.003 0.003 0.054 0.503 0.000 0.563
  104 A  0.003 0.017 0.335 0.548 0.000 0.903
  105 G  0.003 0.001 0.005 0.149 0.000 0.158
  106 G  0.003 0.004 0.005 0.127 0.000 0.139
  107 U  0.001 0.062 0.027 0.335 0.000 0.425
  108 C  0.000 0.013 0.534 0.390 0.000 0.937
  109 G  0.000 0.002 0.099 0.035 0.000 0.136
  110 C  0.000 0.002 0.000 0.003 0.000 0.005
  111 U  0.000 0.002 0.532 0.035 0.000 0.569
  112 G  0.000 0.001 0.527 0.000 0.000 0.528
  113 C  0.000 0.000 0.000 0.000 0.000 0.000
  114 C  0.000 0.000 0.000 0.000 0.000 0.000
  115 A  0.000 0.000 0.000 0.000 0.000 0.000
  116 G  0.000 0.000 0.000 0.000 0.000 0.000
  117 G  0.000 0.000 0.000 0.000 0.000 0.000
  118 U  0.000 0.000 0.000 0.000 0.000 0.000
  119 C  0.000 0.000 0.000 0.000 0.008 0.008
  120 U  0.000 0.000 0.000 0.000 1.000 1.000
