
Sfold Executable Code for Academic Users, Version 2.2-20110126
  <Structure clustering module>

Sequence length            = 120
Optimal number of clusters = 2
Cluster sizes              = 0.624  0.376 

Free energy of the ensemble centroid = -42.10
Boltzmann probability of the ensemble centroid = 1.19574e-06

Average base pair distance between sample and
.....ensemble centroid = 21.804


Cluster                 : 1
Maximum Distance        : 47
Minimum Distance        : 0
Average Distance        : 15.54
Standard Deviation      : 7.37
Coefficient of Variance : 0.47
Probability             : 624/1000 = 0.624
Cluster MFE (Structure 37): -49.30
Elements: 1 2 3 4 5 6 7 9 11 14 15 17 18 23 25 26 27 30 31 32 34 35 36 37 39 41 44 46 50 52 53 54 57 58 59 61 63 64 66 68 69 70 72 78 79 80 81 82 84 85 87 89 91 92 93 95 96 97 98 106 107 111 113 115 116 117 118 120 121 123 124 125 127 128 129 130 131 132 135 137 139 142 143 144 145 146 147 148 149 150 152 153 154 160 161 162 163 165 167 168 169 170 172 173 174 178 179 180 181 183 185 186 188 189 190 191 192 193 196 197 198 200 204 206 209 210 211 214 216 217 218 220 223 224 225 227 228 229 231 232 233 234 235 237 239 240 244 245 246 247 248 249 250 252 254 255 256 257 258 259 260 261 263 268 269 270 271 272 273 275 279 281 282 283 285 288 290 291 294 295 296 297 300 301 302 303 306 307 310 312 313 314 316 319 320 322 323 325 326 328 329 331 332 333 334 335 336 338 340 345 348 349 350 351 353 354 355 359 362 363 365 367 369 370 372 373 376 378 379 380 381 382 384 385 386 387 388 392 393 395 396 398 399 400 402 403 404 406 407 408 409 410 411 412 413 414 415 416 417 418 419 420 421 423 424 425 426 427 431 433 434 435 436 437 438 440 441 442 444 445 447 448 452 453 454 455 457 459 462 463 464 466 468 471 472 475 479 480 481 482 485 486 487 488 489 490 491 492 494 495 496 497 499 500 503 504 505 506 508 509 510 511 512 513 514 516 518 520 521 522 523 525 530 531 534 535 536 538 539 541 543 546 547 550 551 552 555 556 562 563 564 566 568 569 570 571 572 574 575 576 578 579 580 581 582 583 585 588 592 594 595 597 598 599 600 602 603 604 605 607 610 611 613 614 615 617 618 621 622 624 625 626 628 631 633 636 637 638 639 641 645 646 648 649 650 651 652 653 654 656 657 658 662 665 666 668 669 670 672 673 674 675 678 680 681 683 684 687 689 690 691 694 699 700 701 702 703 706 707 709 710 711 712 713 714 715 717 718 721 723 725 728 729 730 731 732 733 735 736 740 741 742 743 745 746 747 748 749 751 752 755 757 759 760 762 763 764 769 770 772 775 776 777 778 779 780 782 783 785 786 787 790 795 796 798 803 805 806 808 810 811 812 813 814 815 816 817 818 819 820 821 822 823 826 828 829 830 831 832 833 837 840 841 843 844 845 847 849 850 852 857 858 859 860 861 863 867 868 869 872 873 874 875 879 882 884 887 888 889 891 892 894 895 897 898 899 900 901 902 903 904 905 906 907 910 911 912 913 914 917 920 921 922 923 924 925 928 929 931 933 934 936 937 939 942 944 945 946 947 950 952 953 954 956 958 959 964 966 969 970 971 972 974 975 976 977 978 979 980 981 983 984 985 986 988 989 992 993 995 996 997 998 999 1000

Cluster                 : 2
Maximum Distance        : 60
Minimum Distance        : 0
Average Distance        : 14.79
Standard Deviation      : 9.89
Coefficient of Variance : 0.67
Probability             : 376/1000 = 0.376
Cluster MFE (Structure 48): -50.50
Elements: 8 10 12 13 16 19 20 21 22 24 28 29 33 38 40 42 43 45 47 48 49 51 55 56 60 62 65 67 71 73 74 75 76 77 83 86 88 90 94 99 100 101 102 103 104 105 108 109 110 112 114 119 122 126 133 134 136 138 140 141 151 155 156 157 158 159 164 166 171 175 176 177 182 184 187 194 195 199 201 202 203 205 207 208 212 213 215 219 221 222 226 230 236 238 241 242 243 251 253 262 264 265 266 267 274 276 277 278 280 284 286 287 289 292 293 298 299 304 305 308 309 311 315 317 318 321 324 327 330 337 339 341 342 343 344 346 347 352 356 357 358 360 361 364 366 368 371 374 375 377 383 389 390 391 394 397 401 405 422 428 429 430 432 439 443 446 449 450 451 456 458 460 461 465 467 469 470 473 474 476 477 478 483 484 493 498 501 502 507 515 517 519 524 526 527 528 529 532 533 537 540 542 544 545 548 549 553 554 557 558 559 560 561 565 567 573 577 584 586 587 589 590 591 593 596 601 606 608 609 612 616 619 620 623 627 629 630 632 634 635 640 642 643 644 647 655 659 660 661 663 664 667 671 676 677 679 682 685 686 688 692 693 695 696 697 698 704 705 708 716 719 720 722 724 726 727 734 737 738 739 744 750 753 754 756 758 761 765 766 767 768 771 773 774 781 784 788 789 791 792 793 794 797 799 800 801 802 804 807 809 824 825 827 834 835 836 838 839 842 846 848 851 853 854 855 856 862 864 865 866 870 871 876 877 878 880 881 883 885 886 890 893 896 908 909 915 916 918 919 926 927 930 932 935 938 940 941 943 948 949 951 955 957 960 961 962 963 965 967 968 973 982 987 990 991 994


Minimum distance matrix between clusters
    0   27
   27    0

Maximum distance matrix between clusters
    0   65
   65    0

Average distance matrix between clusters
    0.00   46.15
   46.15    0.00

Distance matrix between cluster centroids
    0   44
   44    0

