    1 U A  0.844 0.493 0.080
    2 A T  0.505 0.187 0.015
    3 G C  0.194 0.091 0.002
    4 G C  0.094 0.021 0.001
    5 G C  0.021 0.002 0.001
    6 G C  0.309 0.307 0.001
    7 G C  0.323 0.018 0.002
    8 G C  0.282 0.082 0.081
    9 U A  0.327 0.323 0.087
   10 C G  0.360 0.359 0.038
   11 A T  0.942 0.380 0.296
   12 G C  0.380 0.296 0.296
   13 G C  0.302 0.302 0.296
   14 G C  0.376 0.318 0.312
   15 U A  0.435 0.417 0.351
   16 C G  0.655 0.655 0.343
   17 A T  0.673 0.606 0.297
   18 G C  0.606 0.356 0.073
   19 G C  0.383 0.324 0.022
   20 A T  0.705 0.460 0.372
   21 G C  0.755 0.386 0.336
   22 C G  0.389 0.377 0.327
   23 C G  0.377 0.338 0.326
   24 C G  0.348 0.336 0.325
   25 C G  0.343 0.340 0.006
   26 C G  0.375 0.326 0.000
   27 C G  0.340 0.008 0.000
   28 C G  0.020 0.014 0.001
   29 C G  0.015 0.003 0.001
   30 U A  0.008 0.003 0.003
   31 G C  0.053 0.053 0.029
   32 A T  0.637 0.455 0.206
   33 A T  0.818 0.360 0.198
   34 C G  0.360 0.357 0.092
   35 C G  0.368 0.209 0.088
   36 C G  0.215 0.100 0.085
   37 A T  0.721 0.707 0.140
   38 G C  0.708 0.148 0.105
   39 G C  0.160 0.151 0.115
   40 A T  0.403 0.338 0.330
   41 U A  0.382 0.381 0.176
   42 A T  0.765 0.757 0.070
   43 A T  0.991 0.412 0.290
   44 C G  0.413 0.295 0.254
   45 C G  0.296 0.291 0.244
   46 C G  0.292 0.255 0.245
   47 U A  0.287 0.274 0.268
   48 C G  0.696 0.695 0.193
   49 A T  0.998 0.911 0.358
   50 C G  0.913 0.408 0.251
   51 U A  0.438 0.389 0.279
   52 G C  0.393 0.283 0.079
   53 U A  0.295 0.290 0.028
   54 C G  0.324 0.122 0.055
   55 G C  0.633 0.410 0.327
   56 G C  0.413 0.336 0.054
   57 G C  0.337 0.327 0.023
   58 G C  0.335 0.061 0.026
   59 G C  0.288 0.256 0.098
   60 G C  0.557 0.388 0.000
   61 C G  0.527 0.471 0.000
   62 A T  0.582 0.000 0.000
