Structure 1
1 31
2 30
3 29
4 28
5 27
6 26
7 25
12 24
13 23
14 22
15 21
34 59
35 58
36 57
39 54
40 53
41 52
42 51
Structure 2
2 30
3 29
4 28
5 27
6 26
7 25
8 24
12 23
13 22
15 20
31 61
34 58
35 57
36 56
39 54
40 53
41 52
42 51
Structure 3
1 31
2 30
3 29
4 28
5 27
6 26
7 25
8 24
12 23
13 22
15 20
34 59
35 58
36 57
39 54
40 53
41 52
42 51
Structure 4
1 31
2 30
3 29
4 28
5 27
6 26
7 25
8 24
12 23
13 22
44 60
45 59
46 58
47 57
48 56
Structure 5
2 30
3 29
4 28
5 27
6 26
7 25
8 24
12 23
13 22
31 61
34 58
35 57
36 56
39 54
40 53
41 52
42 51
Structure 6
2 30
3 29
4 28
5 27
6 26
7 25
8 24
12 23
13 22
15 20
44 60
45 59
46 58
47 57
48 56
50 55
Structure 7
1 31
2 30
3 29
4 28
5 27
6 26
7 25
12 24
13 23
14 22
15 21
44 59
45 58
46 57
47 56
48 55
Structure 8
1 31
2 30
3 29
4 28
5 27
6 26
7 25
8 24
12 23
13 22
15 20
34 58
35 57
36 56
39 54
40 53
41 52
42 51
Structure 9
1 31
2 30
3 29
4 28
5 27
6 26
7 25
8 24
13 23
14 22
15 21
39 61
44 57
45 56
46 55
Structure 10
3 29
4 28
5 27
6 26
7 25
8 24
12 23
13 22
30 62
31 61
34 58
35 57
36 56
39 54
40 53
41 52
42 51
Structure 11
3 29
4 28
5 27
6 26
7 25
12 24
13 23
14 22
15 21
30 62
31 61
34 58
35 57
36 56
39 54
40 53
41 52
42 51
Structure 12
1 31
2 30
3 29
4 28
5 27
6 26
7 25
8 24
9 20
10 19
44 59
45 58
46 57
47 56
48 55
Structure 13
1 31
2 30
3 29
4 28
5 27
6 26
7 25
8 24
12 23
13 22
15 20
34 58
35 57
36 56
39 54
40 53
41 52
42 51
Structure 14
3 28
4 27
5 26
6 25
7 24
8 23
10 21
30 62
31 61
34 58
35 57
36 56
39 54
40 53
41 52
42 51
Structure 15
3 30
4 29
5 28
6 27
7 26
8 25
12 24
13 23
14 22
31 61
34 58
35 57
36 56
39 54
40 53
41 52
42 51
Structure 16
3 30
4 29
5 28
6 27
7 26
8 25
12 24
13 23
14 22
15 21
31 61
34 58
35 57
36 56
39 54
40 53
41 52
42 51
Structure 17
4 29
5 28
6 27
7 26
8 25
12 24
13 23
14 22
15 21
30 62
31 61
34 58
35 57
36 56
39 54
40 53
41 52
42 51
Structure 18
3 29
4 28
5 27
6 26
7 25
8 24
12 23
13 22
30 62
31 61
34 58
35 57
36 56
39 54
40 53
41 52
42 51
Structure 19
1 31
2 30
3 29
4 28
5 27
6 26
7 25
12 24
13 23
14 22
15 21
41 62
44 59
45 58
46 57
47 56
Structure 20
4 29
5 28
6 27
7 26
8 25
12 24
13 23
14 22
15 21
30 62
31 61
34 58
35 57
36 56
39 54
40 53
41 52
42 51
Structure 21
1 31
2 30
3 29
4 28
5 27
6 26
7 25
8 24
13 23
14 22
15 21
34 58
35 57
36 56
39 54
40 53
41 52
42 51
Structure 22
2 30
3 29
4 28
5 27
6 26
7 25
8 24
12 23
13 22
15 20
31 61
34 58
35 57
36 56
39 54
40 53
41 52
42 51
Structure 23
1 31
2 30
3 29
4 28
5 27
6 26
7 25
12 24
13 23
14 22
15 21
34 59
35 58
36 57
39 54
40 53
41 52
42 51
Structure 24
1 31
2 30
3 29
4 28
5 27
6 26
7 25
8 24
12 23
13 22
15 20
41 62
44 59
45 58
46 57
47 56
48 55
Structure 25
2 30
3 29
4 28
5 27
6 26
7 25
8 24
13 23
14 22
15 21
31 61
34 58
35 57
36 56
39 54
40 53
41 52
42 51
Structure 26
1 31
2 30
3 29
4 28
5 27
6 26
7 25
8 24
12 23
13 22
15 20
34 58
35 57
36 56
39 54
40 53
41 52
42 51
Structure 27
2 30
3 29
4 28
5 27
6 26
7 25
12 24
13 23
14 22
31 61
34 58
35 57
36 56
39 54
40 53
41 52
42 51
Structure 28
1 31
2 30
3 29
4 28
5 27
6 26
7 25
8 24
13 23
14 22
15 21
34 59
35 58
36 57
39 54
40 53
41 52
42 51
Structure 29
2 30
3 29
4 28
5 27
6 26
7 25
8 24
13 23
14 22
15 21
31 61
34 58
35 57
36 56
39 54
40 53
41 52
Structure 30
1 31
2 30
3 29
4 28
5 27
6 26
7 25
12 24
13 23
14 22
44 59
45 58
46 57
47 56
Structure 31
3 29
4 28
5 27
6 26
7 25
12 24
13 23
14 22
15 21
30 62
31 61
34 58
35 57
36 56
39 54
40 53
41 52
42 51
Structure 32
3 29
4 28
5 27
6 26
7 25
12 24
13 23
14 22
15 21
30 62
31 61
34 58
35 57
36 56
39 54
40 53
41 52
42 51
Structure 33
3 30
4 29
5 28
6 27
7 26
8 25
12 24
13 23
14 22
31 61
34 58
35 57
36 56
39 54
40 53
41 52
42 51
Structure 34
2 30
3 29
4 28
5 27
6 26
7 25
12 24
13 23
14 22
15 21
34 59
35 58
36 57
39 54
40 53
41 52
Structure 35
3 27
4 26
5 25
6 24
7 23
8 22
9 20
10 19
30 62
31 61
34 58
35 57
36 56
39 54
40 53
41 52
42 51
Structure 36
1 31
2 30
3 29
4 28
5 27
6 26
7 25
12 24
13 23
14 22
15 21
34 59
35 58
36 57
39 54
40 53
41 52
42 51
Structure 37
2 30
3 29
4 28
5 27
6 26
7 25
8 24
13 23
14 22
15 21
31 61
34 58
35 57
36 56
39 54
40 53
41 52
42 51
Structure 38
2 30
3 29
4 28
5 27
6 26
7 25
8 24
12 23
13 22
34 59
35 58
36 57
39 54
40 53
41 52
42 51
Structure 39
4 29
5 28
6 27
7 26
8 25
12 24
13 23
14 22
30 62
31 61
34 58
35 57
36 56
39 54
40 53
41 52
42 51
Structure 40
4 29
5 28
6 27
7 26
8 25
12 24
13 23
14 22
15 21
30 62
31 61
34 58
35 57
36 56
39 54
40 53
41 52
42 51
Structure 41
3 26
4 25
5 24
6 23
7 22
9 20
10 19
30 62
31 61
34 58
35 57
36 56
39 54
40 53
41 52
42 51
Structure 42
4 29
5 28
6 27
7 26
8 25
12 24
13 23
14 22
15 21
30 62
31 61
34 58
35 57
36 56
39 54
40 53
41 52
42 51
Structure 43
4 29
5 28
6 27
7 26
8 25
12 24
13 23
14 22
15 21
30 62
31 61
34 58
35 57
36 56
39 54
40 53
41 52
42 51
Structure 44
2 30
3 29
4 28
5 27
6 26
7 25
12 24
13 23
14 22
15 21
31 61
34 58
35 57
36 56
39 54
40 53
41 52
42 51
Structure 45
3 27
4 26
5 25
6 24
7 23
8 22
9 21
10 19
30 62
31 61
34 58
35 57
36 56
39 54
40 53
41 52
42 51
Structure 46
2 30
3 29
4 28
5 27
6 26
7 25
8 24
12 23
13 22
15 20
31 61
34 58
35 57
36 56
39 54
40 53
41 52
42 51
Structure 47
1 31
2 30
3 29
4 28
5 27
6 26
7 25
12 24
13 23
14 22
15 21
41 62
44 59
45 58
46 57
47 56
48 55
Structure 48
2 30
3 29
4 28
5 27
6 26
7 25
8 24
12 23
13 22
15 20
41 62
44 59
45 58
46 57
47 56
48 55
Structure 49
3 29
4 28
5 27
6 26
7 25
8 24
12 23
13 22
15 20
30 62
31 61
34 58
35 57
36 56
39 54
40 53
41 52
42 51
Structure 50
1 31
2 30
3 29
4 28
5 27
6 26
7 25
12 24
13 23
14 22
15 21
34 60
35 59
36 58
39 54
40 53
41 52
42 51
Structure 51
3 30
4 29
5 28
6 27
7 26
8 25
12 24
13 23
14 22
15 21
31 61
34 58
35 57
36 56
39 54
40 53
41 52
42 51
Structure 52
3 29
4 28
5 27
6 26
7 25
12 24
13 23
14 22
30 62
31 61
34 58
35 57
36 56
39 54
40 53
41 52
Structure 53
1 31
2 30
3 29
4 28
5 27
6 26
7 25
8 24
12 23
13 22
15 19
34 59
35 58
36 57
39 54
40 53
41 52
42 51
Structure 54
4 29
5 28
6 27
7 26
8 25
12 24
13 23
14 22
15 21
30 62
31 61
34 58
35 57
36 56
39 54
40 53
41 52
42 51
Structure 55
2 30
3 29
4 28
5 27
6 26
7 25
8 24
12 23
13 22
31 61
34 58
35 57
36 56
39 54
40 53
41 52
42 51
Structure 56
1 31
2 30
3 29
4 28
5 27
6 26
7 25
8 24
13 23
14 22
34 59
35 58
36 57
39 54
40 53
41 52
42 51
Structure 57
4 29
5 28
6 27
7 26
8 25
12 24
13 23
14 22
30 62
31 61
34 58
35 57
36 56
39 54
40 53
41 52
42 51
Structure 58
2 30
3 29
4 28
5 27
6 26
7 25
8 24
13 23
14 22
15 21
31 61
34 58
35 57
36 56
39 54
40 53
41 52
Structure 59
4 29
5 28
6 27
7 26
8 25
12 24
13 23
14 22
15 21
30 62
31 61
34 58
35 57
36 56
39 54
40 53
41 52
42 51
Structure 60
2 30
3 29
4 28
5 27
6 26
7 25
12 24
13 23
14 22
44 59
45 58
46 57
47 56
48 55
Structure 61
3 27
4 26
5 25
6 24
7 23
8 22
9 20
10 19
30 62
31 61
34 58
35 57
36 56
39 54
40 53
41 52
42 51
Structure 62
3 29
4 28
5 27
6 26
7 25
8 24
13 23
14 22
15 21
30 62
31 61
34 58
35 57
36 56
39 54
40 53
41 52
42 51
Structure 63
2 30
3 29
4 28
5 27
6 26
7 25
8 24
13 23
14 22
41 62
44 59
45 58
46 57
47 56
48 55
Structure 64
1 31
2 30
3 29
4 28
5 27
6 26
7 25
8 24
12 23
13 22
15 20
34 59
35 58
36 57
39 54
40 53
41 52
42 51
Structure 65
4 29
5 28
6 27
7 26
8 25
12 24
13 23
14 22
15 21
30 62
31 61
34 58
35 57
36 56
39 54
40 53
41 52
Structure 66
1 31
2 30
3 29
4 28
5 27
6 26
7 25
12 24
13 23
14 22
34 59
35 58
36 57
39 54
40 53
41 52
42 51
Structure 67
3 29
4 28
5 27
6 26
7 25
8 24
13 23
14 22
16 21
30 62
31 61
34 58
35 57
36 56
39 54
40 53
41 52
Structure 68
1 31
2 30
3 29
4 28
5 27
6 26
7 25
8 24
12 23
13 22
15 20
34 59
35 58
36 57
39 54
40 53
41 52
42 51
Structure 69
4 29
5 28
6 27
7 26
8 25
12 24
13 23
14 22
30 62
31 61
34 58
35 57
36 56
39 54
40 53
41 52
42 51
Structure 70
2 30
3 29
4 28
5 27
6 26
7 25
8 24
12 23
13 22
15 20
31 61
34 58
35 57
36 56
39 54
40 53
41 52
42 51
Structure 71
1 31
2 30
3 29
4 28
5 27
6 26
7 25
8 24
13 23
14 22
15 21
34 59
35 58
36 57
39 54
40 53
41 52
42 51
Structure 72
4 29
5 28
6 27
7 26
8 25
12 24
13 23
14 22
15 21
30 62
31 61
34 58
35 57
36 56
39 54
40 53
41 52
42 51
Structure 73
1 31
2 30
3 29
4 28
5 27
6 26
7 25
12 24
13 23
14 22
15 21
34 59
35 58
36 57
39 54
40 53
41 52
42 51
Structure 74
1 31
2 30
3 29
4 28
5 27
6 26
7 25
8 24
13 23
14 22
15 21
34 58
35 57
36 56
40 53
41 52
42 51
Structure 75
3 29
4 28
5 27
6 26
7 25
12 24
13 23
14 22
15 21
30 62
31 61
34 58
35 57
36 56
39 54
40 53
41 52
42 51
Structure 76
2 30
3 29
4 28
5 27
6 26
7 25
8 24
13 23
14 22
15 21
31 61
34 59
35 58
36 57
39 54
40 53
41 52
42 51
Structure 77
1 31
2 30
3 29
4 28
5 27
6 26
7 25
8 24
12 23
13 22
34 59
35 58
36 57
39 54
40 53
41 52
42 51
Structure 78
1 31
2 30
3 29
4 28
5 27
6 26
7 25
8 24
12 23
13 22
34 59
35 58
36 57
39 54
40 53
41 52
42 51
Structure 79
2 30
3 29
4 28
5 27
6 26
7 25
8 24
13 23
14 22
15 21
34 59
35 58
36 57
39 54
40 53
41 52
42 51
Structure 80
2 30
3 29
4 28
5 27
6 26
7 25
12 24
13 23
14 22
15 21
34 59
35 58
36 57
39 54
40 53
41 52
42 51
Structure 81
1 31
2 30
3 29
4 28
5 27
6 26
7 25
8 24
12 23
13 22
15 20
34 60
35 59
36 58
44 57
45 56
46 55
Structure 82
3 29
4 28
5 27
6 26
7 24
8 23
30 62
31 61
34 58
35 57
36 56
39 54
40 53
41 52
42 51
Structure 83
1 31
2 30
3 29
4 28
5 27
6 26
7 25
12 24
13 23
14 22
15 21
34 59
35 58
36 57
39 54
40 53
41 52
42 51
Structure 84
3 30
4 29
5 28
6 27
7 26
8 25
12 24
13 23
14 22
15 21
31 61
34 58
35 57
36 56
39 54
40 53
41 52
Structure 85
3 29
4 28
5 27
6 26
7 25
8 24
13 23
14 22
30 62
31 61
34 58
39 54
40 53
41 52
42 51
Structure 86
1 31
2 30
3 29
4 28
5 27
6 26
7 25
8 24
13 23
14 22
15 21
44 59
45 58
46 57
47 56
48 55
Structure 87
3 30
4 29
5 28
6 27
7 26
8 25
12 24
13 23
14 22
15 21
44 59
45 58
46 57
47 56
48 55
Structure 88
1 31
2 30
3 29
4 28
5 27
6 26
7 25
12 24
13 23
14 22
15 21
44 60
45 59
46 58
47 57
48 56
Structure 89
3 30
4 29
5 28
6 27
7 26
8 25
12 24
13 23
14 22
15 21
31 61
34 58
35 57
36 56
39 54
40 53
41 52
42 51
Structure 90
2 30
3 29
4 28
5 27
6 26
7 25
12 24
13 23
14 22
15 21
31 61
34 58
35 57
36 56
37 47
38 46
39 45
Structure 91
1 31
2 30
3 29
4 28
5 27
6 26
7 25
8 24
12 23
13 22
15 20
44 59
45 58
46 57
47 56
48 55
Structure 92
1 31
2 30
3 29
4 28
5 27
6 26
7 25
8 24
13 23
14 22
15 21
44 59
45 58
46 57
47 56
48 55
Structure 93
3 30
4 29
5 28
6 27
7 26
8 25
12 24
13 23
14 22
15 21
34 59
35 58
36 57
39 54
40 53
41 52
42 51
Structure 94
1 31
2 30
3 29
4 28
5 27
6 26
7 25
12 24
13 23
14 22
15 21
34 59
35 58
36 57
39 54
40 53
41 52
42 51
Structure 95
1 31
2 30
3 29
4 28
5 27
6 26
7 25
12 24
13 23
14 22
15 21
41 62
44 59
45 58
46 57
47 56
48 55
Structure 96
1 31
2 30
3 29
4 28
5 27
6 26
7 25
8 24
12 23
13 22
15 20
34 59
35 58
36 57
39 54
40 53
41 52
42 51
Structure 97
3 29
4 28
5 27
6 26
7 25
8 24
12 23
13 22
15 20
30 62
31 61
34 58
35 57
36 56
39 54
40 53
41 52
42 51
Structure 98
2 30
3 29
4 28
5 27
6 26
7 25
12 24
13 23
14 22
15 21
34 59
35 58
36 57
39 54
40 53
41 52
42 51
Structure 99
2 30
3 29
4 28
5 27
6 26
7 25
8 24
13 23
14 22
31 61
34 58
35 57
36 56
39 54
40 53
41 52
42 51
Structure 100
1 31
2 30
3 29
4 28
5 27
6 26
7 25
8 24
12 23
13 22
15 20
44 59
45 58
46 57
47 56
48 55
Structure 101
3 30
4 29
5 28
6 27
7 26
8 25
12 24
13 23
14 22
15 21
31 61
34 58
35 57
36 56
37 51
38 50
39 48
Structure 102
1 31
2 30
3 29
4 28
5 27
6 26
7 25
8 24
13 23
14 22
16 21
34 58
35 57
36 56
39 54
40 53
41 52
42 51
Structure 103
1 31
2 30
3 29
4 28
5 27
6 26
7 25
8 24
13 23
14 22
15 21
34 59
35 58
36 57
39 54
40 53
41 52
42 51
Structure 104
2 30
3 29
4 28
5 27
6 26
7 25
12 24
13 23
14 22
15 21
31 61
34 58
35 57
36 56
39 54
40 53
41 52
42 51
Structure 105
3 30
4 29
5 28
6 27
7 26
8 25
12 24
13 23
14 22
15 21
31 61
34 58
35 57
36 56
39 54
40 53
41 52
42 51
Structure 106
2 30
3 29
4 28
5 27
6 26
7 25
12 24
13 23
14 22
16 21
41 62
44 59
45 58
46 57
47 56
48 55
Structure 107
3 29
4 28
5 27
6 26
7 25
8 24
13 23
14 22
15 21
34 59
35 58
36 57
39 54
40 53
41 52
42 51
Structure 108
2 30
3 29
4 28
5 27
6 26
7 25
12 24
13 23
14 22
15 21
31 61
34 59
35 58
36 57
39 54
40 53
41 52
42 51
Structure 109
3 27
4 26
5 25
6 24
7 23
8 22
9 21
30 62
31 61
34 58
35 57
36 56
39 54
40 53
41 52
42 51
Structure 110
4 29
5 28
6 27
7 26
8 25
12 24
13 23
14 22
30 62
31 61
34 58
35 57
36 56
39 54
40 53
41 52
42 51
Structure 111
3 30
4 29
5 28
6 27
7 26
8 25
12 24
13 23
14 22
15 21
44 60
45 59
46 58
47 57
48 56
Structure 112
3 29
4 28
5 27
6 26
7 25
12 24
13 23
14 22
15 21
34 59
35 58
36 57
39 54
40 53
41 52
42 51
Structure 113
1 31
2 30
3 29
4 28
5 27
6 26
7 25
8 24
12 23
13 22
15 20
34 59
35 58
36 57
39 54
40 53
41 52
42 51
Structure 114
1 31
2 30
3 29
4 28
5 27
6 26
7 25
12 24
13 23
14 22
15 21
44 59
45 58
46 57
47 56
48 55
Structure 115
4 29
5 28
6 27
7 26
8 25
12 24
13 23
14 22
30 62
31 61
34 58
35 57
36 56
39 54
40 53
41 52
42 51
Structure 116
1 31
2 30
3 29
4 28
5 27
6 26
7 25
8 24
13 23
14 22
15 21
44 59
45 58
46 57
47 56
48 55
Structure 117
1 31
2 30
3 29
4 28
5 27
6 26
7 25
8 24
13 23
14 22
15 20
44 59
45 58
46 57
47 56
48 55
Structure 118
3 30
4 29
5 28
6 27
7 26
8 25
12 24
13 23
14 22
15 21
41 62
44 59
45 58
46 57
47 56
48 55
Structure 119
1 31
2 30
3 29
4 28
5 27
6 26
7 25
8 24
13 23
14 22
15 21
44 59
45 58
46 57
47 56
48 55
Structure 120
1 31
2 30
3 29
4 28
5 27
6 26
7 25
8 24
13 23
14 22
15 21
41 62
44 59
45 58
46 57
47 56
48 55
Structure 121
3 30
4 29
5 28
6 27
7 26
8 25
12 24
13 23
14 22
15 21
31 61
34 58
35 57
36 56
39 54
40 53
Structure 122
1 31
2 30
3 29
4 28
5 27
6 26
7 25
12 24
13 23
14 22
16 21
44 59
45 58
46 57
47 56
Structure 123
2 30
3 29
4 28
5 27
6 26
7 25
12 24
13 23
14 22
15 21
31 61
34 58
35 57
36 56
39 54
40 53
41 52
42 51
Structure 124
4 29
5 28
6 27
7 26
8 25
12 24
13 23
14 22
15 21
30 62
31 61
34 58
35 57
36 56
39 54
40 53
41 52
42 51
Structure 125
3 30
4 29
5 28
6 27
7 26
8 25
12 24
13 23
14 22
15 21
41 62
44 59
45 58
46 57
47 56
48 55
Structure 126
3 30
4 29
5 28
6 27
7 26
12 24
13 23
14 22
15 21
34 60
35 59
36 58
39 54
40 53
41 52
42 51
Structure 127
1 31
2 30
3 29
4 28
5 27
6 26
7 25
12 24
13 23
14 22
15 21
35 58
36 57
39 54
40 53
41 52
42 51
Structure 128
1 31
2 30
3 29
4 28
5 27
6 26
7 25
8 24
13 23
14 22
15 21
44 60
45 59
46 58
47 57
48 56
Structure 129
4 29
5 28
6 27
7 26
8 25
12 24
13 23
14 22
15 21
30 62
31 61
34 58
35 57
36 56
39 54
40 53
41 52
42 51
Structure 130
3 30
4 29
5 28
6 27
7 26
8 25
12 24
13 23
14 22
15 21
34 59
35 58
36 57
39 54
40 53
41 52
42 51
Structure 131
1 31
2 30
3 29
4 28
5 27
6 26
7 25
8 24
13 23
14 22
15 20
44 60
45 59
46 58
48 56
Structure 132
2 30
3 29
4 28
5 27
6 26
7 25
8 24
12 23
13 22
15 20
31 61
34 58
35 57
36 56
39 54
40 53
41 52
42 51
Structure 133
2 30
3 29
4 28
5 27
6 26
7 25
12 24
13 23
14 22
15 21
31 61
34 58
35 57
36 56
39 54
40 53
41 52
42 51
Structure 134
1 31
2 30
3 29
4 28
5 27
6 26
7 25
8 24
13 23
14 22
15 21
34 59
35 58
36 57
39 54
40 53
41 52
42 51
Structure 135
1 31
2 30
3 29
4 28
5 27
6 26
7 25
8 24
13 23
14 22
15 21
34 59
35 58
36 57
39 54
40 53
41 52
42 51
Structure 136
2 30
3 29
4 28
5 27
6 26
7 25
8 24
13 23
14 22
15 21
31 61
34 58
35 57
36 56
39 54
40 53
41 52
42 51
Structure 137
3 30
4 29
5 28
6 27
7 26
8 25
12 24
13 23
14 22
15 21
31 61
34 58
35 57
36 56
39 54
40 53
41 52
42 51
Structure 138
4 29
5 28
6 27
7 26
8 25
12 24
13 23
14 22
15 21
30 62
31 61
34 58
35 57
36 56
39 54
40 53
41 52
42 51
Structure 139
3 30
4 29
5 28
6 27
7 26
8 25
12 24
13 23
14 22
15 21
31 61
34 58
35 57
36 56
39 54
40 53
41 52
42 51
Structure 140
1 31
2 30
3 29
4 28
5 27
6 26
7 25
8 24
13 23
14 22
34 58
35 57
36 56
39 54
40 53
41 52
42 51
Structure 141
2 30
3 29
4 28
5 27
6 26
7 25
8 24
12 23
13 22
31 61
34 58
35 57
36 56
39 54
40 53
41 52
42 51
Structure 142
2 30
3 29
4 28
5 27
6 26
7 25
8 24
13 23
14 22
31 61
34 58
35 57
36 56
39 54
40 53
41 52
42 51
Structure 143
1 31
2 30
3 29
4 28
5 27
6 26
7 25
12 24
13 23
14 22
41 62
44 59
45 58
46 57
47 56
48 55
Structure 144
3 29
4 28
5 27
6 26
7 25
8 24
13 23
14 22
15 21
30 62
31 61
34 58
35 57
36 56
39 54
40 53
41 52
42 51
Structure 145
1 31
2 30
3 29
4 28
5 27
6 26
7 25
8 24
12 23
13 22
15 20
34 58
35 57
36 56
39 54
40 53
41 52
42 51
Structure 146
1 31
2 30
3 29
4 28
5 27
6 26
7 25
8 24
12 23
13 22
15 20
44 59
45 58
46 57
47 56
48 55
Structure 147
3 30
4 29
5 28
6 27
7 26
8 25
12 24
13 23
14 22
15 21
44 59
45 58
46 57
47 56
48 55
Structure 148
3 30
4 29
5 28
6 27
7 26
8 25
12 24
13 23
14 22
15 21
31 61
34 58
35 57
36 56
39 54
40 53
41 52
42 51
Structure 149
1 31
2 30
3 29
4 28
5 27
6 26
7 25
8 24
12 23
13 22
44 59
45 58
46 57
47 56
Structure 150
2 30
3 29
4 28
5 27
6 26
7 25
8 24
13 23
14 22
15 21
31 61
34 58
35 57
36 56
39 54
40 53
41 52
42 51
Structure 151
1 31
2 30
3 29
4 28
5 27
6 26
7 25
12 24
13 23
14 22
15 21
34 58
35 57
36 56
39 54
40 53
41 52
42 51
Structure 152
1 31
2 30
3 29
4 28
5 27
6 26
7 25
8 24
12 23
13 22
15 20
34 59
35 58
36 57
39 54
40 53
41 52
42 51
Structure 153
1 31
2 30
3 29
4 28
5 27
6 26
7 25
8 24
13 23
14 22
16 21
44 59
45 58
46 57
47 56
48 55
Structure 154
1 31
2 30
3 29
4 28
5 27
6 26
7 25
12 24
13 23
14 22
16 21
34 59
35 58
36 57
39 54
40 53
41 52
42 51
Structure 155
1 31
2 30
3 29
4 28
5 27
6 26
7 25
12 24
13 23
14 22
15 21
41 62
44 59
45 58
46 57
47 56
48 55
Structure 156
3 29
4 28
5 27
6 26
7 25
8 24
12 23
13 22
15 20
30 62
31 61
34 58
35 57
36 56
39 54
40 53
41 52
42 51
Structure 157
4 29
5 28
6 27
7 26
8 25
12 24
13 23
14 22
15 21
30 62
31 61
34 58
35 57
36 56
39 54
40 53
41 52
42 51
Structure 158
1 31
2 30
3 29
4 28
5 27
6 26
7 25
8 24
12 23
13 22
15 20
44 59
45 58
46 57
47 56
48 55
Structure 159
1 31
2 30
3 29
4 28
5 27
6 26
7 25
8 24
12 23
13 22
15 20
44 59
45 58
46 57
47 56
48 55
Structure 160
4 29
5 28
6 27
7 26
8 25
12 24
13 23
14 22
15 21
30 62
31 61
34 58
35 57
36 56
39 54
40 53
41 52
42 51
Structure 161
1 31
2 30
3 29
4 28
5 27
6 26
7 25
8 24
13 23
14 22
15 21
44 59
45 58
46 57
47 56
48 55
Structure 162
1 31
2 30
3 29
4 28
5 27
6 26
7 25
12 24
13 23
14 22
15 21
34 59
35 58
36 57
39 54
40 53
41 52
42 51
Structure 163
1 31
2 30
3 29
4 28
5 27
6 26
7 25
12 24
13 23
14 22
15 21
44 59
45 58
46 57
47 56
48 55
Structure 164
1 31
2 30
3 29
4 28
5 27
6 26
7 25
8 24
12 23
13 22
15 20
44 59
45 58
46 57
47 56
48 55
Structure 165
1 31
2 30
3 29
4 28
5 27
6 26
7 25
12 24
13 23
14 22
15 21
41 62
44 59
45 58
46 57
47 56
48 55
Structure 166
3 29
4 28
5 27
6 26
7 25
12 24
13 23
14 22
15 21
30 62
31 61
34 58
35 57
36 56
39 54
40 53
41 52
42 51
Structure 167
3 29
4 28
5 27
6 26
7 25
12 24
13 23
14 22
15 21
30 62
31 61
34 58
35 57
36 56
39 54
40 53
41 52
42 51
Structure 168
3 29
4 28
5 27
6 26
7 25
8 24
13 23
14 22
15 21
30 62
31 61
34 58
35 57
36 56
39 54
40 53
41 52
42 51
Structure 169
1 31
2 30
3 29
4 28
5 27
6 26
7 25
8 24
13 23
14 22
15 21
44 59
45 58
46 57
47 56
48 55
Structure 170
1 31
2 30
3 29
4 28
5 27
6 26
7 25
8 24
13 23
14 22
15 21
44 60
45 59
46 58
47 57
48 56
50 55
Structure 171
1 31
2 30
3 29
4 28
5 27
6 26
7 25
8 24
13 23
14 22
15 21
34 59
35 58
36 57
39 54
40 53
41 52
42 51
Structure 172
1 31
2 30
3 29
4 28
5 27
6 26
7 25
8 24
12 23
13 22
15 20
34 59
35 58
36 57
39 54
40 53
41 52
42 51
Structure 173
1 31
2 30
3 29
4 28
5 27
6 26
7 25
8 24
13 23
14 22
15 21
41 62
44 59
45 58
46 57
47 56
48 55
Structure 174
1 31
2 30
3 29
4 28
5 27
6 26
7 25
8 24
12 23
13 22
15 20
34 59
35 58
36 57
39 54
40 53
41 52
42 51
Structure 175
1 31
2 30
3 29
4 28
5 27
6 26
7 25
8 24
13 23
14 22
15 21
44 59
45 58
46 57
47 56
Structure 176
3 30
4 29
5 28
6 27
7 26
8 25
12 24
13 23
14 22
15 21
44 59
45 58
46 57
47 56
48 55
Structure 177
3 29
4 28
5 27
6 26
7 25
8 24
12 23
13 22
15 20
31 61
34 58
35 57
36 56
39 54
40 53
41 52
Structure 178
2 30
3 29
4 28
5 27
6 26
7 25
12 24
13 23
14 22
15 21
31 61
34 58
35 57
36 56
39 54
40 53
41 52
42 51
Structure 179
1 31
2 30
3 29
4 28
5 27
6 26
7 25
8 24
12 23
13 22
15 20
34 58
35 57
36 56
39 54
40 53
41 52
42 51
Structure 180
3 29
4 28
5 27
6 26
7 25
8 24
12 23
13 22
15 20
30 62
31 61
34 58
35 57
36 56
39 54
40 53
41 52
42 51
Structure 181
1 31
2 30
3 29
4 28
5 27
6 26
7 25
12 24
13 23
14 22
34 59
35 58
36 57
39 54
40 53
41 52
42 51
Structure 182
1 31
2 30
3 29
4 28
5 27
6 26
7 25
8 24
13 23
14 22
15 21
34 60
35 59
36 58
39 54
40 53
41 52
42 51
Structure 183
2 30
3 29
4 28
5 27
6 26
7 25
8 24
13 23
14 22
15 21
44 60
45 59
46 58
47 57
48 56
Structure 184
1 31
2 30
3 29
4 28
5 27
6 26
7 25
8 24
13 23
14 22
34 60
35 59
36 58
39 54
40 53
41 52
42 51
Structure 185
2 30
3 29
4 28
5 27
6 26
7 25
8 24
12 23
13 22
44 59
45 58
46 57
47 56
48 55
Structure 186
2 30
3 29
4 28
5 27
6 26
7 25
8 24
12 23
13 22
15 20
31 61
34 58
35 57
36 56
39 54
40 53
41 52
42 51
Structure 187
1 31
2 30
3 29
4 28
5 27
6 26
7 25
8 24
13 23
14 22
15 21
41 62
44 59
45 58
46 57
47 56
48 55
Structure 188
1 31
2 30
3 29
4 28
5 27
6 26
7 25
8 24
12 23
13 22
15 20
34 59
35 58
36 57
39 54
40 53
41 52
42 51
Structure 189
3 29
4 28
5 27
6 26
7 25
8 24
12 23
13 22
15 20
30 62
31 61
34 58
35 57
36 56
39 54
40 53
41 52
42 51
Structure 190
3 30
4 29
5 28
6 27
7 26
8 25
12 24
13 23
14 22
15 21
31 61
34 58
35 57
36 56
39 54
40 53
41 52
42 51
Structure 191
2 30
3 29
4 28
5 27
6 26
7 25
8 24
13 23
14 22
34 59
35 58
36 57
39 54
40 53
41 52
42 51
Structure 192
3 27
4 26
5 25
6 24
7 23
8 22
9 21
30 62
31 61
34 58
35 57
36 56
39 54
40 53
41 52
42 51
Structure 193
3 29
4 28
5 27
6 26
7 25
12 24
13 23
14 22
15 21
30 62
31 61
34 58
35 57
36 56
39 54
40 53
41 52
42 51
Structure 194
3 30
4 29
5 28
6 27
7 26
8 25
12 24
13 23
14 22
15 21
31 61
34 58
35 57
36 56
39 54
40 53
41 52
42 51
Structure 195
1 31
2 30
3 29
4 28
5 27
6 26
7 25
12 24
13 23
14 22
15 21
44 60
45 59
46 58
47 57
48 56
Structure 196
3 30
4 29
5 28
6 27
7 26
8 25
12 24
13 23
14 22
16 21
31 61
34 58
35 57
36 56
37 47
38 46
39 45
Structure 197
1 31
2 30
3 29
4 28
5 27
6 26
7 25
12 24
13 23
14 22
15 21
34 59
35 58
36 57
39 54
40 53
41 52
42 51
Structure 198
3 30
4 29
5 28
6 27
7 26
8 25
12 24
13 23
14 22
15 21
31 61
34 58
35 57
36 56
39 54
40 53
41 52
42 51
Structure 199
3 27
4 26
5 25
6 24
7 23
8 22
9 20
10 19
30 62
31 61
34 58
35 57
36 56
39 54
40 53
41 52
42 51
Structure 200
1 31
2 30
3 29
4 28
5 27
6 26
7 25
8 24
9 20
10 19
34 59
35 58
36 57
39 54
40 53
41 52
42 51
Structure 201
3 29
4 28
5 27
6 26
7 25
8 24
13 23
14 22
30 62
31 61
34 58
35 57
36 56
39 54
40 53
41 52
42 51
Structure 202
1 31
2 30
3 29
4 28
5 27
6 26
7 25
8 24
13 23
14 22
15 21
34 59
35 58
36 57
39 54
40 53
41 52
42 51
Structure 203
2 30
3 29
4 28
5 27
6 26
7 25
8 24
12 23
13 22
15 20
34 59
35 58
36 57
39 54
40 53
41 52
42 51
Structure 204
4 29
5 28
6 27
7 26
8 25
12 24
13 23
14 22
15 21
30 62
31 61
34 58
35 57
36 56
39 54
40 53
41 52
42 51
Structure 205
1 31
2 30
3 29
4 28
5 27
6 26
7 25
12 24
13 23
14 22
34 59
35 58
36 57
39 54
40 53
41 52
42 51
Structure 206
4 29
5 28
6 27
7 26
8 25
12 24
13 23
14 22
15 21
30 62
31 61
34 58
35 57
36 56
39 54
40 53
41 52
42 51
Structure 207
3 30
4 29
5 28
6 27
7 26
8 25
12 24
13 23
14 22
44 59
45 58
46 57
47 56
48 55
Structure 208
1 31
2 30
3 29
4 28
5 27
6 26
7 25
12 24
13 23
14 22
15 21
34 59
35 58
36 57
39 54
40 53
41 52
42 51
Structure 209
3 30
4 29
5 28
6 27
7 26
8 25
12 24
13 23
14 22
15 21
31 61
34 58
35 57
36 56
39 54
40 53
41 52
42 51
Structure 210
1 31
2 30
3 29
4 28
5 27
6 26
7 25
8 24
13 23
14 22
44 59
45 58
46 57
47 56
48 55
Structure 211
3 30
4 29
5 28
6 27
7 26
8 25
12 24
13 23
14 22
16 21
31 61
34 58
35 57
36 56
39 54
40 53
41 52
42 51
Structure 212
2 30
3 29
4 28
5 27
6 26
7 25
8 24
12 23
13 22
15 20
31 61
34 58
35 57
36 56
39 54
40 53
41 52
42 51
Structure 213
2 30
3 29
4 28
5 27
6 26
7 25
12 24
13 23
14 22
41 62
44 59
45 58
46 57
47 56
48 55
Structure 214
2 30
3 29
4 28
5 27
6 26
7 25
8 24
13 23
14 22
15 21
44 59
45 58
46 57
47 56
48 55
Structure 215
3 30
4 29
5 28
6 27
7 26
8 25
12 24
13 23
14 22
15 21
31 61
34 58
35 57
36 56
39 54
40 53
41 52
42 51
Structure 216
4 29
5 28
6 27
7 26
8 25
12 24
13 23
14 22
15 21
30 62
31 61
34 58
35 57
36 56
39 54
40 53
Structure 217
3 29
4 28
5 27
6 26
7 25
8 24
13 23
14 22
30 62
31 61
34 58
35 57
36 56
39 54
40 53
41 52
42 51
Structure 218
1 31
2 30
3 29
4 28
5 27
6 26
7 25
8 24
12 23
13 22
15 20
41 62
44 59
45 58
46 57
47 56
48 55
Structure 219
2 30
3 29
4 28
5 27
6 26
7 25
8 24
13 23
14 22
15 21
31 61
34 58
35 57
36 56
39 54
40 53
41 52
42 51
Structure 220
1 31
2 30
3 29
4 28
5 27
6 26
7 25
12 24
13 23
14 22
15 21
41 62
44 59
45 58
46 57
47 56
48 55
Structure 221
1 31
2 30
3 29
4 28
5 27
6 26
7 25
8 24
13 23
14 22
15 21
34 60
35 59
36 58
39 54
40 53
41 52
42 51
Structure 222
4 29
5 28
6 27
7 26
8 25
12 24
13 23
14 22
15 21
30 62
31 61
34 58
35 57
36 56
39 54
40 53
41 52
42 51
Structure 223
3 30
4 29
5 28
6 27
7 26
8 25
12 24
13 23
14 22
15 21
44 60
45 59
46 58
47 57
48 56
Structure 224
1 31
2 30
3 29
4 28
5 27
6 26
7 25
8 24
13 23
14 22
15 21
44 59
45 58
46 57
47 56
48 55
Structure 225
2 30
3 29
4 28
5 27
6 26
7 25
8 24
12 23
13 22
15 20
31 61
34 58
35 57
36 56
39 54
40 53
41 52
42 51
43 47
Structure 226
2 30
3 29
4 28
5 27
6 26
7 25
8 24
12 23
13 22
15 20
31 61
34 58
35 57
36 56
39 54
40 53
41 52
42 51
Structure 227
4 29
5 28
6 27
7 26
8 25
12 24
13 23
14 22
15 21
30 62
31 61
34 58
35 57
36 56
39 54
40 53
41 52
42 51
Structure 228
3 30
4 29
5 28
6 27
7 26
8 25
12 24
13 23
14 22
15 21
44 60
45 59
46 58
47 57
Structure 229
3 30
4 29
5 28
6 27
7 26
8 25
12 24
13 23
14 22
41 62
44 59
45 58
46 57
47 56
48 55
Structure 230
1 31
2 30
3 29
4 28
5 27
6 26
7 25
8 24
13 23
14 22
34 59
35 58
36 57
39 54
40 53
41 52
42 51
Structure 231
1 31
2 30
3 29
4 28
5 27
6 26
7 25
12 23
13 22
15 20
34 59
35 58
36 57
39 54
40 53
41 52
42 51
Structure 232
2 30
3 29
4 28
5 27
6 26
7 25
8 24
13 23
14 22
15 21
31 61
34 58
35 57
36 56
39 54
40 53
41 52
42 51
Structure 233
2 30
3 29
4 28
5 27
6 26
7 25
8 24
12 23
13 22
15 20
31 61
34 58
35 57
36 56
39 54
40 53
41 52
42 51
Structure 234
4 29
5 28
6 27
7 26
8 25
12 24
13 23
14 22
15 21
31 61
34 58
35 57
36 56
39 54
40 53
41 52
42 51
Structure 235
4 29
5 28
6 27
7 26
8 25
12 24
13 23
14 22
15 21
30 62
31 61
34 58
35 57
36 56
39 54
40 53
41 52
42 51
Structure 236
2 30
3 29
4 28
5 27
6 26
7 25
8 24
12 23
13 22
15 20
31 61
34 58
35 57
36 56
39 54
40 53
41 52
42 51
Structure 237
3 30
4 29
5 28
6 27
7 26
8 25
12 24
13 23
14 22
15 21
44 59
45 58
46 57
47 56
48 55
Structure 238
2 30
3 29
4 28
5 27
6 26
7 25
12 24
13 23
14 22
15 21
34 59
35 58
36 57
39 54
40 53
41 52
42 51
Structure 239
3 27
4 26
5 25
6 24
7 23
8 22
9 21
30 62
31 61
34 58
35 57
36 56
39 54
40 53
41 52
42 51
Structure 240
3 30
4 29
5 28
6 27
7 26
8 25
12 24
13 23
14 22
34 59
35 58
36 57
39 54
40 53
41 52
42 51
Structure 241
2 30
3 29
4 28
5 27
6 26
7 25
8 24
13 23
14 22
15 21
34 59
35 58
36 57
39 54
40 53
41 52
42 51
Structure 242
2 30
3 29
4 28
5 27
6 26
7 25
8 24
13 23
14 22
31 61
34 58
35 57
36 56
39 54
40 53
41 52
42 51
Structure 243
1 31
2 30
3 29
4 28
5 27
6 26
7 25
12 24
13 23
14 22
15 21
34 59
35 58
36 57
39 54
40 53
41 52
42 51
Structure 244
3 29
4 28
5 27
6 26
7 25
8 24
13 23
14 22
15 21
30 62
31 61
34 58
35 57
36 56
39 54
40 53
41 52
42 51
Structure 245
1 31
2 30
3 29
4 28
5 27
6 26
7 25
12 24
13 23
14 22
34 59
35 58
36 57
39 54
40 53
41 52
42 51
Structure 246
3 29
4 28
5 27
6 26
7 25
12 24
13 23
14 22
15 21
31 61
34 58
35 57
36 56
39 54
40 53
41 52
42 51
Structure 247
2 30
3 29
4 28
5 27
6 26
7 25
12 24
13 23
14 22
44 60
45 59
46 58
47 57
48 56
Structure 248
1 31
2 30
3 29
4 28
5 27
6 26
7 25
8 24
12 23
13 22
15 20
44 60
45 59
46 58
47 57
48 56
Structure 249
1 31
2 30
3 29
4 28
5 27
6 26
7 25
12 24
13 23
14 22
15 21
44 60
45 59
46 58
47 57
48 56
50 55
Structure 250
1 31
2 30
3 29
4 28
5 27
6 26
7 25
8 24
13 23
14 22
44 60
45 59
46 58
47 57
48 56
50 55
Structure 251
3 26
4 25
5 24
6 23
7 22
9 20
10 19
30 62
31 61
34 58
35 57
36 56
39 54
40 53
41 52
42 51
Structure 252
2 30
3 29
4 28
5 27
6 26
7 25
8 24
12 23
13 22
15 20
34 60
35 59
36 58
46 57
47 56
48 55
Structure 253
1 31
2 30
3 29
4 28
5 27
6 26
7 25
8 24
12 23
13 22
44 59
45 58
46 57
47 56
48 55
Structure 254
3 30
4 29
5 28
6 27
7 26
8 25
12 24
13 23
14 22
15 21
31 61
34 58
35 57
36 56
37 47
38 46
39 45
Structure 255
3 29
4 28
5 27
6 26
7 25
8 24
13 23
14 22
15 21
30 62
31 61
34 58
35 57
36 56
39 54
40 53
41 52
Structure 256
3 29
4 28
5 27
6 26
7 25
12 24
13 23
14 22
15 21
30 62
31 61
34 58
35 57
36 56
39 54
40 53
41 52
42 51
Structure 257
3 27
4 26
5 25
6 24
7 23
8 22
9 20
10 19
30 62
31 61
34 58
35 57
36 56
39 54
40 53
41 52
42 51
Structure 258
2 30
3 29
4 28
5 27
6 26
7 25
8 24
13 23
14 22
15 21
44 60
45 59
46 58
47 57
48 56
50 55
Structure 259
1 31
2 30
3 29
4 28
5 27
6 26
7 25
12 24
13 23
14 22
15 21
34 59
35 58
36 57
39 54
40 53
41 52
42 51
Structure 260
3 29
4 28
5 27
6 26
7 25
12 24
13 23
14 22
15 21
30 62
31 61
34 59
35 58
36 57
39 54
40 53
41 52
42 51
Structure 261
1 31
2 30
3 29
4 28
5 27
6 26
7 25
8 24
9 20
10 19
34 59
35 58
36 57
39 54
40 53
41 52
42 51
Structure 262
2 30
3 29
4 28
5 27
6 26
7 25
8 24
13 23
14 22
31 61
34 58
35 57
36 56
39 54
40 53
41 52
42 51
Structure 263
1 31
2 30
3 29
4 28
5 27
6 26
7 25
12 24
13 23
14 22
41 62
44 59
45 58
46 57
47 56
48 55
Structure 264
3 30
4 29
5 28
6 27
7 26
8 25
12 24
13 23
14 22
34 60
35 59
36 58
44 57
45 56
46 55
Structure 265
2 30
3 29
4 28
5 27
6 26
7 25
8 24
13 23
14 22
31 61
34 58
35 57
36 56
39 54
40 53
41 52
42 51
Structure 266
3 30
4 29
5 28
6 27
7 26
8 25
12 24
13 23
14 22
15 21
34 59
35 58
36 57
39 54
40 53
41 52
42 51
Structure 267
3 27
4 26
5 25
6 24
7 23
8 22
9 21
10 18
30 62
31 61
34 58
35 57
36 56
39 54
40 53
41 52
42 51
Structure 268
3 30
4 29
5 28
6 27
7 26
8 25
12 24
13 23
14 22
15 21
31 61
34 58
35 57
36 56
39 54
40 53
41 52
42 51
Structure 269
3 29
4 28
5 27
6 26
7 25
8 24
12 23
13 22
15 20
30 62
31 61
34 58
35 57
36 56
39 54
40 53
41 52
42 51
Structure 270
3 30
4 29
5 28
6 27
7 26
8 25
12 24
13 23
14 22
44 59
45 58
46 57
47 56
48 55
Structure 271
4 29
5 28
6 27
7 26
8 25
12 24
13 23
14 22
15 21
30 62
31 61
34 58
35 57
36 56
39 54
40 53
41 52
42 51
Structure 272
2 30
3 29
4 28
5 27
6 26
7 25
8 24
12 23
13 22
31 61
34 58
35 57
36 56
39 54
40 53
41 52
42 51
Structure 273
1 31
2 30
3 29
4 28
5 27
6 26
7 25
12 24
13 23
14 22
15 21
34 59
35 58
36 57
39 54
40 53
41 52
42 51
Structure 274
3 30
4 29
5 28
6 27
7 26
8 25
12 24
13 23
14 22
15 21
31 61
34 58
35 57
36 56
39 54
40 53
41 52
42 51
Structure 275
2 30
3 29
4 28
5 27
6 26
7 25
8 24
13 23
14 22
31 61
34 58
35 57
36 56
39 54
40 53
41 52
42 51
Structure 276
1 31
2 30
3 29
4 28
5 27
6 26
7 25
12 24
13 23
14 22
15 21
44 60
45 59
46 58
47 57
48 56
Structure 277
2 30
3 29
4 28
5 27
6 26
7 25
8 24
13 23
14 22
31 61
34 58
35 57
36 56
39 54
40 53
41 52
42 51
Structure 278
3 29
4 28
5 27
6 26
7 25
12 24
13 23
14 22
30 62
31 61
34 58
35 57
36 56
39 54
40 53
41 52
42 51
Structure 279
1 31
2 30
3 29
4 28
5 27
6 26
7 25
12 24
13 23
14 22
15 21
44 60
45 59
46 58
47 57
48 56
50 55
Structure 280
1 31
2 30
3 29
4 28
5 27
6 26
7 25
12 24
13 23
14 22
15 21
34 59
35 58
36 57
39 54
40 53
41 52
42 51
Structure 281
4 29
5 28
6 27
7 26
8 25
12 24
13 23
14 22
30 62
31 61
34 58
35 57
36 56
39 54
40 53
41 52
42 51
Structure 282
3 30
4 29
5 28
6 27
7 26
8 25
12 24
13 23
14 22
15 21
34 59
35 58
36 57
39 54
40 53
41 52
42 51
Structure 283
1 31
2 30
3 29
4 28
5 27
6 26
7 25
8 24
12 23
13 22
15 20
44 59
45 58
46 57
47 56
48 55
Structure 284
3 30
4 29
5 28
6 27
7 26
8 25
12 24
13 23
14 22
15 21
34 59
35 58
36 57
39 54
40 53
41 52
42 51
Structure 285
4 29
5 28
6 27
7 26
8 25
12 24
13 23
14 22
15 21
30 62
31 61
34 58
35 57
36 56
39 54
40 53
41 52
42 51
Structure 286
4 29
5 28
6 27
7 26
8 25
12 24
13 23
14 22
15 21
30 62
31 61
34 58
35 57
36 56
39 54
40 53
41 52
42 51
Structure 287
3 30
4 29
5 28
6 27
7 26
8 25
12 24
13 23
14 22
16 21
31 61
34 58
35 57
36 56
39 54
40 53
41 52
42 51
Structure 288
3 27
4 26
5 25
6 24
7 23
8 22
9 21
31 61
34 58
35 57
36 56
39 54
40 53
41 52
42 51
Structure 289
3 30
4 29
5 28
6 27
7 26
8 25
12 24
13 23
14 22
15 21
31 61
34 58
35 57
36 56
38 46
39 45
50 55
Structure 290
2 30
3 29
4 28
5 27
6 26
7 25
12 24
13 23
14 22
15 21
31 61
34 58
35 57
36 56
39 54
40 53
41 52
42 51
Structure 291
4 29
5 28
6 27
7 26
8 25
12 24
13 23
14 22
15 21
30 62
31 61
34 58
35 57
36 56
39 54
40 53
41 52
42 51
Structure 292
1 31
2 30
3 29
4 28
5 27
6 26
7 25
8 24
12 23
13 22
15 20
44 60
45 59
46 58
47 57
48 56
50 55
Structure 293
1 31
2 30
3 29
4 28
5 27
6 26
7 25
8 24
13 23
14 22
16 21
34 59
35 58
36 57
39 54
40 53
41 52
42 51
Structure 294
1 31
2 30
3 29
4 28
5 27
6 26
7 25
12 24
13 23
14 22
15 21
34 59
35 58
36 57
39 54
40 53
41 52
Structure 295
1 31
2 30
3 29
4 28
5 27
6 26
7 25
12 24
13 23
14 22
44 60
45 59
46 58
47 57
48 56
Structure 296
3 29
4 28
5 27
6 26
7 25
8 24
13 23
14 22
15 21
30 62
31 61
34 58
35 57
36 56
39 54
40 53
41 52
42 51
Structure 297
2 30
3 29
4 28
5 27
6 26
7 25
8 24
12 23
13 22
34 59
35 58
36 57
39 54
40 53
41 52
42 51
Structure 298
1 31
2 30
3 29
4 28
5 27
6 26
7 25
8 24
13 23
14 22
15 21
44 59
45 58
46 57
47 56
48 55
Structure 299
3 30
4 29
5 28
6 27
7 26
8 25
12 24
13 23
14 22
15 21
31 61
34 58
35 57
36 56
39 54
40 53
41 52
42 51
Structure 300
3 30
4 29
5 28
6 27
7 26
8 25
12 24
13 23
14 22
15 21
31 61
34 58
35 57
36 56
39 54
40 53
41 52
42 51
Structure 301
3 29
4 28
5 27
6 26
7 25
12 24
13 23
14 22
15 21
30 62
31 61
34 58
35 57
36 56
39 54
40 53
41 52
42 51
Structure 302
3 27
4 26
5 25
6 24
7 23
8 22
9 21
31 61
34 58
35 57
36 56
39 54
40 53
41 52
42 51
Structure 303
1 31
2 30
3 29
4 28
5 27
6 26
7 25
8 24
13 23
14 22
15 21
34 59
35 58
36 57
39 54
40 53
41 52
42 51
Structure 304
3 29
4 28
5 27
6 26
7 25
8 24
12 23
13 22
15 21
30 62
31 61
34 58
35 57
36 56
39 54
40 53
41 52
42 51
Structure 305
3 29
4 28
5 27
6 26
7 25
12 24
13 23
14 22
30 62
31 61
34 58
35 57
36 56
39 54
40 53
41 52
42 51
Structure 306
3 30
4 29
5 28
6 27
7 26
8 25
12 24
13 23
14 22
16 21
31 61
34 58
35 57
36 56
39 54
40 53
41 52
42 51
Structure 307
1 31
2 30
3 29
4 28
5 27
6 26
7 25
8 24
12 23
13 22
15 20
34 60
35 59
36 58
38 45
46 57
47 56
48 55
Structure 308
1 31
2 30
3 29
4 28
5 27
6 26
7 25
12 24
13 23
14 22
44 59
45 58
46 57
47 56
48 55
Structure 309
3 30
4 29
5 28
6 27
7 26
8 25
12 24
13 23
14 22
15 21
31 61
34 58
35 57
36 56
39 54
40 53
41 52
42 51
Structure 310
1 31
2 30
3 29
4 28
5 27
6 26
7 25
12 24
13 23
14 22
15 21
34 58
35 57
36 56
39 54
40 53
41 52
42 51
Structure 311
1 31
2 30
3 29
4 28
5 27
6 26
7 25
8 24
12 23
13 22
15 20
44 59
45 58
46 57
47 56
48 55
Structure 312
4 29
5 28
6 27
7 26
8 25
12 24
13 23
14 22
15 21
30 62
31 61
34 58
35 57
36 56
39 54
40 53
41 52
42 51
Structure 313
3 29
4 28
5 27
6 26
7 25
12 24
13 23
14 22
15 21
30 62
31 61
34 58
35 57
36 56
39 54
40 53
41 52
42 51
Structure 314
3 30
4 29
5 28
6 27
7 26
8 25
12 24
13 23
14 22
15 21
31 61
34 58
35 57
36 56
39 54
40 53
41 52
42 51
Structure 315
1 31
2 30
3 29
4 28
5 27
6 26
7 25
8 24
12 23
13 22
15 20
34 60
35 59
36 58
39 54
40 53
41 52
42 51
Structure 316
1 31
2 30
3 29
4 28
5 27
6 26
7 25
8 24
12 23
13 22
15 20
41 62
44 59
45 58
46 57
47 56
48 55
Structure 317
4 29
5 28
6 27
7 26
8 25
12 24
13 23
14 22
15 21
30 62
31 61
34 58
35 57
36 56
39 54
40 53
41 52
42 51
Structure 318
1 31
2 30
3 29
4 28
5 27
6 26
7 25
8 24
13 23
14 22
16 21
41 62
44 59
45 58
46 57
47 56
48 55
Structure 319
3 29
4 28
5 27
6 26
7 25
12 24
13 23
14 22
15 21
30 62
31 61
34 58
35 57
36 56
39 54
40 53
41 52
42 51
Structure 320
1 31
2 30
3 29
4 28
5 27
6 26
7 25
8 24
13 23
14 22
34 60
35 59
36 58
39 54
40 53
41 52
42 51
Structure 321
3 29
4 28
5 27
6 26
7 25
8 24
13 23
14 22
15 21
30 62
31 61
34 58
35 57
36 56
39 54
40 53
41 52
42 51
Structure 322
2 30
3 29
4 28
5 27
6 26
7 25
8 24
13 23
14 22
15 21
34 58
35 57
36 56
39 54
40 53
41 52
42 51
Structure 323
3 29
4 28
5 27
6 26
7 25
8 24
12 23
13 22
15 20
30 62
31 61
34 58
35 57
36 56
38 53
40 51
Structure 324
4 29
5 28
6 27
7 26
8 25
12 24
13 23
14 22
15 21
30 62
31 61
34 58
35 57
36 56
39 54
40 53
41 52
Structure 325
1 31
2 30
3 29
4 28
5 27
6 26
7 25
8 24
13 23
14 22
15 21
44 59
45 58
46 57
47 56
48 55
Structure 326
1 31
2 30
3 29
4 28
5 27
6 26
7 25
8 24
13 23
14 22
15 21
34 59
35 58
36 57
39 54
40 53
41 52
42 51
Structure 327
1 31
2 30
3 29
4 28
5 27
6 26
7 25
8 24
12 23
13 22
15 20
34 59
35 58
36 57
39 54
40 53
41 52
42 51
Structure 328
1 31
2 30
3 29
4 28
5 27
6 26
7 25
8 24
12 23
13 22
44 60
45 59
46 58
47 57
48 56
50 55
Structure 329
2 30
3 29
4 28
5 27
6 26
7 25
8 24
12 23
13 22
34 58
35 57
36 56
39 54
40 53
41 52
42 51
Structure 330
2 30
3 29
4 28
5 27
6 26
7 25
8 24
13 23
14 22
15 21
31 61
34 58
35 57
36 56
39 54
40 53
41 52
42 51
Structure 331
1 31
2 30
3 29
4 28
5 27
6 26
7 25
8 24
12 23
13 22
15 20
34 59
35 58
36 57
39 54
40 53
41 52
42 51
