     1     -46.60
     2     -47.70
     3     -47.90
     4     -41.20
     5     -48.40
     6     -45.30
     7     -47.90
     8     -47.90
     9     -44.60
    10     -44.50
    11     -41.90
    12     -39.60
    13     -45.40
    14     -47.70
    15     -44.10
    16     -45.00
    17     -48.00
    18     -42.10
    19     -47.70
    20     -46.00
    21     -48.30
    22     -46.20
    23     -47.10
    24     -49.30
    25     -45.80
    26     -48.50
    27     -47.60
    28     -44.30
    29     -43.50
    30     -44.90
    31     -44.00
    32     -48.20
    33     -47.80
    34     -45.40
    35     -46.30
    36     -47.60
    37     -46.60
    38     -47.80
    39     -46.70
    40     -46.60
    41     -46.40
    42     -46.60
    43     -49.20
    44     -48.10
    45     -47.00
    46     -47.70
    47     -46.00
    48     -48.40
    49     -46.40
    50     -44.80
    51     -48.20
    52     -47.10
    53     -40.80
    54     -49.30
    55     -42.20
    56     -46.50
    57     -42.70
    58     -42.90
    59     -46.80
    60     -42.10
    61     -48.20
    62     -48.20
    63     -48.00
    64     -49.30
    65     -44.70
    66     -47.40
    67     -46.30
    68     -46.20
    69     -41.80
    70     -46.50
    71     -41.20
    72     -44.40
    73     -43.20
    74     -46.50
    75     -46.50
    76     -46.80
    77     -48.10
    78     -45.40
    79     -45.30
    80     -47.10
    81     -47.30
    82     -45.90
    83     -47.90
    84     -45.90
    85     -46.60
    86     -47.40
    87     -48.20
    88     -46.30
    89     -46.70
    90     -48.00
    91     -47.20
    92     -45.30
    93     -47.40
    94     -46.00
    95     -44.60
    96     -45.40
    97     -45.70
    98     -42.30
    99     -42.10
   100     -48.70
   101     -44.40
   102     -43.70
   103     -44.10
   104     -48.20
   105     -43.50
   106     -44.80
   107     -46.50
   108     -48.50
   109     -49.20
   110     -47.40
   111     -47.60
   112     -43.00
   113     -45.90
   114     -45.60
   115     -48.70
   116     -46.30
   117     -46.30
   118     -48.00
   119     -45.60
   120     -48.70
   121     -46.40
   122     -47.30
   123     -46.00
   124     -42.30
   125     -47.60
   126     -45.90
   127     -45.60
   128     -49.00
   129     -48.10
   130     -48.30
   131     -48.70
   132     -46.10
   133     -44.70
   134     -45.80
   135     -48.30
   136     -44.80
   137     -47.40
   138     -43.80
   139     -43.40
   140     -43.20
   141     -43.30
   142     -43.20
   143     -47.40
   144     -46.60
   145     -47.70
   146     -46.20
   147     -47.10
   148     -47.10
   149     -48.50
   150     -45.20
   151     -46.90
   152     -45.20
   153     -41.70
   154     -46.80
   155     -43.30
   156     -45.00
   157     -46.00
   158     -47.70
   159     -45.10
   160     -43.50
   161     -48.50
   162     -45.40
   163     -47.90
   164     -48.40
   165     -43.30
   166     -47.10
   167     -45.50
   168     -43.80
   169     -46.60
   170     -38.60
   171     -45.00
   172     -46.70
   173     -46.70
   174     -45.70
   175     -48.50
   176     -45.50
   177     -44.40
   178     -41.60
   179     -45.50
   180     -45.40
   181     -47.30
   182     -45.10
   183     -48.20
   184     -46.00
   185     -45.40
   186     -41.80
   187     -48.30
   188     -48.20
   189     -43.40
   190     -46.50
   191     -47.90
   192     -48.10
   193     -44.00
   194     -48.20
   195     -43.20
   196     -46.80
   197     -45.30
   198     -45.90
   199     -44.10
   200     -47.70
   201     -49.00
   202     -46.50
   203     -41.60
   204     -49.30
   205     -45.80
   206     -46.00
   207     -48.00
   208     -44.20
   209     -46.30
   210     -48.00
   211     -47.60
   212     -46.50
   213     -47.70
   214     -44.20
   215     -45.90
   216     -46.40
   217     -48.20
   218     -47.80
   219     -44.60
   220     -44.40
   221     -47.10
   222     -44.70
   223     -47.20
   224     -48.20
   225     -44.90
   226     -45.50
   227     -46.30
   228     -46.60
   229     -45.10
   230     -46.30
   231     -47.90
   232     -46.20
   233     -48.40
   234     -42.00
   235     -48.20
   236     -47.10
   237     -47.60
   238     -48.00
   239     -46.70
   240     -46.80
   241     -47.50
   242     -44.70
   243     -49.30
   244     -42.60
   245     -41.90
   246     -47.70
   247     -39.70
   248     -48.20
   249     -46.10
   250     -39.50
   251     -46.50
   252     -43.70
   253     -49.20
   254     -40.70
   255     -46.10
   256     -44.10
   257     -44.70
   258     -47.00
   259     -46.50
   260     -48.30
   261     -48.20
   262     -48.80
   263     -46.30
   264     -44.50
   265     -46.00
   266     -47.50
   267     -47.50
   268     -46.20
   269     -47.00
   270     -40.00
   271     -45.10
   272     -44.60
   273     -47.20
   274     -45.10
   275     -47.50
   276     -44.40
   277     -48.90
   278     -44.90
   279     -45.60
   280     -44.20
   281     -46.70
   282     -48.70
   283     -47.50
   284     -41.50
   285     -47.90
   286     -47.20
   287     -44.20
   288     -47.50
   289     -43.90
   290     -44.30
   291     -47.10
   292     -47.60
   293     -47.00
   294     -47.20
   295     -49.30
   296     -45.40
   297     -42.70
   298     -48.50
   299     -43.90
   300     -45.60
   301     -45.70
   302     -45.40
   303     -45.30
   304     -48.70
   305     -45.70
   306     -44.20
   307     -46.60
   308     -46.70
   309     -42.60
   310     -46.00
   311     -48.00
   312     -48.10
   313     -46.70
   314     -42.90
   315     -43.20
   316     -47.90
   317     -47.90
   318     -46.10
   319     -46.30
   320     -47.90
   321     -45.00
   322     -43.20
   323     -40.90
   324     -47.70
   325     -44.30
   326     -43.40
   327     -46.30
   328     -49.20
   329     -44.00
   330     -45.60
   331     -47.20
   332     -44.50
   333     -48.00
   334     -46.50
   335     -40.50
   336     -47.10
   337     -43.60
   338     -48.20
   339     -48.20
   340     -48.00
   341     -42.10
   342     -45.00
   343     -48.50
   344     -47.40
   345     -45.10
   346     -45.70
   347     -47.50
   348     -43.00
   349     -43.00
   350     -46.60
   351     -48.40
   352     -45.60
   353     -44.00
   354     -48.70
   355     -47.10
   356     -45.30
   357     -48.70
   358     -45.00
   359     -41.00
   360     -44.90
   361     -47.30
   362     -42.80
   363     -47.90
   364     -47.40
   365     -46.80
   366     -44.80
   367     -47.70
   368     -46.60
   369     -45.70
   370     -42.80
   371     -46.80
   372     -40.90
   373     -48.20
   374     -45.30
   375     -47.10
   376     -45.10
   377     -48.70
   378     -46.30
   379     -48.90
   380     -47.70
   381     -45.50
   382     -45.30
   383     -46.50
   384     -45.30
   385     -46.30
   386     -46.30
   387     -47.50
   388     -45.10
   389     -47.70
   390     -47.70
   391     -47.90
   392     -45.80
   393     -46.90
   394     -44.00
   395     -43.30
   396     -45.70
   397     -47.90
   398     -46.70
   399     -45.80
   400     -47.10
   401     -44.10
   402     -47.30
   403     -43.30
   404     -46.60
   405     -46.60
   406     -48.80
   407     -45.90
   408     -47.40
   409     -48.80
   410     -45.70
   411     -48.30
   412     -40.90
   413     -48.40
   414     -45.10
   415     -46.20
   416     -47.50
   417     -46.80
   418     -43.30
   419     -42.80
   420     -46.10
   421     -41.70
   422     -45.60
   423     -46.90
   424     -47.20
   425     -47.50
   426     -47.40
   427     -45.60
   428     -41.50
   429     -47.10
   430     -42.60
   431     -45.50
   432     -48.50
   433     -46.30
   434     -42.00
   435     -46.70
   436     -45.40
   437     -43.90
   438     -48.20
   439     -44.80
   440     -43.10
   441     -39.00
   442     -46.70
   443     -47.90
   444     -46.90
   445     -47.00
   446     -46.00
   447     -46.10
   448     -42.00
   449     -40.70
   450     -48.20
   451     -46.70
   452     -48.70
   453     -46.20
   454     -48.50
   455     -47.70
   456     -44.40
   457     -45.90
   458     -47.90
   459     -48.00
   460     -46.20
   461     -47.80
   462     -44.00
   463     -48.40
   464     -47.70
   465     -45.10
   466     -48.20
   467     -46.20
   468     -44.80
   469     -47.60
   470     -46.70
   471     -45.90
   472     -46.90
   473     -41.80
   474     -47.30
   475     -47.80
   476     -48.70
   477     -46.20
   478     -47.90
   479     -48.70
   480     -47.60
   481     -43.70
   482     -48.50
   483     -42.90
   484     -47.60
   485     -42.40
   486     -45.30
   487     -47.70
   488     -44.90
   489     -46.90
   490     -45.50
   491     -45.00
   492     -47.30
   493     -46.90
   494     -47.80
   495     -40.60
   496     -37.40
   497     -46.70
   498     -49.30
   499     -47.40
   500     -47.10
   501     -46.40
   502     -45.60
   503     -45.80
   504     -46.70
   505     -47.50
   506     -46.80
   507     -48.20
   508     -48.90
   509     -47.80
   510     -48.80
   511     -47.50
   512     -45.50
   513     -48.00
   514     -43.60
   515     -42.40
   516     -48.80
   517     -44.00
   518     -41.70
   519     -47.20
   520     -48.20
   521     -47.10
   522     -47.60
   523     -48.00
   524     -48.80
   525     -45.00
   526     -45.90
   527     -48.50
   528     -43.20
   529     -49.00
   530     -48.30
   531     -45.20
   532     -48.20
   533     -47.50
   534     -47.30
   535     -47.00
   536     -47.50
   537     -47.40
   538     -48.00
   539     -47.50
   540     -41.20
   541     -45.10
   542     -47.70
   543     -44.80
   544     -44.80
   545     -45.80
   546     -46.70
   547     -46.60
   548     -46.20
   549     -44.30
   550     -46.10
   551     -42.00
   552     -43.70
   553     -47.70
   554     -47.10
   555     -44.80
   556     -45.20
   557     -45.20
   558     -48.00
   559     -48.20
   560     -46.00
   561     -47.60
   562     -47.30
   563     -43.60
   564     -46.10
   565     -46.60
   566     -47.40
   567     -44.90
   568     -48.80
   569     -48.30
   570     -43.80
   571     -45.00
   572     -45.70
   573     -47.80
   574     -47.10
   575     -45.70
   576     -47.70
   577     -48.20
   578     -44.60
   579     -41.10
   580     -44.50
   581     -46.80
   582     -46.20
   583     -44.90
   584     -48.40
   585     -47.70
   586     -46.70
   587     -38.30
   588     -47.00
   589     -46.20
   590     -45.50
   591     -45.40
   592     -46.20
   593     -46.80
   594     -45.10
   595     -44.40
   596     -45.70
   597     -41.70
   598     -46.70
   599     -44.80
   600     -45.80
   601     -46.10
   602     -44.90
   603     -44.20
   604     -47.70
   605     -48.40
   606     -45.90
   607     -46.50
   608     -44.10
   609     -48.20
   610     -46.40
   611     -47.10
   612     -47.10
   613     -47.00
   614     -41.00
   615     -47.70
   616     -41.10
   617     -48.30
   618     -46.00
   619     -40.80
   620     -47.70
   621     -45.80
   622     -48.00
   623     -47.60
   624     -46.50
