1 170 1 946
1 408 2 946
1 410 1 946
1 451 167 946
2 170 1 946
2 407 1 946
2 409 1 946
2 449 1 946
2 451 41 946
3 379 1 946
3 406 2 946
3 447 4 946
3 449 165 946
3 451 235 946
4 168 3 946
4 378 1 946
4 405 3 946
4 446 5 946
4 448 99 946
4 450 236 946
5 167 4 946
5 377 1 946
5 404 3 946
5 446 7 946
5 448 579 946
6 166 4 946
6 403 3 946
6 441 1 946
6 445 8 946
6 447 693 946
6 451 154 946
7 12 1 946
7 165 4 946
7 375 1 946
7 402 3 946
7 440 1 946
7 450 155 946
8 401 3 946
8 443 4 946
8 445 705 946
8 447 11 946
8 449 135 946
8 451 1 946
9 438 1 946
9 442 1 946
9 443 56 946
9 445 63 946
9 447 11 946
10 161 4 946
10 437 1 946
10 442 47 946
10 449 1 946
11 160 4 946
11 396 2 946
11 398 1 946
11 436 1 946
11 441 23 946
11 442 633 946
11 443 181 946
11 445 2 946
11 447 9 946
11 451 1 946
12 159 3 946
12 396 1 946
12 441 667 946
12 442 181 946
12 445 2 946
13 158 3 946
13 379 3 946
13 394 3 946
13 441 181 946
13 445 48 946
13 447 8 946
13 449 1 946
14 157 4 946
14 378 2 946
14 380 1 946
14 393 3 946
14 432 1 946
14 439 754 946
14 440 106 946
14 444 47 946
14 446 8 946
14 448 1 946
15 156 4 946
15 379 1 946
15 392 3 946
15 431 1 946
15 437 2 946
15 438 836 946
15 443 47 946
15 445 7 946
15 447 1 946
16 155 1 946
16 379 1 946
16 391 3 946
16 430 1 946
16 436 3 946
16 437 834 946
16 438 33 946
16 442 46 946
17 154 1 946
17 390 2 946
17 429 1 946
17 436 862 946
17 437 5 946
17 441 45 946
18 153 4 946
18 208 28 946
18 434 874 946
18 440 40 946
19 207 30 946
19 433 879 946
19 439 32 946
20 206 30 946
20 432 891 946
21 152 1 946
21 205 30 946
21 410 16 946
21 431 892 946
21 438 4 946
22 149 3 946
22 151 1 946
22 204 30 946
22 409 16 946
22 430 892 946
22 437 4 946
23 148 3 946
23 149 1 946
23 203 30 946
23 394 1 946
23 408 16 946
23 429 884 946
23 436 4 946
24 147 2 946
24 202 30 946
24 407 15 946
25 88 3 946
25 146 1 946
25 147 1 946
25 201 30 946
25 391 8 946
25 392 854 946
25 394 3 946
25 398 15 946
25 406 3 946
25 427 1 946
26 87 3 946
26 145 1 946
26 146 3 946
26 200 30 946
26 390 9 946
26 391 860 946
26 392 4 946
26 396 21 946
26 431 2 946
27 86 3 946
27 145 4 946
27 187 1 946
27 199 30 946
27 389 9 946
27 390 860 946
27 391 4 946
27 392 1 946
27 396 8 946
27 430 2 946
28 85 3 946
28 144 5 946
28 186 3 946
28 198 30 946
28 388 1 946
28 389 845 946
28 390 4 946
28 391 1 946
28 394 30 946
28 398 1 946
28 429 2 946
29 143 5 946
29 185 1 946
29 188 4 946
29 197 30 946
29 387 2 946
29 393 30 946
29 397 1 946
29 428 2 946
30 142 5 946
30 183 591 946
30 184 75 946
30 187 112 946
30 196 30 946
30 388 1 946
30 392 30 946
30 396 1 946
30 427 2 946
31 82 3 946
31 141 5 946
31 180 1 946
31 183 107 946
31 186 137 946
31 192 2 946
31 195 23 946
31 391 30 946
31 394 1 946
32 140 5 946
32 181 661 946
32 182 60 946
32 185 54 946
32 393 1 946
33 80 2 946
33 138 5 946
33 180 681 946
33 184 60 946
33 191 24 946
33 390 18 946
33 392 1 946
34 79 3 946
34 137 5 946
34 179 681 946
34 180 35 946
34 183 147 946
34 190 24 946
34 389 17 946
34 391 1 946
35 78 2 946
35 136 5 946
35 178 332 946
35 182 146 946
35 189 24 946
36 78 1 946
36 135 5 946
36 178 583 946
36 188 22 946
37 77 3 946
37 177 918 946
37 187 11 946
38 76 3 946
38 176 927 946
39 175 933 946
40 174 935 946
41 169 1 946
41 173 932 946
42 168 1 946
42 172 932 946
43 73 3 946
43 167 1 946
43 171 935 946
44 72 8 946
44 166 1 946
44 170 932 946
44 180 1 946
45 71 8 946
45 164 5 946
45 165 1 946
45 169 820 946
46 70 8 946
46 163 8 946
46 165 1 946
47 54 3 946
47 69 8 946
47 162 8 946
47 164 1 946
47 167 9 946
47 168 16 946
48 53 3 946
48 68 8 946
48 161 7 946
49 161 1 946
50 65 8 946
50 165 2 946
51 58 1 946
51 64 8 946
52 58 4 946
52 60 1 946
52 63 8 946
52 163 4 946
53 62 7 946
53 162 4 946
54 155 7 946
54 161 4 946
55 154 8 946
56 153 8 946
57 150 436 946
57 157 3 946
58 148 4 946
58 149 659 946
58 151 25 946
58 152 1 946
58 156 3 946
59 147 3 946
59 155 3 946
60 146 1 946
60 147 1 946
60 148 767 946
60 149 118 946
60 151 2 946
60 152 1 946
60 154 3 946
61 146 2 946
61 147 671 946
62 146 571 946
62 147 232 946
63 145 418 946
63 146 361 946
63 149 1 946
64 144 271 946
64 145 519 946
64 148 1 946
65 142 83 946
65 144 667 946
66 143 824 946
67 141 251 946
67 142 670 946
68 140 375 946
69 139 372 946
70 138 362 946
70 139 543 946
70 142 15 946
71 137 271 946
71 138 555 946
71 141 16 946
72 135 5 946
72 136 182 946
72 140 16 946
73 134 10 946
73 137 664 946
73 139 2 946
74 135 43 946
74 136 750 946
75 95 2 946
75 135 837 946
76 87 1 946
76 94 3 946
76 132 42 946
76 133 14 946
76 134 845 946
77 93 3 946
78 85 6 946
78 92 3 946
78 96 1 946
78 131 908 946
78 132 19 946
79 84 6 946
79 91 3 946
79 95 1 946
79 130 929 946
80 129 926 946
81 128 923 946
82 127 914 946
83 93 1 946
83 95 1 946
83 126 862 946
83 127 1 946
84 89 1 946
84 92 1 946
84 94 1 946
84 131 4 946
85 91 1 946
85 93 1 946
85 124 4 946
85 125 6 946
85 130 4 946
86 124 4 946
86 126 11 946
86 129 4 946
87 125 9 946
88 122 5 946
88 124 6 946
88 125 6 946
89 121 5 946
89 124 4 946
89 125 906 946
89 136 1 946
90 120 5 946
90 124 915 946
90 135 1 946
90 399 1 946
91 96 1 946
91 119 5 946
91 123 928 946
91 134 2 946
91 398 3 946
92 118 5 946
92 122 928 946
92 397 3 946
93 132 3 946
93 396 3 946
94 120 928 946
94 395 3 946
95 119 928 946
95 131 4 946
95 394 3 946
96 118 928 946
96 130 4 946
96 393 3 946
97 117 927 946
97 129 4 946
98 112 5 946
98 116 924 946
98 131 4 946
98 391 1 946
99 111 6 946
99 127 4 946
99 130 4 946
100 110 6 946
100 126 5 946
100 129 4 946
101 110 1 946
101 111 5 946
101 125 5 946
101 128 4 946
102 110 6 946
102 111 5 946
102 124 1 946
102 127 4 946
103 110 2 946
103 111 819 946
103 126 4 946
104 110 875 946
104 122 6 946
104 125 4 946
105 110 1 946
105 111 6 946
105 121 7 946
105 124 2 946
106 110 6 946
106 120 10 946
107 112 1 946
107 119 10 946
107 183 3 946
108 118 10 946
108 182 3 946
109 117 10 946
109 181 3 946
110 116 10 946
110 180 3 946
111 115 5 946
111 179 3 946
112 178 3 946
118 141 1 946
118 149 1 946
119 140 1 946
120 139 1 946
120 146 2 946
121 138 1 946
121 145 2 946
122 137 1 946
122 144 2 946
123 136 1 946
123 143 2 946
124 142 2 946
125 134 1 946
125 141 2 946
130 137 2 946
131 136 2 946
147 421 1 946
148 420 1 946
149 419 1 946
150 418 1 946
151 417 1 946
153 166 926 946
153 415 1 946
154 165 926 946
154 414 1 946
155 164 927 946
155 413 1 946
156 163 916 946
156 412 1 946
157 161 1 946
157 411 1 946
158 162 2 946
158 163 1 946
161 167 1 946
164 184 1 946
165 183 1 946
166 182 1 946
169 179 1 946
170 178 1 946
171 177 1 946
176 449 1 946
177 185 1 946
177 446 3 946
177 448 1 946
178 183 4 946
178 186 5 946
178 445 3 946
178 447 1 946
179 185 3 946
179 444 3 946
179 446 1 946
180 185 1 946
180 188 2 946
181 187 2 946
181 442 4 946
182 186 1 946
182 190 3 946
182 441 4 946
183 189 3 946
183 440 4 946
184 188 2 946
184 439 1 946
185 194 1 946
185 384 1 946
185 388 671 946
185 389 1 946
185 438 1 946
186 193 1 946
186 383 1 946
186 387 769 946
186 433 1 946
187 382 1 946
187 386 770 946
187 432 1 946
188 431 1 946
189 384 914 946
189 430 1 946
190 383 914 946
191 381 916 946
192 380 916 946
193 379 916 946
194 378 913 946
195 377 916 946
196 375 2 946
196 376 913 946
198 208 2 946
198 209 897 946
198 373 2 946
199 207 2 946
199 208 903 946
199 209 10 946
200 206 2 946
200 207 903 946
200 208 10 946
200 209 1 946
201 206 855 946
201 207 10 946
201 208 1 946
202 206 2 946
202 207 1 946
211 370 942 946
212 369 946 946
213 368 944 946
214 367 946 946
215 366 946 946
216 365 946 946
217 364 946 946
218 362 4 946
218 363 942 946
219 357 919 946
219 358 2 946
219 359 1 946
219 360 6 946
220 356 943 946
220 359 1 946
220 360 1 946
221 355 943 946
221 358 1 946
221 359 1 946
221 360 1 946
222 354 941 946
223 353 928 946
224 349 909 946
224 350 1 946
224 351 6 946
224 355 3 946
225 348 941 946
225 354 3 946
226 347 942 946
226 353 3 946
227 345 217 946
227 346 726 946
227 352 3 946
228 344 944 946
228 351 2 946
229 343 944 946
229 348 1 946
230 342 944 946
230 347 1 946
230 348 1 946
231 341 939 946
231 347 1 946
233 338 944 946
233 344 2 946
234 337 944 946
234 343 2 946
235 336 944 946
235 342 2 946
236 335 944 946
236 341 2 946
237 334 944 946
238 333 944 946
238 339 2 946
239 330 9 946
239 332 935 946
239 338 2 946
240 329 19 946
240 331 874 946
241 261 2 946
241 327 422 946
241 329 18 946
242 254 3 946
242 259 1 946
242 260 3 946
242 326 423 946
242 336 2 946
243 253 3 946
243 259 3 946
243 260 1 946
243 325 406 946
243 326 450 946
243 335 2 946
244 251 3 946
244 257 4 946
244 259 1 946
244 324 397 946
244 325 468 946
244 334 2 946
245 250 3 946
245 257 1 946
245 322 373 946
245 324 477 946
245 333 2 946
246 255 8 946
246 256 1 946
246 272 1 946
246 321 373 946
246 323 495 946
246 327 27 946
246 332 2 946
247 254 10 946
247 271 1 946
247 322 492 946
247 326 27 946
248 253 8 946
248 270 1 946
248 280 1 946
248 319 659 946
248 325 27 946
249 269 1 946
249 279 1 946
249 298 1 946
249 315 1 946
249 318 663 946
249 324 27 946
250 278 1 946
250 297 1 946
250 314 1 946
250 317 659 946
250 320 3 946
250 321 56 946
250 323 27 946
250 331 18 946
251 267 1 946
251 275 1 946
251 277 1 946
251 296 1 946
251 313 11 946
251 316 463 946
251 317 6 946
251 320 56 946
251 330 35 946
252 274 1 946
252 276 1 946
252 312 12 946
252 314 23 946
252 316 9 946
252 329 35 946
253 262 5 946
253 266 2 946
253 273 1 946
253 275 1 946
253 294 1 946
253 311 12 946
253 312 4 946
253 313 23 946
253 314 3 946
253 317 26 946
253 321 149 946
253 328 35 946
254 261 5 946
254 265 2 946
254 272 2 946
254 293 1 946
254 311 27 946
254 313 2 946
254 316 27 946
254 317 21 946
254 320 149 946
254 327 35 946
255 260 5 946
255 264 2 946
255 271 2 946
255 292 1 946
255 309 12 946
255 310 27 946
255 315 30 946
255 319 149 946
255 325 17 946
255 326 22 946
256 263 2 946
256 270 2 946
256 300 756 946
256 308 9 946
256 309 18 946
256 324 29 946
256 325 10 946
257 262 2 946
257 290 1 946
257 299 856 946
257 307 1 946
257 316 25 946
257 317 6 946
257 323 41 946
258 268 2 946
258 298 857 946
258 315 32 946
258 322 41 946
259 267 2 946
259 288 1 946
259 297 857 946
259 314 32 946
259 317 1 946
259 321 41 946
260 266 2 946
260 287 1 946
260 296 856 946
260 313 32 946
260 316 1 946
260 320 41 946
261 295 853 946
261 319 34 946
262 315 16 946
262 319 4 946
263 284 1 946
263 294 857 946
263 312 59 946
263 313 4 946
263 314 2 946
263 317 3 946
263 328 5 946
264 293 857 946
264 311 79 946
264 327 5 946
265 282 1 946
265 292 857 946
265 310 79 946
265 326 5 946
266 280 2 946
266 309 79 946
266 325 5 946
267 279 2 946
267 308 79 946
267 324 5 946
268 278 2 946
268 288 851 946
268 307 66 946
268 314 1 946
268 323 5 946
269 277 2 946
269 287 852 946
269 288 4 946
269 306 55 946
269 313 1 946
270 276 2 946
270 286 852 946
270 287 4 946
270 307 6 946
270 312 1 946
270 321 5 946
271 284 853 946
271 286 3 946
271 306 20 946
271 311 1 946
271 320 5 946
272 283 856 946
272 303 56 946
272 305 22 946
272 310 1 946
272 319 5 946
273 282 856 946
273 302 56 946
273 304 21 946
273 305 1 946
273 309 1 946
273 318 5 946
274 281 852 946
274 301 57 946
274 303 5 946
274 304 3 946
275 279 1 946
275 280 844 946
275 300 57 946
275 303 4 946
276 301 25 946
276 302 3 946
277 298 2 946
277 300 28 946
278 298 84 946
279 297 87 946
280 296 87 946
282 288 1 946
282 294 88 946
283 287 1 946
283 293 88 946
284 292 88 946
285 291 68 946
298 320 1 946
299 319 1 946
300 317 8 946
301 307 1 946
301 316 8 946
302 307 1 946
302 314 694 946
302 329 1 946
303 313 815 946
303 328 1 946
304 312 816 946
304 314 1 946
304 327 1 946
305 311 814 946
305 313 1 946
305 320 3 946
305 323 1 946
306 310 319 946
306 319 3 946
306 322 1 946
306 325 1 946
307 318 3 946
307 324 1 946
308 317 3 946
308 323 1 946
309 316 2 946
309 317 1 946
309 321 5 946
310 316 2 946
310 320 5 946
311 319 5 946
312 318 5 946
373 438 3 946
374 437 3 946
375 384 1 946
375 390 1 946
375 436 3 946
376 389 1 946
376 447 1 946
377 388 1 946
379 387 1 946
379 433 1 946
380 430 2 946
380 431 1 946
381 429 2 946
381 430 1 946
381 441 1 946
381 443 19 946
382 442 20 946
383 427 5 946
383 441 20 946
384 426 5 946
384 439 13 946
384 440 10 946
385 425 4 946
385 438 26 946
386 437 26 946
387 423 8 946
387 436 26 946
388 422 8 946
388 435 26 946
389 421 7 946
389 434 25 946
390 420 7 946
390 421 1 946
390 433 25 946
391 419 5 946
391 420 1 946
392 399 7 946
392 404 17 946
392 417 1 946
392 419 3 946
393 398 11 946
393 403 21 946
393 416 1 946
393 418 3 946
393 427 5 946
393 429 2 946
393 430 1 946
394 402 21 946
394 404 5 946
394 417 3 946
394 421 3 946
394 426 5 946
394 434 1 946
395 401 21 946
395 403 5 946
395 415 4 946
395 425 5 946
395 427 44 946
395 429 2 946
395 431 1 946
396 400 18 946
396 402 5 946
396 414 4 946
396 419 3 946
396 424 5 946
396 426 44 946
397 401 3 946
397 418 7 946
397 423 4 946
397 425 44 946
397 427 2 946
397 430 4 946
398 412 4 946
398 417 8 946
398 424 44 946
398 426 2 946
399 411 4 946
399 416 8 946
399 423 44 946
399 425 1 946
399 427 2 946
399 429 1 946
400 410 4 946
400 415 8 946
400 427 849 946
401 414 8 946
401 419 6 946
401 424 1 946
401 426 852 946
402 408 1 946
402 409 3 946
402 418 7 946
402 423 1 946
402 425 853 946
402 427 4 946
403 412 6 946
403 417 7 946
403 424 853 946
403 426 4 946
404 411 2 946
404 416 6 946
404 423 837 946
404 425 4 946
406 414 3 946
406 422 101 946
407 413 7 946
407 421 70 946
407 422 753 946
408 412 6 946
408 420 70 946
408 421 836 946
409 419 70 946
409 420 835 946
410 417 62 946
410 419 831 946
410 420 1 946
411 417 9 946
411 419 1 946
411 444 3 946
412 416 1 946
412 438 15 946
412 443 3 946
413 418 1 946
413 437 15 946
413 442 3 946
414 436 15 946
414 441 3 946
415 433 2 946
415 434 2 946
415 440 3 946
416 432 2 946
416 433 2 946
416 434 12 946
416 439 3 946
417 431 2 946
417 438 3 946
418 432 16 946
419 430 2 946
419 431 16 946
419 437 1 946
420 429 2 946
420 430 16 946
420 436 1 946
421 429 16 946
423 433 1 946
