1 2
2 14
3 7
4 10
5 5
6 14
7 6
8 6
9 18
10 14
11 11
12 18
13 27
14 5
15 11
16 12
17 3
18 19
19 15
20 15
21 4
22 8
23 2
24 2
25 5
26 4
27 8
28 6
29 8
30 10
31 12
32 7
33 4
34 8
35 5
36 16
37 7
38 4
39 12
40 7
41 8
42 15
43 4
44 13
45 13
46 5
47 7
48 7
49 14
50 13
51 13
52 18
53 6
54 2
55 8
56 16
57 5
58 13
59 8
60 15
61 6
62 5
63 5
64 2
65 11
66 16
67 7
68 15
69 21
70 15
71 24
72 27
73 14
74 13
75 16
76 6
77 16
78 26
79 6
80 5
81 7
82 8
83 5
84 6
85 16
86 7
87 14
88 14
89 4
90 11
91 5
92 11
93 13
94 16
95 7
96 4
97 18
98 16
99 20
100 8
101 13
102 5
103 12
104 2
105 8
106 17
107 26
108 3
109 4
110 10
111 5
112 6
113 17
114 25
115 9
116 6
117 13
118 8
119 8
120 3
121 10
122 7
123 8
124 14
125 5
126 8
127 6
128 4
129 8
130 5
131 3
132 11
133 7
134 19
135 10
136 6
137 13
138 9
139 24
140 22
141 11
142 8
143 13
144 12
145 5
146 16
147 4
148 16
149 4
150 27
151 8
152 10
153 19
154 12
155 6
156 22
157 15
158 8
159 28
160 17
161 4
162 10
163 11
164 6
165 8
166 9
167 14
168 3
169 7
170 23
171 18
172 5
173 5
174 3
175 3
176 18
177 10
178 21
179 27
180 18
181 13
182 9
183 14
184 8
185 11
186 10
187 0
188 8
189 17
190 11
191 5
192 16
193 6
194 11
195 17
196 19
197 11
198 11
199 9
200 3
201 4
202 2
203 12
204 2
205 8
206 14
207 7
208 6
209 17
210 6
211 11
212 12
213 14
214 15
215 15
216 13
217 4
218 15
219 12
220 25
221 15
222 17
223 2
224 6
225 10
226 5
227 13
228 12
229 7
230 5
231 10
232 7
233 3
234 12
235 6
236 8
237 16
238 8
239 20
240 5
241 5
242 9
243 2
244 14
245 16
246 7
247 29
248 2
249 9
250 13
251 5
252 11
253 4
254 14
255 9
256 18
257 11
258 7
259 13
260 4
261 6
262 5
263 6
264 17
265 17
266 14
267 3
268 16
269 26
270 14
271 14
272 5
273 5
274 24
275 2
276 27
277 6
278 3
279 9
280 13
281 6
282 8
283 15
284 26
285 5
286 6
287 17
288 6
289 27
290 7
291 8
292 12
293 7
294 7
295 2
296 2
297 8
298 3
299 16
300 10
301 15
302 21
303 19
304 3
305 14
306 16
307 14
308 6
309 20
310 23
311 12
312 12
313 5
314 26
315 23
316 11
317 5
318 3
319 16
320 2
321 7
322 14
323 18
324 14
325 9
326 18
327 6
328 4
329 16
330 19
331 8
332 8
333 11
334 6
335 13
336 6
337 14
338 6
339 5
340 3
341 14
342 6
343 4
344 5
345 26
346 10
347 2
348 9
349 7
350 12
351 5
352 23
353 15
354 8
355 5
356 22
357 8
358 17
359 24
360 7
361 15
362 12
363 6
364 5
365 11
366 5
367 7
368 14
369 16
370 23
371 12
372 19
373 14
374 7
375 9
376 6
377 7
378 4
379 6
380 5
381 13
382 10
383 4
384 13
385 6
386 12
387 3
388 12
389 4
390 4
391 16
392 11
393 10
394 8
395 17
396 14
397 6
398 6
399 11
400 17
401 16
402 8
403 12
404 21
405 14
406 1
407 8
408 8
409 1
410 11
411 5
412 32
413 7
414 13
415 9
416 12
417 19
418 17
419 9
420 16
421 13
422 8
423 8
424 14
425 3
426 10
427 7
428 25
429 3
430 15
431 15
432 3
433 7
434 19
435 9
436 8
437 22
438 12
439 12
440 8
441 32
442 1
443 2
444 12
445 10
446 16
447 6
448 24
449 16
450 13
451 9
452 9
453 8
454 5
455 4
456 14
457 6
458 9
459 8
460 14
461 4
462 13
463 11
464 3
465 26
466 14
467 13
468 7
469 17
470 6
471 25
472 14
473 30
474 7
475 9
476 7
477 9
478 6
479 8
480 8
481 15
482 5
483 24
484 17
485 14
486 7
487 18
488 8
489 14
490 9
491 13
492 16
493 10
494 9
495 22
496 14
497 12
498 2
499 5
500 7
501 14
502 14
503 21
504 7
505 19
506 7
507 5
508 6
509 10
510 1
511 8
512 26
513 7
514 21
515 11
516 5
517 14
518 12
519 3
520 13
521 8
522 9
523 5
524 6
525 22
526 6
527 3
528 14
529 4
530 10
531 32
532 6
533 3
534 8
535 17
536 2
537 8
538 8
539 4
540 8
541 12
542 4
543 6
544 5
545 7
546 14
547 7
548 8
549 10
550 19
551 10
552 28
553 17
554 11
555 13
556 8
557 28
558 3
559 13
560 6
561 10
562 9
563 19
564 10
565 12
566 10
567 12
568 1
569 5
570 11
571 7
572 17
573 8
574 7
575 6
576 6
577 6
578 11
579 14
580 15
581 8
582 6
583 16
584 5
585 5
586 10
587 26
588 6
589 13
590 17
591 11
592 5
593 10
594 19
595 8
596 20
597 9
598 6
599 11
600 10
601 7
602 12
603 13
604 7
605 5
606 15
607 9
608 15
609 6
610 12
611 5
612 11
613 6
614 12
615 15
616 25
617 4
618 12
619 20
620 5
621 9
622 4
623 5
624 5
625 0
