1 2
2 1
3 4
4 1
5 0
6 0
7 2
8 0
9 0
10 0
11 5
12 2
13 2
14 0
15 0
16 0
17 2
18 0
19 3
20 3
21 3
22 0
23 8
24 4
25 2
26 0
27 2
28 0
29 0
30 2
31 0
32 2
33 0
34 0
35 0
36 1
37 14
38 6
39 0
40 3
41 2
42 0
43 2
44 2
45 0
46 0
47 0
48 5
49 2
50 0
51 0
52 3
53 13
54 2
55 2
56 1
57 1
58 2
59 2
60 4
61 11
62 0
63 2
64 20
65 0
66 2
67 2
68 1
69 0
70 0
71 3
72 3
73 0
74 2
75 9
76 2
77 2
78 2
79 7
80 2
81 0
82 3
83 0
84 0
85 1
86 0
87 0
88 7
89 0
90 2
91 2
92 3
93 12
94 1
95 11
96 0
97 2
98 2
99 1
100 2
101 2
102 2
103 0
104 1
105 2
106 2
107 0
108 2
109 4
110 0
111 22
112 2
113 3
114 2
115 2
116 0
117 4
118 2
119 2
120 3
121 0
122 2
123 0
124 20
125 2
126 0
127 20
128 6
129 0
130 0
131 2
132 3
133 2
134 2
135 2
136 2
137 0
138 0
139 0
140 0
141 3
142 3
143 3
144 2
145 2
146 10
147 2
148 1
149 0
150 3
151 0
152 3
153 3
154 0
155 0
156 0
157 0
158 2
159 2
160 13
161 0
162 9
163 3
164 0
165 3
166 2
167 0
168 0
169 0
170 2
171 0
172 2
173 2
174 0
175 3
176 0
177 2
178 2
179 1
180 1
181 0
182 2
183 0
184 2
185 0
186 3
187 17
188 2
189 3
190 0
191 2
192 8
193 2
194 3
195 0
196 2
197 2
198 0
199 4
200 3
201 2
202 0
203 10
204 2
205 0
206 0
207 4
208 0
209 0
210 3
211 3
212 0
213 0
214 21
215 0
216 0
217 0
218 3
219 3
220 0
221 3
222 2
223 3
224 0
225 7
226 0
227 3
228 10
229 6
230 2
231 1
232 0
233 1
234 0
235 2
236 3
237 0
238 2
239 1
240 1
241 3
242 2
243 0
244 2
245 2
246 0
247 2
248 2
249 2
250 1
251 0
252 1
253 0
254 3
255 2
256 3
257 6
258 0
259 0
260 3
261 0
262 0
263 0
264 0
265 2
266 0
267 2
268 2
269 0
270 10
271 3
272 23
273 7
274 2
275 0
276 2
277 2
278 1
279 1
280 2
281 2
282 0
283 0
284 3
285 2
286 0
287 2
288 2
289 2
290 0
291 5
292 3
293 2
294 3
295 2
296 0
297 2
298 0
299 4
300 2
301 0
302 0
303 0
304 2
305 1
306 12
307 2
308 0
309 0
310 2
311 4
312 4
313 1
314 2
315 2
316 2
317 0
318 0
319 2
320 0
321 0
322 2
323 2
324 6
325 0
326 0
327 0
328 0
