1 49 2 327
1 52 6 327
2 47 285 327
2 51 6 327
3 46 305 327
3 47 2 327
3 48 9 327
3 50 7 327
4 45 305 327
4 46 2 327
4 47 11 327
4 48 9 327
5 44 306 327
5 45 1 327
5 46 11 327
5 47 9 327
6 44 1 327
6 45 11 327
6 46 9 327
7 44 11 327
7 45 9 327
8 41 315 327
8 44 9 327
9 39 1 327
9 40 317 327
9 43 8 327
10 38 4 327
10 39 316 327
11 41 1 327
12 36 322 327
13 35 326 327
13 36 1 327
14 34 326 327
14 35 1 327
15 32 161 327
15 33 166 327
16 31 327 327
17 30 327 327
18 29 327 327
19 28 321 327
21 25 1 327
21 26 1 327
50 59 1 327
51 58 1 327
51 62 279 327
52 61 306 327
53 60 303 327
54 59 272 327
