Structure 1
2 47
3 46
4 45
5 44
8 41
9 40
10 39
12 36
13 35
14 34
15 32
16 31
17 30
18 29
19 28
51 62
52 61
53 60
54 59
Structure 2
2 47
3 46
4 45
5 44
8 41
9 40
10 39
12 36
13 35
14 34
15 33
16 31
17 30
18 29
19 28
51 62
52 61
53 60
Structure 3
2 47
3 46
4 45
5 44
8 41
9 40
10 39
12 36
13 35
14 34
15 33
16 31
17 30
18 29
19 28
Structure 4
2 47
3 46
4 45
5 44
8 41
9 40
10 39
12 36
13 35
14 34
15 33
16 31
17 30
18 29
19 28
52 61
53 60
54 59
Structure 5
2 47
3 46
4 45
5 44
8 41
9 40
10 39
12 36
13 35
14 34
15 33
16 31
17 30
18 29
19 28
51 62
52 61
53 60
54 59
Structure 6
2 47
3 46
4 45
5 44
8 41
9 40
10 39
12 36
13 35
14 34
15 33
16 31
17 30
18 29
19 28
51 62
52 61
53 60
54 59
Structure 7
2 47
3 46
4 45
5 44
8 41
9 40
10 39
12 36
13 35
14 34
15 32
16 31
17 30
18 29
19 28
51 62
52 61
53 60
54 59
Structure 8
2 47
3 46
4 45
5 44
8 41
9 40
10 39
12 36
13 35
14 34
15 33
16 31
17 30
18 29
19 28
51 62
52 61
53 60
54 59
Structure 9
2 47
3 46
4 45
5 44
8 41
9 40
10 39
12 36
13 35
14 34
15 33
16 31
17 30
18 29
19 28
51 62
52 61
53 60
54 59
Structure 10
2 47
3 46
4 45
5 44
8 41
9 40
10 39
12 36
13 35
14 34
15 33
16 31
17 30
18 29
19 28
51 62
52 61
53 60
54 59
Structure 11
3 47
4 46
5 44
8 41
9 40
10 39
12 36
13 35
14 34
15 33
16 31
17 30
18 29
19 28
51 62
52 61
53 60
54 59
Structure 12
2 47
3 46
4 45
5 44
8 41
9 40
10 39
12 36
13 35
14 34
15 32
16 31
17 30
18 29
19 28
51 62
52 61
53 60
54 59
Structure 13
2 47
3 46
4 45
5 44
8 41
9 40
10 39
12 36
13 35
14 34
15 32
16 31
17 30
18 29
19 28
51 62
52 61
53 60
54 59
Structure 14
2 47
3 46
4 45
5 44
8 41
9 40
10 39
12 36
13 35
14 34
15 33
16 31
17 30
18 29
19 28
51 62
52 61
53 60
54 59
Structure 15
2 47
3 46
4 45
5 44
8 41
9 40
10 39
12 36
13 35
14 34
15 33
16 31
17 30
18 29
19 28
51 62
52 61
53 60
54 59
Structure 16
2 47
3 46
4 45
5 44
8 41
9 40
10 39
12 36
13 35
14 34
15 33
16 31
17 30
18 29
19 28
51 62
52 61
53 60
54 59
Structure 17
2 47
3 46
4 45
5 44
8 41
9 40
10 39
12 36
13 35
14 34
15 32
16 31
17 30
18 29
19 28
51 62
52 61
53 60
54 59
Structure 18
2 47
3 46
4 45
5 44
8 41
9 40
10 39
12 36
13 35
14 34
15 33
16 31
17 30
18 29
19 28
51 62
52 61
53 60
54 59
Structure 19
2 47
3 46
4 45
5 44
8 41
9 40
10 39
12 36
13 35
14 34
15 32
16 31
17 30
18 29
19 28
51 62
52 61
53 60
Structure 20
2 47
3 46
4 45
5 44
8 41
9 40
10 39
12 36
13 35
14 34
15 32
16 31
17 30
18 29
51 62
52 61
53 60
54 59
Structure 21
2 47
3 46
4 45
5 44
8 41
9 40
10 39
12 36
13 35
14 34
15 32
16 31
17 30
18 29
19 28
51 62
52 61
53 60
Structure 22
2 47
3 46
4 45
5 44
8 41
9 40
10 39
12 36
13 35
14 34
15 33
16 31
17 30
18 29
19 28
51 62
52 61
53 60
54 59
Structure 23
2 47
3 46
4 45
5 44
8 41
9 40
10 39
12 36
13 35
14 34
15 32
16 31
17 30
18 29
19 28
50 59
51 58
Structure 24
2 47
3 46
4 45
5 44
8 41
9 40
10 39
12 36
13 35
14 34
15 33
16 31
17 30
18 29
19 28
Structure 25
2 47
3 46
4 45
5 44
8 41
9 40
10 39
12 36
13 35
14 34
15 32
16 31
17 30
18 29
19 28
51 62
52 61
53 60
54 59
Structure 26
2 47
3 46
4 45
5 44
8 41
9 40
10 39
12 36
13 35
14 34
15 33
16 31
17 30
18 29
19 28
51 62
52 61
53 60
54 59
Structure 27
2 47
3 46
4 45
5 44
8 41
9 40
10 39
12 36
13 35
14 34
15 32
16 31
17 30
18 29
19 28
51 62
52 61
53 60
54 59
Structure 28
2 47
3 46
4 45
5 44
8 41
9 40
10 39
12 36
13 35
14 34
15 33
16 31
17 30
18 29
19 28
51 62
52 61
53 60
54 59
Structure 29
2 47
3 46
4 45
5 44
8 41
9 40
10 39
12 36
13 35
14 34
15 33
16 31
17 30
18 29
19 28
51 62
52 61
53 60
54 59
Structure 30
2 47
3 46
4 45
5 44
8 41
9 40
10 39
12 36
13 35
14 34
15 32
16 31
17 30
18 29
19 28
51 62
52 61
53 60
54 59
Structure 31
2 47
3 46
4 45
5 44
8 41
9 40
10 39
12 36
13 35
14 34
15 33
16 31
17 30
18 29
19 28
51 62
52 61
53 60
54 59
Structure 32
2 47
3 46
4 45
5 44
8 41
9 40
10 39
12 36
13 35
14 34
15 32
16 31
17 30
18 29
19 28
51 62
52 61
53 60
54 59
Structure 33
2 47
3 46
4 45
5 44
8 41
9 40
10 39
12 36
13 35
14 34
15 33
16 31
17 30
18 29
19 28
51 62
52 61
53 60
54 59
Structure 34
2 47
3 46
4 45
5 44
8 41
9 40
10 39
12 36
13 35
14 34
15 33
16 31
17 30
18 29
19 28
51 62
52 61
53 60
54 59
Structure 35
2 47
3 46
4 45
5 44
8 41
9 40
10 39
12 36
13 35
14 34
15 33
16 31
17 30
18 29
19 28
51 62
52 61
53 60
54 59
Structure 36
2 47
3 46
4 45
5 44
8 41
9 40
10 39
12 36
13 35
14 34
15 33
16 31
17 30
18 29
19 28
52 61
53 60
54 59
Structure 37
4 48
5 47
6 46
7 45
8 44
9 43
10 38
12 36
13 35
14 34
15 33
16 31
17 30
18 29
19 28
51 62
52 61
53 60
54 59
Structure 38
2 47
3 46
4 45
5 44
8 41
9 40
10 39
12 36
13 35
14 34
15 32
16 31
17 30
18 29
19 28
Structure 39
2 47
3 46
4 45
5 44
8 41
9 40
10 39
12 36
13 35
14 34
15 33
16 31
17 30
18 29
19 28
51 62
52 61
53 60
54 59
Structure 40
2 47
3 46
4 45
5 44
8 41
9 40
10 39
12 36
13 35
14 34
15 32
16 31
17 30
18 29
19 28
51 62
52 61
53 60
Structure 41
2 47
3 46
4 45
5 44
8 41
9 40
10 39
12 36
13 35
14 34
15 32
16 31
17 30
18 29
19 28
51 62
52 61
53 60
54 59
Structure 42
2 47
3 46
4 45
5 44
8 41
9 40
10 39
12 36
13 35
14 34
15 33
16 31
17 30
18 29
19 28
51 62
52 61
53 60
54 59
Structure 43
2 47
3 46
4 45
5 44
8 41
9 40
10 39
12 36
13 35
14 34
15 32
16 31
17 30
18 29
19 28
51 62
52 61
53 60
54 59
Structure 44
2 47
3 46
4 45
5 44
8 41
9 40
10 39
12 36
13 35
14 34
15 32
16 31
17 30
18 29
19 28
51 62
52 61
53 60
54 59
Structure 45
2 47
3 46
4 45
5 44
8 41
9 40
10 39
12 36
13 35
14 34
15 33
16 31
17 30
18 29
19 28
51 62
52 61
53 60
54 59
Structure 46
2 47
3 46
4 45
5 44
8 41
9 40
10 39
12 36
13 35
14 34
15 33
16 31
17 30
18 29
19 28
51 62
52 61
53 60
54 59
Structure 47
2 47
3 46
4 45
5 44
8 41
9 40
10 39
12 36
13 35
14 34
15 33
16 31
17 30
18 29
19 28
51 62
52 61
53 60
54 59
Structure 48
3 46
4 45
5 44
8 41
9 40
10 39
12 36
13 35
14 34
15 33
16 31
17 30
18 29
19 28
Structure 49
3 46
4 45
5 44
8 41
9 40
10 39
12 36
13 35
14 34
15 33
16 31
17 30
18 29
19 28
52 61
53 60
54 59
Structure 50
2 47
3 46
4 45
5 44
8 41
9 40
10 39
12 36
13 35
14 34
15 33
16 31
17 30
18 29
19 28
51 62
52 61
53 60
54 59
Structure 51
2 47
3 46
4 45
5 44
8 41
9 40
10 39
12 36
13 35
14 34
15 33
16 31
17 30
18 29
19 28
51 62
52 61
53 60
54 59
Structure 52
2 47
3 46
4 45
5 44
8 41
9 40
10 39
12 36
13 35
14 34
15 32
16 31
17 30
18 29
19 28
52 61
53 60
54 59
Structure 53
3 47
4 46
5 45
6 44
12 36
13 35
14 34
15 32
16 31
17 30
18 29
19 28
51 62
52 61
53 60
54 59
Structure 54
2 47
3 46
4 45
5 44
8 41
9 40
10 39
12 36
13 35
14 34
15 32
16 31
17 30
18 29
19 28
51 62
52 61
53 60
54 59
Structure 55
2 47
3 46
4 45
5 44
8 41
9 40
10 39
12 36
13 35
14 34
15 32
16 31
17 30
18 29
19 28
51 62
52 61
53 60
54 59
Structure 56
2 47
3 46
4 45
5 44
8 41
9 40
10 39
12 36
13 35
14 34
15 33
16 31
17 30
18 29
19 28
52 61
53 60
54 59
Structure 57
2 47
3 46
4 45
5 44
8 41
9 40
10 39
12 36
13 35
14 34
15 33
16 31
17 30
18 29
19 28
52 61
53 60
54 59
Structure 58
2 47
3 46
4 45
5 44
8 41
9 40
10 39
12 36
13 35
14 34
15 32
16 31
17 30
18 29
19 28
51 62
52 61
53 60
54 59
Structure 59
2 47
3 46
4 45
5 44
8 41
9 40
10 39
12 36
13 35
14 34
15 32
16 31
17 30
18 29
19 28
51 62
52 61
53 60
54 59
Structure 60
2 47
3 46
4 45
5 44
8 41
9 40
10 39
12 36
13 35
14 34
15 33
16 31
17 30
18 29
19 28
Structure 61
3 48
4 47
5 46
6 45
7 44
8 41
9 40
10 39
12 36
13 35
14 34
15 32
16 31
17 30
18 29
19 28
51 62
52 61
53 60
54 59
Structure 62
2 47
3 46
4 45
5 44
8 41
9 40
10 39
12 36
13 35
14 34
15 33
16 31
17 30
18 29
19 28
51 62
52 61
53 60
54 59
Structure 63
2 47
3 46
4 45
5 44
8 41
9 40
10 39
12 36
13 35
14 34
15 32
16 31
17 30
18 29
19 28
51 62
52 61
53 60
54 59
Structure 64
1 52
2 51
3 50
4 48
5 47
6 46
7 45
8 44
9 43
12 36
13 35
14 34
15 33
16 31
17 30
18 29
19 28
Structure 65
2 47
3 46
4 45
5 44
8 41
9 40
10 39
12 36
13 35
14 34
15 33
16 31
17 30
18 29
19 28
51 62
52 61
53 60
54 59
Structure 66
2 47
3 46
4 45
5 44
8 41
9 40
10 39
12 36
13 35
14 34
15 32
16 31
17 30
18 29
19 28
51 62
52 61
53 60
54 59
Structure 67
2 47
3 46
4 45
5 44
8 41
9 40
10 39
12 36
13 35
14 34
15 32
16 31
17 30
18 29
19 28
51 62
52 61
53 60
54 59
Structure 68
2 47
3 46
4 45
5 44
8 41
9 40
10 39
12 36
13 35
14 34
15 33
16 31
17 30
18 29
19 28
51 62
52 61
53 60
Structure 69
2 47
3 46
4 45
5 44
8 41
9 40
10 39
12 36
13 35
14 34
15 33
16 31
17 30
18 29
19 28
51 62
52 61
53 60
54 59
Structure 70
2 47
3 46
4 45
5 44
8 41
9 40
10 39
12 36
13 35
14 34
15 33
16 31
17 30
18 29
19 28
51 62
52 61
53 60
54 59
Structure 71
3 46
4 45
5 44
8 41
9 40
10 39
12 36
13 35
14 34
15 32
16 31
17 30
18 29
19 28
51 62
52 61
53 60
54 59
Structure 72
2 47
3 46
4 45
5 44
8 41
9 40
10 39
12 36
13 35
14 34
15 32
16 31
17 30
18 29
19 28
51 62
52 61
53 60
Structure 73
2 47
3 46
4 45
5 44
8 41
9 40
10 39
12 36
13 35
14 34
15 33
16 31
17 30
18 29
19 28
51 62
52 61
53 60
54 59
Structure 74
2 47
3 46
4 45
5 44
8 41
9 40
10 39
12 36
13 35
14 34
15 32
16 31
17 30
18 29
19 28
51 62
52 61
53 60
54 59
Structure 75
3 48
4 47
5 46
6 45
7 44
8 41
9 40
10 39
12 36
13 35
14 34
15 33
16 31
17 30
18 29
19 28
51 62
52 61
53 60
54 59
Structure 76
2 47
3 46
4 45
5 44
8 41
9 40
10 39
12 36
13 35
14 34
15 32
16 31
17 30
18 29
19 28
51 62
52 61
53 60
54 59
Structure 77
2 47
3 46
4 45
5 44
8 41
9 40
10 39
12 36
13 35
14 34
15 32
16 31
17 30
18 29
19 28
51 62
52 61
53 60
54 59
Structure 78
2 47
3 46
4 45
5 44
8 41
9 40
10 39
12 36
13 35
14 34
15 32
16 31
17 30
18 29
19 28
51 62
52 61
53 60
54 59
Structure 79
2 47
3 46
4 45
5 44
8 41
9 40
10 39
13 36
14 35
15 32
16 31
17 30
18 29
19 28
51 62
52 61
53 60
54 59
Structure 80
2 47
3 46
4 45
5 44
8 41
9 40
10 39
12 36
13 35
14 34
15 32
16 31
17 30
18 29
19 28
51 62
52 61
53 60
54 59
Structure 81
2 47
3 46
4 45
5 44
8 41
9 40
10 39
12 36
13 35
14 34
15 33
16 31
17 30
18 29
19 28
51 62
52 61
53 60
54 59
Structure 82
2 47
3 46
4 45
5 44
8 41
9 40
10 39
12 36
13 35
14 34
15 32
16 31
17 30
18 29
19 28
51 62
52 61
53 60
Structure 83
2 47
3 46
4 45
5 44
8 41
9 40
10 39
12 36
13 35
14 34
15 33
16 31
17 30
18 29
19 28
51 62
52 61
53 60
54 59
Structure 84
2 47
3 46
4 45
5 44
8 41
9 40
10 39
12 36
13 35
14 34
15 33
16 31
17 30
18 29
19 28
51 62
52 61
53 60
54 59
Structure 85
2 47
3 46
4 45
5 44
8 41
9 40
10 39
12 36
13 35
14 34
15 33
16 31
17 30
18 29
19 28
52 61
53 60
54 59
Structure 86
2 47
3 46
4 45
5 44
8 41
9 40
10 39
12 36
13 35
14 34
15 33
16 31
17 30
18 29
19 28
51 62
52 61
53 60
54 59
Structure 87
2 47
3 46
4 45
5 44
8 41
9 40
10 39
12 36
13 35
14 34
15 33
16 31
17 30
18 29
19 28
51 62
52 61
53 60
54 59
Structure 88
2 47
3 46
4 45
5 44
8 41
9 40
10 39
12 36
13 35
14 34
15 32
16 31
17 30
18 29
Structure 89
2 47
3 46
4 45
5 44
8 41
9 40
10 39
12 36
13 35
14 34
15 33
16 31
17 30
18 29
19 28
51 62
52 61
53 60
54 59
Structure 90
2 47
3 46
4 45
5 44
8 41
9 40
10 39
12 36
13 35
14 34
15 32
16 31
17 30
18 29
19 28
51 62
52 61
53 60
54 59
Structure 91
2 47
3 46
4 45
5 44
8 41
9 40
10 39
12 36
13 35
14 34
15 32
16 31
17 30
18 29
19 28
51 62
52 61
53 60
54 59
Structure 92
2 47
3 46
4 45
5 44
8 41
9 40
10 39
12 36
13 35
14 34
15 32
16 31
17 30
18 29
19 28
51 62
52 61
53 60
Structure 93
3 48
4 47
5 46
6 45
7 44
8 41
9 40
10 39
12 36
13 35
14 34
15 32
16 31
17 30
18 29
19 28
52 61
53 60
54 59
Structure 94
3 46
4 45
5 44
8 41
9 40
10 39
12 36
13 35
14 34
15 33
16 31
17 30
18 29
19 28
51 62
52 61
53 60
54 59
Structure 95
3 48
4 47
5 46
6 45
7 44
8 41
9 40
10 39
12 36
13 35
14 34
15 32
16 31
17 30
18 29
19 28
51 62
52 61
53 60
54 59
Structure 96
2 47
3 46
4 45
5 44
8 41
9 40
10 39
12 36
13 35
14 34
15 33
16 31
17 30
18 29
19 28
51 62
52 61
53 60
54 59
Structure 97
2 47
3 46
4 45
5 44
8 41
9 40
10 39
12 36
13 35
14 34
15 32
16 31
17 30
18 29
19 28
51 62
52 61
53 60
54 59
Structure 98
3 46
4 45
5 44
8 41
9 40
10 39
12 36
13 35
14 34
15 33
16 31
17 30
18 29
19 28
51 62
52 61
53 60
Structure 99
2 47
3 46
4 45
5 44
8 41
9 40
10 39
12 36
13 35
14 34
15 33
16 31
17 30
18 29
51 62
52 61
53 60
54 59
Structure 100
2 47
3 46
4 45
5 44
8 41
9 40
10 39
12 36
13 35
14 34
15 32
16 31
17 30
18 29
19 28
51 62
52 61
53 60
54 59
Structure 101
2 47
3 46
4 45
5 44
8 41
9 40
10 39
12 36
13 35
14 34
15 32
16 31
17 30
18 29
19 28
51 62
52 61
53 60
54 59
Structure 102
2 47
3 46
4 45
5 44
8 41
9 40
10 39
12 36
13 35
14 34
15 32
16 31
17 30
18 29
19 28
51 62
52 61
53 60
54 59
Structure 103
2 47
3 46
4 45
5 44
8 41
9 40
10 39
12 36
13 35
14 34
15 33
16 31
17 30
18 29
19 28
51 62
52 61
53 60
54 59
Structure 104
2 47
3 46
4 45
5 44
8 41
9 40
10 39
12 36
13 35
14 34
15 33
16 31
17 30
18 29
19 28
51 62
52 61
53 60
Structure 105
2 47
3 46
4 45
5 44
8 41
9 40
10 39
12 36
13 35
14 34
15 32
16 31
17 30
18 29
19 28
51 62
52 61
53 60
54 59
Structure 106
2 47
3 46
4 45
5 44
8 41
9 40
10 39
12 36
13 35
14 34
15 33
16 31
17 30
18 29
19 28
52 61
53 60
Structure 107
2 47
3 46
4 45
5 44
8 41
9 40
10 39
12 36
13 35
14 34
15 33
16 31
17 30
18 29
19 28
51 62
52 61
53 60
54 59
Structure 108
2 47
3 46
4 45
5 44
8 41
9 40
10 39
12 36
13 35
14 34
15 32
16 31
17 30
18 29
19 28
51 62
52 61
53 60
54 59
Structure 109
2 47
3 46
4 45
5 44
8 41
9 40
10 39
12 36
13 35
14 34
15 33
16 31
17 30
18 29
19 28
Structure 110
2 47
3 46
4 45
5 44
8 41
9 40
10 39
12 36
13 35
14 34
15 33
16 31
17 30
18 29
19 28
51 62
52 61
53 60
54 59
Structure 111
1 52
2 51
3 50
4 48
5 47
6 46
7 45
8 44
9 43
12 36
13 35
14 34
15 32
16 31
17 30
18 29
19 28
Structure 112
2 47
3 46
4 45
5 44
8 41
9 40
10 39
12 36
13 35
14 34
15 32
16 31
17 30
18 29
19 28
51 62
52 61
53 60
54 59
Structure 113
2 47
3 46
4 45
5 44
8 41
9 40
10 39
12 36
13 35
14 34
15 32
16 31
17 30
18 29
19 28
52 61
53 60
54 59
Structure 114
2 47
3 46
4 45
5 44
8 41
9 40
10 39
12 36
13 35
14 34
15 32
16 31
17 30
18 29
19 28
51 62
52 61
53 60
54 59
Structure 115
2 47
3 46
4 45
5 44
8 41
9 40
10 39
12 36
13 35
14 34
15 32
16 31
17 30
18 29
19 28
51 62
52 61
53 60
54 59
Structure 116
2 47
3 46
4 45
5 44
8 41
9 40
10 39
12 36
13 35
14 34
15 33
16 31
17 30
18 29
19 28
51 62
52 61
53 60
54 59
Structure 117
2 47
3 46
4 45
5 44
8 41
9 40
10 38
12 36
13 35
14 34
15 32
16 31
17 30
18 29
19 28
51 62
52 61
53 60
54 59
Structure 118
2 47
3 46
4 45
5 44
8 41
9 40
10 39
12 36
13 35
14 34
15 32
16 31
17 30
18 29
19 28
51 62
52 61
53 60
54 59
Structure 119
2 47
3 46
4 45
5 44
8 41
9 40
10 39
12 36
13 35
14 34
15 32
16 31
17 30
18 29
19 28
51 62
52 61
53 60
54 59
Structure 120
2 47
3 46
4 45
5 44
8 41
9 40
10 39
12 36
13 35
14 34
15 32
16 31
17 30
18 29
19 28
52 61
53 60
54 59
Structure 121
2 47
3 46
4 45
5 44
8 41
9 40
10 39
12 36
13 35
14 34
15 33
16 31
17 30
18 29
19 28
51 62
52 61
53 60
54 59
Structure 122
2 47
3 46
4 45
5 44
8 41
9 40
10 39
12 36
13 35
14 34
15 32
16 31
17 30
18 29
19 28
51 62
52 61
53 60
54 59
Structure 123
2 47
3 46
4 45
5 44
8 41
9 40
10 39
12 36
13 35
14 34
15 33
16 31
17 30
18 29
19 28
51 62
52 61
53 60
54 59
Structure 124
1 52
2 51
3 50
4 48
5 47
6 46
7 45
8 44
9 43
12 36
13 35
14 34
15 33
16 31
17 30
18 29
19 28
Structure 125
2 47
3 46
4 45
5 44
8 41
9 40
10 39
12 36
13 35
14 34
15 32
16 31
17 30
18 29
19 28
51 62
52 61
53 60
54 59
Structure 126
2 47
3 46
4 45
5 44
8 41
9 40
10 39
12 36
13 35
14 34
15 33
16 31
17 30
18 29
19 28
51 62
52 61
53 60
54 59
Structure 127
1 52
2 51
3 50
4 48
5 47
6 46
7 45
8 44
9 43
12 36
13 35
14 34
15 33
16 31
17 30
18 29
19 28
Structure 128
2 47
3 46
4 45
5 44
8 41
9 40
10 39
12 36
13 35
14 34
15 32
16 31
17 30
18 29
19 28
Structure 129
2 47
3 46
4 45
5 44
8 41
9 40
10 39
12 36
13 35
14 34
15 33
16 31
17 30
18 29
19 28
51 62
52 61
53 60
54 59
Structure 130
2 47
3 46
4 45
5 44
8 41
9 40
10 39
12 36
13 35
14 34
15 33
16 31
17 30
18 29
19 28
51 62
52 61
53 60
54 59
Structure 131
2 47
3 46
4 45
5 44
8 41
9 40
10 39
12 36
13 35
14 34
15 32
16 31
17 30
18 29
19 28
51 62
52 61
53 60
54 59
Structure 132
2 47
3 46
4 45
5 44
8 41
9 40
10 39
12 36
13 35
14 34
15 32
16 31
17 30
18 29
19 28
51 62
52 61
53 60
Structure 133
2 47
3 46
4 45
5 44
8 41
9 40
10 39
12 36
13 35
14 34
15 32
16 31
17 30
18 29
19 28
51 62
52 61
53 60
54 59
Structure 134
2 47
3 46
4 45
5 44
8 41
9 40
10 39
12 36
13 35
14 34
15 32
16 31
17 30
18 29
19 28
51 62
52 61
53 60
54 59
Structure 135
2 47
3 46
4 45
5 44
8 41
9 40
10 39
12 36
13 35
14 34
15 32
16 31
17 30
18 29
19 28
51 62
52 61
53 60
54 59
Structure 136
2 47
3 46
4 45
5 44
8 41
9 40
10 39
12 36
13 35
14 34
15 32
16 31
17 30
18 29
19 28
51 62
52 61
53 60
54 59
Structure 137
2 47
3 46
4 45
5 44
8 41
9 40
10 39
12 36
13 35
14 34
15 33
16 31
17 30
18 29
19 28
51 62
52 61
53 60
54 59
Structure 138
2 47
3 46
4 45
5 44
8 41
9 40
10 39
12 36
13 35
14 34
15 33
16 31
17 30
18 29
19 28
51 62
52 61
53 60
54 59
Structure 139
2 47
3 46
4 45
5 44
8 41
9 40
10 39
12 36
13 35
14 34
15 33
16 31
17 30
18 29
19 28
51 62
52 61
53 60
54 59
Structure 140
2 47
3 46
4 45
5 44
8 41
9 40
10 39
12 36
13 35
14 34
15 33
16 31
17 30
18 29
19 28
51 62
52 61
53 60
54 59
Structure 141
3 46
4 45
5 44
8 41
9 40
10 39
12 36
13 35
14 34
15 32
16 31
17 30
18 29
19 28
51 62
52 61
53 60
54 59
Structure 142
3 46
4 45
5 44
8 41
9 40
10 39
12 36
13 35
14 34
15 32
16 31
17 30
18 29
19 28
51 62
52 61
53 60
54 59
Structure 143
2 47
3 46
4 45
5 44
8 41
9 40
10 39
12 36
13 35
14 34
15 32
16 31
17 30
18 29
19 28
51 62
52 61
53 60
Structure 144
2 47
3 46
4 45
5 44
8 41
9 40
10 39
12 36
13 35
14 34
15 32
16 31
17 30
18 29
19 28
51 62
52 61
53 60
54 59
Structure 145
2 47
3 46
4 45
5 44
8 41
9 40
10 39
12 36
13 35
14 34
15 32
16 31
17 30
18 29
19 28
51 62
52 61
53 60
54 59
Structure 146
4 48
5 47
6 46
7 45
8 44
9 40
10 39
12 36
13 35
14 34
15 33
16 31
17 30
18 29
19 28
51 62
52 61
53 60
54 59
Structure 147
2 47
3 46
4 45
5 44
8 41
9 40
10 39
12 36
13 35
14 34
15 32
16 31
17 30
18 29
19 28
51 62
52 61
53 60
54 59
Structure 148
2 47
3 46
4 45
5 44
8 41
9 40
10 39
12 36
13 35
14 34
15 33
16 31
17 30
18 29
19 28
52 61
53 60
54 59
Structure 149
2 47
3 46
4 45
5 44
8 41
9 40
10 39
12 36
13 35
14 34
15 33
16 31
17 30
18 29
19 28
51 62
52 61
53 60
54 59
Structure 150
2 47
3 46
4 45
5 44
8 41
9 40
10 39
12 36
13 35
14 34
15 32
16 31
17 30
18 29
19 28
52 61
53 60
54 59
Structure 151
2 47
3 46
4 45
5 44
8 41
9 40
10 39
12 36
13 35
14 34
15 33
16 31
17 30
18 29
19 28
51 62
52 61
53 60
54 59
Structure 152
3 46
4 45
5 44
8 41
9 40
10 39
12 36
13 35
14 34
15 32
16 31
17 30
18 29
19 28
51 62
52 61
53 60
54 59
Structure 153
2 47
3 46
4 45
5 44
8 41
9 40
10 39
12 36
13 35
14 34
15 32
16 31
17 30
18 29
19 28
52 61
53 60
54 59
Structure 154
2 47
3 46
4 45
5 44
8 41
9 40
10 39
12 36
13 35
14 34
15 33
16 31
17 30
18 29
19 28
51 62
52 61
53 60
54 59
Structure 155
2 47
3 46
4 45
5 44
8 41
9 40
10 39
12 36
13 35
14 34
15 33
16 31
17 30
18 29
19 28
51 62
52 61
53 60
54 59
Structure 156
2 47
3 46
4 45
5 44
8 41
9 40
10 39
12 36
13 35
14 34
15 33
16 31
17 30
18 29
19 28
51 62
52 61
53 60
54 59
Structure 157
2 47
3 46
4 45
5 44
8 41
9 40
10 39
12 36
13 35
14 34
15 33
16 31
17 30
18 29
19 28
51 62
52 61
53 60
54 59
Structure 158
2 47
3 46
4 45
5 44
8 41
9 40
10 39
12 36
13 35
14 34
15 32
16 31
17 30
18 29
19 28
51 62
52 61
53 60
54 59
Structure 159
2 47
3 46
4 45
5 44
8 41
9 40
10 39
12 36
13 35
14 34
15 32
16 31
17 30
18 29
19 28
51 62
52 61
53 60
54 59
Structure 160
3 48
4 47
5 46
6 45
7 44
9 40
10 39
12 36
13 35
14 34
15 32
16 31
17 30
18 29
19 28
21 25
51 62
52 61
53 60
54 59
Structure 161
2 47
3 46
4 45
5 44
8 41
9 40
10 39
12 36
13 35
14 34
15 33
16 31
17 30
18 29
19 28
51 62
52 61
53 60
54 59
Structure 162
3 48
4 47
5 46
6 45
7 44
8 41
9 40
10 39
12 36
13 35
14 34
15 33
16 31
17 30
18 29
19 28
51 62
52 61
53 60
54 59
Structure 163
2 47
3 46
4 45
5 44
8 41
9 40
10 39
12 36
13 35
14 34
15 32
16 31
17 30
18 29
19 28
51 62
52 61
53 60
Structure 164
2 47
3 46
4 45
5 44
8 41
9 40
10 39
12 36
13 35
14 34
15 33
16 31
17 30
18 29
19 28
51 62
52 61
53 60
54 59
Structure 165
2 47
3 46
4 45
5 44
8 41
9 40
10 39
12 36
13 35
14 34
15 32
16 31
17 30
18 29
19 28
51 62
52 61
53 60
Structure 166
2 47
3 46
4 45
5 44
8 41
9 40
10 39
12 36
13 35
14 34
15 32
16 31
17 30
18 29
19 28
51 62
52 61
53 60
54 59
Structure 167
2 47
3 46
4 45
5 44
8 41
9 40
10 39
12 36
13 35
14 34
15 33
16 31
17 30
18 29
19 28
51 62
52 61
53 60
54 59
Structure 168
2 47
3 46
4 45
5 44
8 41
9 40
10 39
12 36
13 35
14 34
15 33
16 31
17 30
18 29
19 28
51 62
52 61
53 60
54 59
Structure 169
2 47
3 46
4 45
5 44
8 41
9 40
10 39
12 36
13 35
14 34
15 33
16 31
17 30
18 29
19 28
51 62
52 61
53 60
54 59
Structure 170
2 47
3 46
4 45
5 44
8 41
9 40
10 39
12 36
13 35
14 34
15 32
16 31
17 30
18 29
19 28
51 62
52 61
53 60
54 59
Structure 171
2 47
3 46
4 45
5 44
8 41
9 40
10 39
12 36
13 35
14 34
15 33
16 31
17 30
18 29
19 28
51 62
52 61
53 60
54 59
Structure 172
2 47
3 46
4 45
5 44
8 41
9 40
10 39
13 35
14 34
15 33
16 31
17 30
18 29
19 28
51 62
52 61
53 60
Structure 173
2 47
3 46
4 45
5 44
8 41
9 40
10 39
12 36
13 35
14 34
15 32
16 31
17 30
18 29
19 28
51 62
52 61
53 60
54 59
Structure 174
2 47
3 46
4 45
5 44
8 41
9 40
10 39
12 36
13 35
14 34
15 33
16 31
17 30
18 29
19 28
51 62
52 61
53 60
54 59
Structure 175
2 47
3 46
4 45
5 44
8 41
9 40
10 39
12 36
13 35
14 34
15 32
16 31
17 30
18 29
19 28
52 61
53 60
54 59
Structure 176
2 47
3 46
4 45
5 44
8 41
9 40
10 39
12 36
13 35
14 34
15 33
16 31
17 30
18 29
19 28
51 62
52 61
53 60
54 59
Structure 177
2 47
3 46
4 45
5 44
8 41
9 40
10 39
12 36
13 35
14 34
15 32
16 31
17 30
18 29
19 28
51 62
52 61
53 60
54 59
Structure 178
2 47
3 46
4 45
5 44
8 41
9 40
10 39
12 36
13 35
14 34
15 32
16 31
17 30
18 29
19 28
51 62
52 61
53 60
54 59
Structure 179
3 46
4 45
5 44
8 41
9 40
10 39
12 36
13 35
14 34
15 33
16 31
17 30
18 29
19 28
51 62
52 61
53 60
54 59
Structure 180
2 47
3 46
4 45
5 44
8 41
9 40
10 39
12 36
13 35
14 34
15 33
16 31
17 30
18 29
51 62
52 61
53 60
54 59
Structure 181
2 47
3 46
4 45
5 44
8 41
9 40
10 39
12 36
13 35
14 34
15 33
16 31
17 30
18 29
19 28
51 62
52 61
53 60
54 59
Structure 182
2 47
3 46
4 45
5 44
8 41
9 40
10 39
12 36
13 35
14 34
15 33
16 31
17 30
18 29
19 28
52 61
53 60
Structure 183
2 47
3 46
4 45
5 44
8 41
9 40
10 39
12 36
13 35
14 34
15 33
16 31
17 30
18 29
19 28
51 62
52 61
53 60
54 59
Structure 184
2 47
3 46
4 45
5 44
8 41
9 40
10 39
12 36
13 35
14 34
15 33
16 31
17 30
18 29
19 28
51 62
52 61
Structure 185
2 47
3 46
4 45
5 44
8 41
9 40
10 39
12 36
13 35
14 34
15 33
16 31
17 30
18 29
19 28
51 62
52 61
53 60
54 59
Structure 186
3 46
4 45
5 44
8 41
9 40
10 39
12 36
13 35
14 34
15 32
16 31
17 30
18 29
19 28
51 62
52 61
53 60
54 59
Structure 187
3 50
4 48
5 47
6 46
7 45
8 44
9 43
10 38
12 36
13 35
14 34
15 32
16 31
17 30
18 29
19 28
51 62
52 61
53 60
54 59
Structure 188
3 46
4 45
5 44
8 41
9 40
10 39
12 36
13 35
14 34
15 33
16 31
17 30
18 29
19 28
51 62
52 61
53 60
Structure 189
3 46
4 45
5 44
8 41
9 40
10 39
12 36
13 35
14 34
15 32
16 31
17 30
18 29
19 28
51 62
52 61
53 60
54 59
Structure 190
2 47
3 46
4 45
5 44
8 41
9 40
10 39
12 36
13 35
14 34
15 33
16 31
17 30
18 29
19 28
51 62
52 61
53 60
54 59
Structure 191
2 47
3 46
4 45
5 44
8 41
9 40
10 39
12 36
13 35
14 34
15 32
16 31
17 30
18 29
19 28
51 62
52 61
53 60
54 59
Structure 192
4 47
5 46
6 45
7 44
8 41
9 40
10 39
12 36
13 35
14 34
15 33
16 31
17 30
18 29
19 28
51 62
52 61
53 60
54 59
Structure 193
2 47
3 46
4 45
5 44
8 41
9 40
10 39
12 36
13 35
14 34
15 32
16 31
17 30
18 29
19 28
51 62
52 61
53 60
54 59
Structure 194
2 47
3 46
4 45
5 44
8 41
9 40
10 39
12 36
13 35
14 34
15 32
16 31
17 30
18 29
19 28
51 62
52 61
53 60
Structure 195
2 47
3 46
4 45
5 44
8 41
9 40
10 39
12 36
13 35
14 34
15 33
16 31
17 30
18 29
19 28
51 62
52 61
53 60
54 59
Structure 196
2 47
3 46
4 45
5 44
8 41
9 40
10 39
12 36
13 35
14 34
15 32
16 31
17 30
18 29
19 28
51 62
52 61
53 60
54 59
Structure 197
2 47
3 46
4 45
5 44
8 41
9 40
10 39
12 36
13 35
14 34
15 32
16 31
17 30
18 29
19 28
51 62
52 61
53 60
54 59
Structure 198
2 47
3 46
4 45
5 44
8 41
9 40
10 39
12 36
13 35
14 34
15 33
16 31
17 30
18 29
19 28
51 62
52 61
53 60
54 59
Structure 199
2 47
3 46
4 45
5 44
8 41
9 40
10 39
13 35
14 34
15 32
16 31
17 30
18 29
19 28
51 62
52 61
53 60
Structure 200
2 47
3 46
4 45
5 44
8 41
9 40
10 39
12 36
13 35
14 34
15 32
16 31
17 30
18 29
51 62
52 61
53 60
54 59
Structure 201
2 47
3 46
4 45
5 44
8 41
9 40
10 39
12 36
13 35
14 34
15 32
16 31
17 30
18 29
19 28
51 62
52 61
53 60
54 59
Structure 202
2 47
3 46
4 45
5 44
8 41
9 40
10 39
12 36
13 35
14 34
15 33
16 31
17 30
18 29
19 28
51 62
52 61
53 60
54 59
Structure 203
1 49
3 48
4 47
5 46
6 45
7 44
8 41
9 40
10 39
12 36
13 35
14 34
15 33
16 31
17 30
18 29
19 28
51 62
52 61
53 60
54 59
Structure 204
2 47
3 46
4 45
5 44
8 41
9 40
10 39
12 36
13 35
14 34
15 32
16 31
17 30
18 29
19 28
51 62
52 61
53 60
54 59
Structure 205
2 47
3 46
4 45
5 44
8 41
9 40
10 39
12 36
13 35
14 34
15 33
16 31
17 30
18 29
19 28
51 62
52 61
53 60
54 59
Structure 206
2 47
3 46
4 45
5 44
8 41
9 40
10 39
12 36
13 35
14 34
15 33
16 31
17 30
18 29
19 28
51 62
52 61
53 60
54 59
Structure 207
2 47
3 46
4 45
5 44
8 41
9 40
10 39
12 36
13 35
14 34
15 32
16 31
17 30
18 29
19 28
21 26
52 61
53 60
54 59
Structure 208
2 47
3 46
4 45
5 44
8 41
9 40
10 39
12 36
13 35
14 34
15 33
16 31
17 30
18 29
19 28
51 62
52 61
53 60
54 59
Structure 209
2 47
3 46
4 45
5 44
8 41
9 40
10 39
12 36
13 35
14 34
15 33
16 31
17 30
18 29
19 28
51 62
52 61
53 60
54 59
Structure 210
2 47
3 46
4 45
5 44
8 41
9 40
10 39
12 36
13 35
14 34
15 32
16 31
17 30
18 29
19 28
51 62
52 61
53 60
Structure 211
2 47
3 46
4 45
5 44
8 41
9 40
10 39
12 36
13 35
14 34
15 32
16 31
17 30
18 29
19 28
51 62
52 61
53 60
Structure 212
2 47
3 46
4 45
5 44
8 41
9 40
10 39
12 36
13 35
14 34
15 33
16 31
17 30
18 29
19 28
51 62
52 61
53 60
54 59
Structure 213
2 47
3 46
4 45
5 44
8 41
9 40
10 39
12 36
13 35
14 34
15 33
16 31
17 30
18 29
19 28
51 62
52 61
53 60
54 59
Structure 214
1 52
2 51
3 50
4 48
5 47
6 46
7 45
8 44
9 43
10 39
12 36
13 35
14 34
15 32
16 31
17 30
18 29
19 28
Structure 215
2 47
3 46
4 45
5 44
8 41
9 40
10 39
12 36
13 35
14 34
15 33
16 31
17 30
18 29
19 28
51 62
52 61
53 60
54 59
Structure 216
2 47
3 46
4 45
5 44
8 41
9 40
10 39
12 36
13 35
14 34
15 33
16 31
17 30
18 29
19 28
51 62
52 61
53 60
54 59
Structure 217
2 47
3 46
4 45
5 44
8 41
9 40
10 39
12 36
13 35
14 34
15 33
16 31
17 30
18 29
19 28
51 62
52 61
53 60
54 59
Structure 218
3 46
4 45
5 44
8 41
9 40
10 39
12 36
13 35
14 34
15 32
16 31
17 30
18 29
19 28
51 62
52 61
53 60
54 59
Structure 219
3 46
4 45
5 44
8 41
9 40
10 39
12 36
13 35
14 34
15 32
16 31
17 30
18 29
19 28
51 62
52 61
53 60
54 59
Structure 220
2 47
3 46
4 45
5 44
8 41
9 40
10 39
12 36
13 35
14 34
15 33
16 31
17 30
18 29
19 28
51 62
52 61
53 60
54 59
Structure 221
3 46
4 45
5 44
8 41
9 40
10 39
12 36
13 35
14 34
15 32
16 31
17 30
18 29
19 28
51 62
52 61
53 60
54 59
Structure 222
2 47
3 46
4 45
5 44
8 41
9 40
10 39
12 36
13 35
14 34
15 32
16 31
17 30
18 29
19 28
51 62
52 61
53 60
54 59
Structure 223
3 46
4 45
5 44
8 41
9 40
10 39
12 36
13 35
14 34
15 32
16 31
17 30
18 29
19 28
51 62
52 61
53 60
54 59
Structure 224
2 47
3 46
4 45
5 44
8 41
9 40
10 39
12 36
13 35
14 34
15 33
16 31
17 30
18 29
19 28
51 62
52 61
53 60
54 59
Structure 225
2 47
3 46
4 45
5 44
9 39
10 38
12 36
13 35
14 34
15 32
16 31
17 30
18 29
19 28
51 62
52 61
53 60
54 59
Structure 226
2 47
3 46
4 45
5 44
8 41
9 40
10 39
12 36
13 35
14 34
15 33
16 31
17 30
18 29
19 28
51 62
52 61
53 60
54 59
Structure 227
2 47
3 46
4 45
5 44
8 41
9 40
10 39
12 36
13 35
14 34
15 32
16 31
17 30
18 29
19 28
52 61
53 60
54 59
Structure 228
4 47
5 46
6 45
7 44
8 41
9 40
10 39
12 36
13 35
14 34
15 32
16 31
17 30
18 29
19 28
51 62
52 61
53 60
54 59
Structure 229
2 47
3 46
4 45
5 44
8 41
9 40
10 39
12 36
13 35
14 34
15 32
16 31
17 30
18 29
19 28
Structure 230
2 47
3 46
4 45
5 44
8 41
9 40
10 39
12 36
13 35
14 34
15 32
16 31
17 30
18 29
19 28
51 62
52 61
53 60
54 59
Structure 231
2 47
3 46
4 45
5 44
8 41
9 40
10 39
12 36
13 35
14 34
15 33
16 31
17 30
18 29
19 28
51 62
52 61
53 60
Structure 232
2 47
3 46
4 45
5 44
8 41
9 40
10 39
12 36
13 35
14 34
15 33
16 31
17 30
18 29
19 28
51 62
52 61
53 60
54 59
Structure 233
2 47
3 46
4 45
5 44
8 41
9 40
10 39
12 36
13 35
14 34
15 33
16 31
17 30
18 29
19 28
51 62
52 61
53 60
Structure 234
2 47
3 46
4 45
5 44
8 41
9 40
10 39
12 36
13 35
14 34
15 33
16 31
17 30
18 29
19 28
51 62
52 61
53 60
54 59
Structure 235
2 47
3 46
4 45
5 44
8 41
9 40
10 39
12 36
13 35
14 34
15 32
16 31
17 30
18 29
19 28
51 62
52 61
53 60
54 59
Structure 236
2 47
3 46
4 45
5 44
8 41
9 40
10 39
12 36
13 35
14 34
15 32
16 31
17 30
18 29
19 28
51 62
52 61
53 60
Structure 237
2 47
3 46
4 45
5 44
8 41
9 40
10 39
12 36
13 35
14 34
15 33
16 31
17 30
18 29
19 28
51 62
52 61
53 60
54 59
Structure 238
2 47
3 46
4 45
5 44
8 41
9 40
10 39
12 36
13 35
14 34
15 32
16 31
17 30
18 29
19 28
51 62
52 61
53 60
54 59
Structure 239
2 47
3 46
4 45
5 44
8 41
9 40
10 39
12 36
13 35
14 34
15 33
16 31
17 30
18 29
19 28
51 62
52 61
53 60
Structure 240
2 47
3 46
4 45
5 44
8 41
9 40
10 39
12 36
13 35
14 34
15 33
16 31
17 30
18 29
19 28
52 61
53 60
54 59
Structure 241
2 47
3 46
4 45
5 44
8 41
9 40
10 39
12 36
13 35
14 34
15 32
16 31
17 30
18 29
19 28
51 62
52 61
53 60
Structure 242
2 47
3 46
4 45
5 44
8 41
9 40
10 39
12 36
13 35
14 34
15 32
16 31
17 30
18 29
19 28
51 62
52 61
53 60
54 59
Structure 243
2 47
3 46
4 45
5 44
8 41
9 40
10 39
12 36
13 35
14 34
15 33
16 31
17 30
18 29
19 28
51 62
52 61
53 60
54 59
Structure 244
2 47
3 46
4 45
5 44
8 41
9 40
10 39
12 36
13 35
14 34
15 32
16 31
17 30
18 29
19 28
51 62
52 61
53 60
54 59
Structure 245
2 47
3 46
4 45
5 44
8 41
9 40
10 39
12 36
13 35
14 34
15 32
16 31
17 30
18 29
19 28
51 62
52 61
53 60
54 59
Structure 246
2 47
3 46
4 45
5 44
8 41
9 40
10 39
12 36
13 35
14 34
15 33
16 31
17 30
18 29
19 28
51 62
52 61
53 60
54 59
Structure 247
2 47
3 46
4 45
5 44
8 41
9 40
10 39
12 36
13 35
14 34
15 32
16 31
17 30
18 29
19 28
51 62
52 61
53 60
54 59
Structure 248
2 47
3 46
4 45
5 44
8 41
9 40
10 39
12 36
13 35
14 34
15 32
16 31
17 30
18 29
19 28
51 62
52 61
53 60
54 59
Structure 249
2 47
3 46
4 45
5 44
8 41
9 40
10 39
12 36
13 35
14 34
15 32
16 31
17 30
18 29
19 28
51 62
52 61
53 60
54 59
Structure 250
3 46
4 45
5 44
8 41
9 40
10 39
12 36
13 35
14 34
15 33
16 31
17 30
18 29
19 28
51 62
52 61
53 60
54 59
Structure 251
2 47
3 46
4 45
5 44
8 41
9 40
10 39
12 36
13 35
14 34
15 33
16 31
17 30
18 29
19 28
51 62
52 61
53 60
54 59
Structure 252
2 47
3 46
4 45
5 44
8 41
9 40
10 39
12 36
13 35
14 34
15 33
16 31
17 30
18 29
51 62
52 61
53 60
54 59
Structure 253
2 47
3 46
4 45
5 44
8 41
9 40
10 39
12 36
13 35
14 34
15 33
16 31
17 30
18 29
19 28
51 62
52 61
53 60
54 59
Structure 254
2 47
3 46
4 45
5 44
8 41
9 40
10 39
12 36
13 35
14 34
15 32
16 31
17 30
18 29
19 28
52 61
53 60
54 59
Structure 255
2 47
3 46
4 45
5 44
8 41
9 40
10 39
12 36
13 35
14 34
15 32
16 31
17 30
18 29
19 28
51 62
52 61
53 60
54 59
Structure 256
3 46
4 45
5 44
8 41
9 40
10 39
12 36
13 35
14 34
15 32
16 31
17 30
18 29
19 28
51 62
52 61
53 60
54 59
Structure 257
2 47
3 46
4 45
5 44
8 41
9 40
10 39
12 36
13 35
14 34
15 32
16 31
17 30
18 29
19 28
Structure 258
2 47
3 46
4 45
5 44
8 41
9 40
10 39
12 36
13 35
14 34
15 33
16 31
17 30
18 29
19 28
51 62
52 61
53 60
54 59
Structure 259
2 47
3 46
4 45
5 44
8 41
9 40
10 39
12 36
13 35
14 34
15 33
16 31
17 30
18 29
19 28
51 62
52 61
53 60
54 59
Structure 260
2 47
3 46
4 45
5 44
8 41
9 40
10 39
12 36
13 35
14 34
15 33
16 31
17 30
18 29
19 28
52 61
Structure 261
2 47
3 46
4 45
5 44
8 41
9 40
10 39
12 36
13 35
14 34
15 33
16 31
17 30
18 29
19 28
51 62
52 61
53 60
54 59
Structure 262
2 47
3 46
4 45
5 44
8 41
9 40
10 39
12 36
13 35
14 34
15 33
16 31
17 30
18 29
19 28
51 62
52 61
53 60
54 59
Structure 263
2 47
3 46
4 45
5 44
8 41
9 40
10 39
12 36
13 35
14 34
15 33
16 31
17 30
18 29
19 28
51 62
52 61
53 60
54 59
Structure 264
2 47
3 46
4 45
5 44
8 41
9 40
10 39
12 36
13 35
14 34
15 33
16 31
17 30
18 29
19 28
51 62
52 61
53 60
54 59
Structure 265
2 47
3 46
4 45
5 44
8 41
9 40
10 39
12 36
13 35
14 34
15 32
16 31
17 30
18 29
19 28
51 62
52 61
53 60
54 59
Structure 266
2 47
3 46
4 45
5 44
8 41
9 40
10 39
12 36
13 35
14 34
15 33
16 31
17 30
18 29
19 28
51 62
52 61
53 60
54 59
Structure 267
2 47
3 46
4 45
5 44
8 41
9 40
10 39
12 36
13 35
14 34
15 32
16 31
17 30
18 29
19 28
51 62
52 61
53 60
54 59
Structure 268
2 47
3 46
4 45
5 44
8 41
9 40
10 39
12 36
13 35
14 34
15 32
16 31
17 30
18 29
19 28
51 62
52 61
53 60
54 59
Structure 269
2 47
3 46
4 45
5 44
8 41
9 40
10 39
12 36
13 35
14 34
15 33
16 31
17 30
18 29
19 28
51 62
52 61
53 60
54 59
Structure 270
3 48
4 47
5 46
6 45
7 44
8 41
9 40
10 39
12 36
13 35
14 34
15 33
16 31
17 30
18 29
19 28
51 62
52 61
53 60
Structure 271
2 47
3 46
4 45
5 44
8 41
9 40
10 39
12 36
13 35
14 34
15 32
16 31
17 30
18 29
19 28
52 61
53 60
54 59
Structure 272
1 52
2 51
3 50
4 48
5 47
6 46
7 45
8 44
9 43
11 41
12 36
13 35
14 34
15 32
16 31
17 30
18 29
19 28
Structure 273
1 49
2 47
3 46
4 45
5 44
8 41
9 40
10 39
12 36
13 35
14 34
15 32
16 31
17 30
18 29
19 28
Structure 274
2 47
3 46
4 45
5 44
8 41
9 40
10 39
12 36
13 35
14 34
15 32
16 31
17 30
18 29
19 28
51 62
52 61
53 60
54 59
Structure 275
2 47
3 46
4 45
5 44
8 41
9 40
10 39
12 36
13 35
14 34
15 33
16 31
17 30
18 29
19 28
51 62
52 61
53 60
54 59
Structure 276
2 47
3 46
4 45
5 44
8 41
9 40
10 39
12 36
13 35
14 34
15 32
16 31
17 30
18 29
19 28
51 62
52 61
53 60
54 59
Structure 277
2 47
3 46
4 45
5 44
8 41
9 40
10 39
12 36
13 35
14 34
15 32
16 31
17 30
18 29
19 28
51 62
52 61
53 60
54 59
Structure 278
2 47
3 46
4 45
5 44
8 41
9 40
10 39
12 36
13 35
14 34
15 33
16 31
17 30
18 29
19 28
52 61
53 60
54 59
Structure 279
2 47
3 46
4 45
5 44
8 41
9 40
10 39
12 36
13 35
14 34
15 33
16 31
17 30
18 29
19 28
51 62
52 61
53 60
Structure 280
2 47
3 46
4 45
5 44
8 41
9 40
10 39
12 36
13 35
14 34
15 32
16 31
17 30
18 29
19 28
51 62
52 61
53 60
54 59
Structure 281
2 47
3 46
4 45
5 44
8 41
9 40
10 39
12 36
13 35
14 34
15 32
16 31
17 30
18 29
19 28
51 62
52 61
53 60
54 59
Structure 282
2 47
3 46
4 45
5 44
8 41
9 40
10 39
12 36
13 35
14 34
15 33
16 31
17 30
18 29
19 28
51 62
52 61
53 60
54 59
Structure 283
2 47
3 46
4 45
5 44
8 41
9 40
10 39
12 36
13 35
14 34
15 33
16 31
17 30
18 29
19 28
51 62
52 61
53 60
54 59
Structure 284
2 47
3 46
4 45
5 44
8 41
9 40
10 39
13 35
14 34
15 32
16 31
17 30
18 29
19 28
51 62
52 61
53 60
54 59
Structure 285
2 47
3 46
4 45
5 44
8 41
9 40
10 39
12 36
13 35
14 34
15 32
16 31
17 30
18 29
19 28
51 62
52 61
53 60
54 59
Structure 286
2 47
3 46
4 45
5 44
8 41
9 40
10 39
12 36
13 35
14 34
15 33
16 31
17 30
18 29
19 28
51 62
52 61
53 60
54 59
Structure 287
2 47
3 46
4 45
5 44
8 41
9 40
10 39
12 36
13 35
14 34
15 32
16 31
17 30
18 29
19 28
51 62
52 61
53 60
54 59
Structure 288
2 47
3 46
4 45
5 44
8 41
9 40
10 39
12 36
13 35
14 34
15 32
16 31
17 30
18 29
19 28
51 62
52 61
53 60
54 59
Structure 289
2 47
3 46
4 45
5 44
8 41
9 40
10 39
12 36
13 35
14 34
15 32
16 31
17 30
18 29
19 28
51 62
52 61
53 60
54 59
Structure 290
2 47
3 46
4 45
5 44
8 41
9 40
10 39
12 36
13 35
14 34
15 33
16 31
17 30
18 29
19 28
51 62
52 61
53 60
54 59
Structure 291
2 47
3 46
4 45
5 44
8 41
9 40
10 39
12 36
13 35
14 34
15 32
16 31
17 30
18 29
19 28
52 61
Structure 292
2 47
3 46
4 45
5 44
8 41
9 40
10 39
12 36
13 35
14 34
15 32
16 31
17 30
18 29
19 28
52 61
53 60
54 59
Structure 293
2 47
3 46
4 45
5 44
8 41
9 40
10 39
12 36
13 35
14 34
15 32
16 31
17 30
18 29
19 28
51 62
52 61
53 60
54 59
Structure 294
2 47
3 46
4 45
5 44
8 41
9 40
10 39
12 36
13 35
14 34
15 32
16 31
17 30
18 29
19 28
51 62
52 61
53 60
Structure 295
3 46
4 45
5 44
8 41
9 40
10 39
12 36
13 35
14 34
15 33
16 31
17 30
18 29
19 28
52 61
53 60
54 59
Structure 296
2 47
3 46
4 45
5 44
8 41
9 40
10 39
12 36
13 35
14 34
15 33
16 31
17 30
18 29
19 28
51 62
52 61
53 60
54 59
Structure 297
2 47
3 46
4 45
5 44
8 41
9 40
10 39
12 36
13 35
14 34
15 32
16 31
17 30
18 29
19 28
51 62
52 61
53 60
54 59
Structure 298
2 47
3 46
4 45
5 44
8 41
9 40
10 39
12 36
13 35
14 34
15 33
16 31
17 30
18 29
19 28
51 62
52 61
53 60
54 59
Structure 299
2 47
3 46
4 45
5 44
8 41
9 40
10 39
12 36
13 35
14 34
15 33
16 31
17 30
18 29
19 28
Structure 300
2 47
3 46
4 45
5 44
8 41
9 40
10 39
12 36
13 35
14 34
15 32
16 31
17 30
18 29
19 28
51 62
52 61
53 60
54 59
Structure 301
2 47
3 46
4 45
5 44
8 41
9 40
10 39
12 36
13 35
14 34
15 33
16 31
17 30
18 29
19 28
51 62
52 61
53 60
54 59
Structure 302
2 47
3 46
4 45
5 44
8 41
9 40
10 39
12 36
13 35
14 34
15 33
16 31
17 30
18 29
19 28
51 62
52 61
53 60
54 59
Structure 303
2 47
3 46
4 45
5 44
8 41
9 40
10 39
12 36
13 35
14 34
15 33
16 31
17 30
18 29
19 28
51 62
52 61
53 60
54 59
Structure 304
2 47
3 46
4 45
5 44
8 41
9 40
10 39
12 36
13 35
14 34
15 32
16 31
17 30
18 29
19 28
51 62
52 61
53 60
54 59
Structure 305
2 47
3 46
4 45
5 44
8 41
9 40
10 39
12 36
13 35
14 34
15 33
16 31
17 30
18 29
19 28
52 61
53 60
54 59
Structure 306
3 48
4 47
5 46
6 45
7 44
8 41
9 40
10 39
13 35
14 34
15 32
16 31
17 30
18 29
19 28
51 62
52 61
53 60
54 59
Structure 307
2 47
3 46
4 45
5 44
8 41
9 40
10 39
12 36
13 35
14 34
15 32
16 31
17 30
18 29
19 28
51 62
52 61
53 60
54 59
Structure 308
2 47
3 46
4 45
5 44
8 41
9 40
10 39
12 36
13 35
14 34
15 33
16 31
17 30
18 29
19 28
51 62
52 61
53 60
54 59
Structure 309
2 47
3 46
4 45
5 44
8 41
9 40
10 39
12 36
13 35
14 34
15 33
16 31
17 30
18 29
19 28
51 62
52 61
53 60
54 59
Structure 310
2 47
3 46
4 45
5 44
8 41
9 40
10 39
12 36
13 35
14 34
15 32
16 31
17 30
18 29
19 28
51 62
52 61
53 60
54 59
Structure 311
2 47
3 46
4 45
5 44
8 41
9 40
10 39
12 36
13 35
14 34
15 33
16 31
17 30
18 29
19 28
Structure 312
2 47
3 46
4 45
5 44
8 41
9 40
12 36
13 35
14 34
15 32
16 31
17 30
18 29
19 28
51 62
52 61
53 60
Structure 313
3 46
4 45
5 44
8 41
9 40
10 39
12 36
13 35
14 34
15 33
16 31
17 30
18 29
19 28
51 62
52 61
53 60
54 59
Structure 314
2 47
3 46
4 45
5 44
8 41
9 40
10 39
12 36
13 35
14 34
15 32
16 31
17 30
18 29
19 28
51 62
52 61
53 60
54 59
Structure 315
2 47
3 46
4 45
5 44
8 41
9 40
10 39
12 36
13 35
14 34
15 32
16 31
17 30
18 29
19 28
51 62
52 61
53 60
54 59
Structure 316
2 47
3 46
4 45
5 44
8 41
9 40
10 39
12 36
13 35
14 34
15 32
16 31
17 30
18 29
19 28
51 62
52 61
53 60
54 59
Structure 317
2 47
3 46
4 45
5 44
8 41
9 40
10 39
12 36
13 35
14 34
15 33
16 31
17 30
18 29
19 28
51 62
52 61
53 60
54 59
Structure 318
2 47
3 46
4 45
5 44
8 41
9 40
10 39
12 36
13 35
14 34
15 33
16 31
17 30
18 29
19 28
51 62
52 61
53 60
54 59
Structure 319
2 47
3 46
4 45
5 44
8 41
9 40
10 39
12 36
13 35
14 34
15 32
16 31
17 30
18 29
19 28
51 62
52 61
53 60
54 59
Structure 320
2 47
3 46
4 45
5 44
8 41
9 40
10 39
12 36
13 35
14 34
15 33
16 31
17 30
18 29
19 28
51 62
52 61
53 60
54 59
Structure 321
2 47
3 46
4 45
5 44
8 41
9 40
10 39
12 36
13 35
14 34
15 33
16 31
17 30
18 29
19 28
51 62
52 61
53 60
54 59
Structure 322
2 47
3 46
4 45
5 44
8 41
9 40
10 39
12 36
13 35
14 34
15 32
16 31
17 30
18 29
19 28
51 62
52 61
53 60
54 59
Structure 323
2 47
3 46
4 45
5 44
8 41
9 40
10 39
12 36
13 35
14 34
15 32
16 31
17 30
18 29
19 28
51 62
52 61
53 60
54 59
Structure 324
2 47
3 46
4 45
5 44
8 41
9 40
10 39
12 36
13 35
14 34
15 32
16 31
17 30
18 29
19 28
Structure 325
2 47
3 46
4 45
5 44
8 41
9 40
10 39
12 36
13 35
14 34
15 33
16 31
17 30
18 29
19 28
51 62
52 61
53 60
54 59
Structure 326
2 47
3 46
4 45
5 44
8 41
9 40
10 39
12 36
13 35
14 34
15 33
16 31
17 30
18 29
19 28
51 62
52 61
53 60
54 59
Structure 327
2 47
3 46
4 45
5 44
8 41
9 40
10 39
12 36
13 35
14 34
15 33
16 31
17 30
18 29
19 28
51 62
52 61
53 60
54 59
