     1    -204.70
     2    -210.90
     3    -212.90
     4    -206.50
     5    -209.60
     6    -211.40
     7    -210.80
     8    -201.10
     9    -211.90
    10    -212.80
    11    -203.50
    12    -213.00
    13    -210.00
    14    -205.40
    15    -208.90
    16    -210.30
    17    -211.70
    18    -205.50
    19    -210.00
    20    -209.20
    21    -210.50
    22    -206.30
    23    -210.20
    24    -211.30
    25    -203.60
    26    -200.80
    27    -210.10
    28    -213.50
    29    -216.80
    30    -210.10
    31    -205.90
    32    -209.60
    33    -209.60
    34    -203.70
    35    -214.70
    36    -208.50
    37    -210.70
    38    -203.70
    39    -209.20
    40    -209.30
    41    -209.80
    42    -207.50
    43    -209.00
    44    -214.00
    45    -210.40
    46    -211.10
    47    -211.10
    48    -209.60
    49    -210.20
    50    -214.00
    51    -208.60
    52    -204.20
    53    -204.40
    54    -208.40
