1 37 1 186
1 39 4 186
1 40 5 186
1 42 10 186
2 41 10 186
2 47 1 186
3 26 10 186
3 27 113 186
3 46 1 186
3 61 3 186
4 25 10 186
4 26 116 186
4 36 12 186
4 45 1 186
4 61 1 186
5 24 10 186
5 25 118 186
5 35 12 186
5 36 21 186
5 44 1 186
5 61 4 186
6 23 10 186
6 24 119 186
6 34 12 186
6 35 20 186
6 36 23 186
7 22 10 186
7 23 119 186
7 34 20 186
7 35 25 186
8 22 119 186
8 34 25 186
9 19 1 186
9 20 77 186
9 21 42 186
9 32 45 186
9 33 11 186
10 18 7 186
10 19 87 186
10 21 2 186
10 31 57 186
11 30 57 186
12 16 4 186
12 29 57 186
13 28 57 186
14 27 57 186
18 23 9 186
18 24 4 186
18 25 34 186
18 26 8 186
19 23 1 186
19 24 33 186
19 25 8 186
25 60 1 186
26 59 3 186
27 58 5 186
28 39 117 186
28 57 11 186
29 38 117 186
29 56 11 186
30 37 117 186
30 55 11 186
31 36 112 186
31 54 11 186
32 53 11 186
36 52 3 186
37 47 6 186
37 51 3 186
38 46 8 186
38 50 3 186
39 45 8 186
39 48 3 186
40 47 3 186
41 62 34 186
44 59 119 186
44 60 54 186
45 58 120 186
45 59 53 186
45 60 1 186
46 57 121 186
46 58 52 186
46 59 1 186
47 56 119 186
47 57 52 186
47 58 1 186
48 55 112 186
48 56 49 186
48 57 1 186
50 55 20 186
50 56 1 186
51 62 1 186
52 61 1 186
53 60 1 186
54 59 1 186
