1 20
2 21
3 1
4 2
5 13
6 3
7 1
8 32
9 2
10 20
11 12
12 12
13 1
14 2
15 2
16 21
17 10
18 22
19 3
20 2
21 2
22 2
23 22
24 20
25 2
26 1
27 14
28 22
29 2
30 2
31 2
32 21
33 2
34 2
35 14
36 12
37 12
38 3
39 13
40 31
41 11
42 11
43 12
44 31
45 2
46 3
47 31
48 2
49 3
50 2
51 32
52 31
53 12
54 2
55 13
56 1
57 12
58 3
59 12
60 2
61 13
62 31
63 11
64 2
65 2
66 12
67 22
68 14
69 2
70 3
71 2
72 31
73 21
74 22
75 2
76 22
77 21
78 21
79 0
80 31
81 2
82 2
83 21
84 2
85 1
86 31
87 22
88 23
89 32
90 22
91 2
92 14
93 12
94 11
95 24
96 34
97 33
98 12
99 2
100 11
101 2
102 24
103 22
104 2
105 18
106 21
107 21
108 3
109 13
110 2
111 22
112 4
113 23
114 23
115 13
116 3
117 12
118 3
119 23
120 3
121 14
122 23
123 0
124 2
125 11
126 22
127 2
128 34
129 20
130 23
131 34
132 15
133 26
134 1
135 18
136 2
137 13
138 2
139 2
140 3
141 21
142 18
143 20
144 25
145 19
146 21
147 31
148 1
149 3
150 21
151 21
152 2
153 3
154 1
155 13
156 2
157 12
158 13
159 1
160 13
161 32
162 6
163 12
164 23
165 5
166 19
167 2
168 21
169 13
170 2
171 2
172 21
173 24
174 22
175 22
176 21
177 24
178 20
179 3
180 22
181 1
182 12
183 10
184 16
185 4
186 3
187 0
