Structure 1
5 36
6 35
7 34
9 32
10 31
11 30
12 29
13 28
14 27
18 23
44 59
45 58
46 57
47 56
48 55
Structure 2
5 36
6 35
7 34
9 32
10 31
11 30
12 29
13 28
14 27
18 25
19 24
44 59
45 58
46 57
47 56
48 55
Structure 3
3 27
4 26
5 25
6 24
7 23
8 22
9 21
28 39
29 38
30 37
31 36
44 59
45 58
46 57
47 56
48 55
Structure 4
3 27
4 26
5 25
6 24
7 23
8 22
9 20
10 19
28 39
29 38
30 37
31 36
44 59
45 58
46 57
47 56
48 55
Structure 5
3 27
4 26
5 25
6 24
7 23
8 22
9 21
10 18
12 16
28 39
29 38
30 37
31 36
44 60
45 59
46 58
47 57
48 56
Structure 6
3 27
4 26
5 25
6 24
7 23
8 22
9 21
12 16
28 39
29 38
30 37
31 36
41 62
44 59
45 58
46 57
47 56
48 55
Structure 7
3 27
4 26
5 25
6 24
7 23
8 22
9 21
28 39
29 38
30 37
31 36
44 59
45 58
46 57
47 56
48 55
Structure 8
6 36
7 35
8 34
9 33
10 31
11 30
12 29
13 28
14 27
18 25
19 24
44 60
45 59
46 58
47 57
48 56
50 55
Structure 9
3 27
4 26
5 25
6 24
7 23
8 22
9 20
10 19
28 39
29 38
30 37
31 36
44 59
45 58
46 57
47 56
48 55
Structure 10
6 36
7 35
8 34
9 33
10 31
11 30
12 29
13 28
14 27
18 24
44 59
45 58
46 57
47 56
48 55
Structure 11
3 27
4 26
5 25
6 24
7 23
8 22
9 20
10 19
28 39
29 38
30 37
31 36
44 60
45 59
46 58
47 57
48 56
Structure 12
3 27
4 26
5 25
6 24
7 23
8 22
9 21
10 19
28 39
29 38
30 37
31 36
44 60
45 59
46 58
47 57
48 56
Structure 13
3 27
4 26
5 25
6 24
7 23
8 22
9 21
28 39
29 38
30 37
31 36
44 59
45 58
46 57
47 56
48 55
Structure 14
3 27
4 26
5 25
6 24
7 23
8 22
9 20
10 19
28 39
29 38
30 37
31 36
44 59
45 58
46 57
47 56
48 55
Structure 15
3 27
4 26
5 25
6 24
7 23
8 22
9 21
28 39
29 38
30 37
31 36
41 62
44 59
45 58
46 57
47 56
48 55
Structure 16
4 36
5 35
6 34
9 32
10 31
11 30
12 29
13 28
14 27
18 26
19 25
44 59
45 58
46 57
47 56
48 55
Structure 17
3 27
4 26
5 25
6 24
7 23
8 22
28 39
29 38
30 37
31 36
44 60
45 59
46 58
47 57
48 56
Structure 18
5 61
6 36
7 35
8 34
9 32
10 31
11 30
12 29
13 28
14 27
18 25
19 24
44 59
45 58
46 57
47 56
48 55
Structure 19
3 27
4 26
5 25
6 24
7 23
8 22
9 20
10 19
28 39
29 38
30 37
31 36
41 62
44 59
45 58
46 57
47 56
48 55
Structure 20
3 27
4 26
5 25
6 24
7 23
8 22
9 20
10 19
28 39
29 38
30 37
31 36
44 59
45 58
46 57
47 56
48 55
Structure 21
3 27
4 26
5 25
6 24
7 23
8 22
9 20
10 19
28 39
29 38
30 37
31 36
44 59
45 58
46 57
47 56
48 55
Structure 22
3 27
4 26
5 25
6 24
7 23
8 22
9 20
10 19
28 39
29 38
30 37
31 36
44 59
45 58
46 57
47 56
48 55
Structure 23
3 61
6 36
7 35
8 34
9 33
10 31
11 30
12 29
13 28
14 27
18 25
19 24
44 59
45 58
46 57
47 56
48 55
Structure 24
6 36
7 35
8 34
9 33
10 31
11 30
12 29
13 28
14 27
18 23
44 59
45 58
46 57
47 56
48 55
Structure 25
3 27
4 26
5 25
6 24
7 23
8 22
9 20
10 19
28 39
29 38
30 37
31 36
44 59
45 58
46 57
47 56
48 55
Structure 26
3 27
4 26
5 25
6 24
7 23
8 22
10 21
28 39
29 38
30 37
31 36
44 59
45 58
46 57
47 56
48 55
Structure 27
3 27
4 26
5 25
6 24
7 23
8 22
9 20
10 19
12 16
28 39
29 38
30 37
31 36
44 60
45 59
46 58
47 57
48 56
50 55
Structure 28
1 40
7 35
8 34
9 33
10 31
11 30
12 29
13 28
14 27
18 25
19 24
41 62
44 59
45 58
46 57
47 56
48 55
Structure 29
3 27
4 26
5 25
6 24
7 23
8 22
9 20
28 39
29 38
30 37
31 36
41 62
44 59
45 58
46 57
47 56
48 55
Structure 30
3 27
4 26
5 25
6 24
7 23
8 22
9 20
10 19
28 39
29 38
30 37
31 36
44 59
45 58
46 57
47 56
48 55
Structure 31
3 27
4 26
5 25
6 24
7 23
8 22
9 20
10 19
28 39
29 38
30 37
31 36
44 59
45 58
46 57
47 56
48 55
Structure 32
4 26
5 25
6 24
7 23
8 22
10 21
28 57
29 56
30 55
31 54
32 53
36 52
37 51
38 50
39 48
40 47
Structure 33
3 27
4 26
5 25
6 24
7 23
8 22
9 20
10 19
28 39
29 38
30 37
31 36
44 59
45 58
46 57
47 56
48 55
Structure 34
3 27
4 26
5 25
6 24
7 23
8 22
9 21
28 39
29 38
30 37
31 36
41 62
44 59
45 58
46 57
47 56
48 55
Structure 35
3 26
4 25
5 24
6 23
7 22
9 20
10 19
28 39
29 38
30 37
31 36
41 62
44 59
45 58
46 57
47 56
48 55
Structure 36
3 27
4 26
5 25
6 24
7 23
8 22
9 20
10 19
28 39
29 38
30 37
31 36
44 60
45 59
46 58
47 57
48 56
Structure 37
3 27
4 26
5 25
6 24
7 23
8 22
9 20
10 19
28 39
29 38
30 37
31 36
44 60
45 59
46 58
47 57
48 56
Structure 38
3 27
4 26
5 25
6 24
7 23
8 22
9 20
10 19
28 39
29 38
30 37
31 36
41 62
44 59
45 58
46 57
47 56
48 55
Structure 39
3 27
4 26
5 25
6 24
7 23
8 22
9 20
10 19
28 39
29 38
30 37
31 36
44 60
45 59
46 58
47 57
48 56
50 55
Structure 40
5 36
6 35
7 34
9 32
10 31
11 30
12 29
13 28
14 27
18 23
44 60
45 59
46 58
47 57
48 56
50 55
Structure 41
3 27
4 26
5 25
6 24
7 23
8 22
9 21
28 39
29 38
30 37
31 36
44 60
45 59
46 58
47 57
48 56
Structure 42
3 27
4 26
5 25
6 24
7 23
8 22
9 21
28 39
29 38
30 37
31 36
44 60
45 59
46 58
47 57
48 56
Structure 43
3 27
4 26
5 25
6 24
7 23
8 22
9 21
10 19
28 39
29 38
30 37
31 36
44 60
45 59
46 58
47 57
48 56
Structure 44
5 36
6 35
7 34
9 32
10 31
11 30
12 29
13 28
14 27
18 26
19 25
44 60
45 59
46 58
47 57
48 56
Structure 45
3 27
4 26
5 25
6 24
7 23
8 22
9 21
28 39
29 38
30 37
31 36
41 62
44 59
45 58
46 57
47 56
48 55
Structure 46
3 27
4 26
5 25
6 24
7 23
8 22
9 20
10 19
28 39
29 38
30 37
31 36
41 62
44 59
45 58
46 57
47 56
48 55
Structure 47
5 36
6 35
7 34
10 31
11 30
12 29
13 28
14 27
18 25
19 24
44 60
45 59
46 58
47 57
48 56
50 55
Structure 48
3 27
4 26
5 25
6 24
7 23
8 22
9 21
28 39
29 38
30 37
31 36
41 62
44 59
45 58
46 57
47 56
48 55
Structure 49
3 27
4 26
5 25
6 24
7 23
8 22
9 20
10 19
28 39
29 38
30 37
31 36
41 62
44 59
45 58
46 57
47 56
48 55
Structure 50
3 27
4 26
5 25
6 24
7 23
8 22
9 20
10 19
28 39
29 38
30 37
31 36
44 59
45 58
46 57
47 56
48 55
Structure 51
5 36
6 35
7 34
9 32
10 31
11 30
12 29
13 28
14 27
18 25
19 24
44 60
45 59
46 58
47 57
48 56
50 55
Structure 52
5 36
6 35
7 34
9 32
10 31
11 30
12 29
13 28
14 27
18 25
44 60
45 59
46 58
47 57
48 56
50 55
Structure 53
3 27
4 26
5 25
6 24
7 23
8 22
9 21
28 39
29 38
30 37
31 36
44 60
45 59
46 58
47 57
48 56
50 55
Structure 54
3 27
4 26
5 25
6 24
7 23
8 22
9 20
10 19
28 39
29 38
30 37
31 36
44 59
45 58
46 57
47 56
48 55
Structure 55
3 27
4 26
5 25
6 24
7 23
8 22
9 20
10 19
28 39
29 38
30 37
31 36
44 60
45 59
46 58
47 57
48 56
50 55
Structure 56
3 27
4 26
5 25
6 24
7 23
8 22
28 39
29 38
30 37
31 36
44 59
45 58
46 57
47 56
Structure 57
3 27
4 26
5 25
6 24
7 23
8 22
9 21
10 19
28 39
29 38
30 37
31 36
44 60
45 59
46 58
47 57
48 56
Structure 58
3 27
4 26
5 25
6 24
7 23
8 22
9 20
10 19
28 39
29 38
30 37
31 36
41 62
44 59
45 58
46 57
47 56
48 55
Structure 59
3 27
4 26
5 25
6 24
7 23
8 22
9 20
10 19
28 39
29 38
30 37
31 36
44 60
45 59
46 58
47 57
48 56
Structure 60
3 27
4 26
5 25
6 24
7 23
8 22
9 21
28 39
29 38
30 37
31 36
41 62
44 59
45 58
46 57
47 56
48 55
Structure 61
3 26
4 25
5 24
6 23
7 22
9 20
10 19
28 39
29 38
30 37
31 36
44 59
45 58
46 57
47 56
48 55
Structure 62
4 36
5 35
6 34
9 32
10 31
11 30
12 29
13 28
14 27
18 25
19 24
44 60
45 59
46 58
47 57
48 56
Structure 63
3 27
4 26
5 25
6 24
7 23
8 22
9 21
28 39
29 38
30 37
31 36
44 60
45 59
46 58
47 57
48 56
Structure 64
3 27
4 26
5 25
6 24
7 23
8 22
9 20
10 19
28 39
29 38
30 37
31 36
44 59
45 58
46 57
47 56
48 55
Structure 65
3 27
4 26
5 25
6 24
7 23
8 22
9 20
10 19
28 39
29 38
30 37
31 36
44 59
45 58
46 57
47 56
48 55
Structure 66
3 27
4 26
5 25
6 24
7 23
8 22
9 21
28 39
29 38
30 37
31 36
44 60
45 59
46 58
47 57
48 56
50 55
Structure 67
5 36
6 35
7 34
9 32
10 31
11 30
12 29
13 28
14 27
18 25
19 24
41 62
44 59
45 58
46 57
47 56
48 55
Structure 68
1 42
2 41
3 27
4 26
5 25
6 24
7 23
8 22
9 20
10 19
28 39
29 38
30 37
31 36
45 60
46 59
47 58
48 57
50 56
Structure 69
3 27
4 26
5 25
6 24
7 23
8 22
9 20
10 19
28 39
29 38
30 37
31 36
44 59
45 58
46 57
47 56
48 55
Structure 70
3 27
4 26
5 25
6 24
7 23
8 22
9 20
10 19
28 39
29 38
30 37
31 36
41 62
44 59
45 58
46 57
47 56
48 55
Structure 71
3 27
4 26
5 25
6 24
7 23
8 22
9 21
10 19
28 39
29 38
30 37
31 36
44 59
45 58
46 57
47 56
48 55
Structure 72
6 36
7 35
8 34
9 32
10 31
11 30
12 29
13 28
14 27
18 25
19 24
44 60
45 59
46 58
47 57
48 56
Structure 73
3 27
4 26
5 25
6 24
7 23
8 22
9 21
10 18
28 57
29 56
30 55
31 54
32 53
36 52
37 51
38 50
39 48
40 47
Structure 74
1 40
5 36
6 35
7 34
9 32
10 31
11 30
12 29
13 28
14 27
18 25
19 24
44 59
45 58
46 57
47 56
48 55
Structure 75
3 27
4 26
5 25
6 24
7 23
8 22
9 20
10 19
28 39
29 38
30 37
31 36
44 59
45 58
46 57
47 56
48 55
Structure 76
1 42
2 41
5 36
6 35
7 34
9 32
10 31
11 30
12 29
13 28
14 27
18 25
44 59
45 58
46 57
47 56
48 55
Structure 77
4 36
5 35
6 34
9 32
10 31
11 30
12 29
13 28
14 27
18 26
19 25
44 59
45 58
46 57
47 56
48 55
Structure 78
5 36
6 35
7 34
9 32
10 31
11 30
12 29
13 28
14 27
18 25
19 24
44 59
45 58
46 57
47 56
48 55
Structure 79
3 27
4 26
5 25
6 24
7 23
8 22
28 39
29 38
30 37
31 36
44 59
45 58
46 57
47 56
48 55
Structure 80
6 36
7 35
8 34
9 32
10 31
11 30
12 29
13 28
14 27
18 25
19 24
44 60
45 59
46 58
47 57
48 56
Structure 81
3 27
4 26
5 25
6 24
7 23
8 22
9 21
10 18
28 39
29 38
30 37
31 36
44 59
45 58
46 57
47 56
48 55
Structure 82
3 27
4 26
5 25
6 24
7 23
8 22
9 20
10 19
28 39
29 38
30 37
31 36
44 59
45 58
46 57
47 56
48 55
Structure 83
5 36
7 35
8 34
9 32
10 31
11 30
12 29
13 28
14 27
18 26
19 25
44 59
45 58
46 57
47 56
48 55
Structure 84
3 27
4 26
5 25
6 24
7 23
8 22
9 20
10 19
28 39
29 38
30 37
31 36
44 59
45 58
46 57
47 56
48 55
Structure 85
3 27
4 26
5 25
6 24
7 23
8 22
9 21
28 39
29 38
30 37
31 36
44 59
45 58
46 57
47 56
48 55
Structure 86
6 36
7 35
8 34
9 33
10 31
11 30
12 29
13 28
14 27
18 25
19 24
44 60
45 59
46 58
47 57
48 56
Structure 87
5 61
6 36
7 35
8 34
9 32
10 31
11 30
12 29
13 28
14 27
18 26
19 25
44 59
45 58
46 57
47 56
48 55
Structure 88
3 26
4 25
5 24
6 23
7 22
9 20
10 19
28 39
29 38
30 37
31 36
44 60
45 59
46 58
47 57
48 56
Structure 89
1 42
2 41
6 36
7 35
8 34
9 32
10 31
11 30
12 29
13 28
14 27
18 25
19 24
44 60
45 59
46 58
47 57
Structure 90
5 61
6 36
7 35
8 34
9 33
10 31
11 30
12 29
13 28
14 27
18 23
44 59
45 58
46 57
47 56
Structure 91
3 27
4 26
5 25
6 24
7 23
8 22
9 21
10 19
28 39
29 38
30 37
31 36
44 59
45 58
46 57
47 56
48 55
Structure 92
3 26
4 25
5 24
6 23
7 22
9 20
10 19
28 39
29 38
30 37
31 36
41 62
44 59
45 58
46 57
47 56
48 55
Structure 93
3 27
4 26
5 25
6 24
7 23
8 22
9 20
10 19
28 39
29 38
30 37
31 36
44 60
45 59
46 58
47 57
48 56
Structure 94
3 27
4 26
5 25
6 24
7 23
8 22
28 39
29 38
30 37
31 36
44 60
45 59
46 58
47 57
48 56
50 55
Structure 95
1 39
5 36
6 35
7 34
9 32
10 31
11 30
12 29
13 28
14 27
18 25
19 24
41 62
44 59
45 58
46 57
47 56
Structure 96
1 39
4 36
5 35
6 34
9 32
10 31
11 30
12 29
13 28
14 27
18 25
19 24
41 62
44 60
45 59
46 58
47 57
48 56
50 55
Structure 97
1 39
4 36
5 35
6 34
9 32
10 31
11 30
12 29
13 28
14 27
18 25
19 24
44 60
45 59
46 58
47 57
48 56
50 55
Structure 98
3 27
4 26
5 25
6 24
7 23
8 22
9 20
10 19
28 39
29 38
30 37
31 36
44 60
45 59
46 58
47 57
48 56
Structure 99
3 27
4 26
5 25
6 24
7 23
8 22
9 20
10 19
28 39
29 38
30 37
31 36
44 59
45 58
46 57
47 56
48 55
Structure 100
3 27
4 26
5 25
6 24
7 23
8 22
9 21
10 19
28 39
29 38
30 37
31 36
44 60
45 59
46 58
47 57
Structure 101
3 27
4 26
5 25
6 24
7 23
8 22
9 20
10 19
28 39
29 38
30 37
31 36
44 59
45 58
46 57
47 56
48 55
Structure 102
3 26
4 25
5 24
6 23
7 22
9 20
10 19
28 39
29 38
30 37
31 36
44 60
45 59
46 58
47 57
48 56
50 55
Structure 103
6 36
7 35
8 34
9 32
10 31
11 30
12 29
13 28
14 27
18 25
19 24
41 62
44 59
45 58
46 57
47 56
48 55
Structure 104
3 27
4 26
5 25
6 24
7 23
8 22
9 20
10 19
28 39
29 38
30 37
31 36
44 59
45 58
46 57
47 56
48 55
Structure 105
3 27
4 26
5 25
6 24
7 23
8 22
9 20
10 19
28 57
29 56
30 55
31 54
32 53
38 46
39 45
Structure 106
1 40
4 36
5 35
6 34
9 32
10 31
11 30
12 29
13 28
14 27
18 24
44 59
45 58
46 57
47 56
48 55
Structure 107
2 41
6 36
7 35
8 34
9 32
10 31
11 30
12 29
13 28
14 27
18 24
44 59
45 58
46 57
47 56
48 55
Structure 108
3 27
4 26
5 25
6 24
7 23
8 22
9 20
10 19
28 39
29 38
30 37
31 36
41 62
44 59
45 58
46 57
47 56
48 55
Structure 109
3 26
4 25
5 24
6 23
7 22
9 20
10 19
28 39
29 38
30 37
31 36
44 59
45 58
46 57
47 56
48 55
Structure 110
3 27
4 26
5 25
6 24
7 23
8 22
9 21
10 18
28 39
29 38
30 37
31 36
44 59
45 58
46 57
47 56
48 55
Structure 111
5 25
6 24
7 23
8 22
9 21
26 59
27 58
28 57
29 56
30 55
31 54
32 53
37 47
38 46
39 45
Structure 112
3 27
4 26
5 25
6 24
7 23
8 22
9 20
10 19
28 39
29 38
30 37
31 36
44 60
45 58
46 57
47 56
48 55
Structure 113
1 42
2 41
6 36
7 35
8 34
9 33
10 31
11 30
12 29
13 28
14 27
18 25
19 24
44 59
45 58
46 57
47 56
48 55
Structure 114
1 42
2 41
6 36
7 35
8 34
9 33
10 31
11 30
12 29
13 28
14 27
18 25
19 24
44 59
45 58
46 57
47 56
48 55
Structure 115
3 27
4 26
5 25
6 24
7 23
8 22
9 20
10 19
28 39
29 38
30 37
31 36
44 60
45 59
46 58
47 57
48 56
50 55
Structure 116
3 27
4 26
5 25
6 24
7 23
8 22
9 20
10 19
28 39
29 38
30 37
31 36
41 62
44 59
45 58
46 57
47 56
48 55
Structure 117
3 27
4 26
5 25
6 24
7 23
8 22
9 20
10 19
28 39
29 38
30 37
31 36
44 60
45 59
46 58
47 57
48 56
Structure 118
3 27
4 26
5 25
6 24
7 23
8 22
9 20
10 19
28 39
29 38
30 37
31 36
41 62
44 59
45 58
46 57
47 56
48 55
Structure 119
5 25
6 24
7 23
8 22
9 21
10 19
26 59
27 58
28 57
29 56
30 55
31 54
32 53
37 47
38 46
39 45
Structure 120
3 27
4 26
5 25
6 24
7 23
8 22
9 21
28 39
29 38
30 37
44 59
45 58
46 57
47 56
Structure 121
3 26
4 25
5 24
6 23
7 22
9 20
10 19
28 39
29 38
30 37
31 36
41 62
44 59
45 58
46 57
47 56
48 55
Structure 122
4 26
5 25
6 24
7 23
8 22
9 21
10 19
27 58
28 57
29 56
30 55
31 54
32 53
36 52
37 51
38 50
39 48
40 47
Structure 123
3 27
4 26
5 25
6 24
7 23
8 22
28 39
29 38
30 37
31 36
44 59
45 58
46 57
47 56
48 55
Structure 124
3 27
4 26
5 25
6 24
7 23
8 22
9 20
10 19
28 39
29 38
30 37
31 36
44 59
45 58
46 57
47 56
48 55
Structure 125
3 27
4 26
5 25
6 24
7 23
8 22
28 39
29 38
30 37
31 36
44 60
45 59
46 58
47 57
48 56
50 55
Structure 126
4 61
5 36
6 35
7 34
9 32
10 31
11 30
12 29
13 28
14 27
18 26
19 25
44 59
45 58
46 57
47 56
48 55
Structure 127
3 27
4 26
5 25
6 24
7 23
8 22
9 21
10 18
28 39
29 38
30 37
31 36
44 59
45 58
46 57
47 56
48 55
Structure 128
2 47
3 46
4 45
5 44
6 36
7 35
8 34
9 33
10 31
11 30
12 29
13 28
14 27
18 26
19 25
51 62
52 61
53 60
54 59
Structure 129
6 36
7 35
8 34
9 33
10 31
11 30
12 29
13 28
14 27
18 23
44 59
45 58
46 57
47 56
48 55
Structure 130
1 42
2 41
5 36
6 35
7 34
9 32
10 31
11 30
12 29
13 28
14 27
18 25
19 24
44 59
45 58
46 57
47 56
48 55
Structure 131
1 42
2 41
5 36
6 35
7 34
9 32
10 31
11 30
12 29
13 28
14 27
18 25
19 24
44 60
45 59
46 58
47 57
48 56
50 55
Structure 132
3 26
4 25
5 24
6 23
7 22
9 20
10 19
12 16
28 39
29 38
30 37
31 36
41 62
44 59
45 58
46 57
47 56
48 55
Structure 133
1 42
2 41
3 26
4 25
5 24
6 23
7 22
9 20
10 19
28 39
29 38
30 37
31 36
44 60
45 59
46 58
47 57
48 56
50 55
Structure 134
3 27
4 26
5 25
6 24
7 23
8 22
9 21
28 39
29 38
30 37
31 36
44 59
45 58
46 57
47 56
48 55
Structure 135
3 27
4 26
5 25
6 24
7 23
8 22
9 20
10 19
28 57
29 56
30 55
31 54
32 53
38 46
39 45
Structure 136
3 27
4 26
5 25
6 24
7 23
8 22
9 19
10 18
28 39
29 38
30 37
31 36
44 59
45 58
46 57
47 56
48 55
Structure 137
3 27
4 26
5 25
6 24
7 23
8 22
9 20
10 19
28 39
29 38
30 37
44 60
45 59
46 58
47 57
48 56
Structure 138
3 27
4 26
5 25
6 24
7 23
8 22
9 20
10 19
28 39
29 38
30 37
31 36
44 59
45 58
46 57
47 56
48 55
Structure 139
3 27
4 26
5 25
6 24
7 23
8 22
9 21
28 39
29 38
30 37
44 59
45 58
46 57
47 56
48 55
Structure 140
3 27
4 26
5 25
6 24
7 23
8 22
9 20
10 19
28 39
29 38
30 37
31 36
41 62
44 59
45 58
46 57
47 56
48 55
Structure 141
6 36
7 35
8 34
9 32
10 31
11 30
12 29
13 28
14 27
18 25
19 24
44 59
45 58
46 57
47 56
48 55
Structure 142
3 27
4 26
5 25
6 24
7 23
8 22
9 21
28 57
29 56
30 55
31 54
32 53
37 47
38 46
39 45
Structure 143
5 36
6 35
7 34
9 32
10 31
11 30
12 29
13 28
14 27
18 23
44 59
45 58
46 57
47 56
48 55
Structure 144
6 24
7 23
8 22
9 20
10 19
25 60
26 59
27 58
28 57
29 56
30 55
31 54
32 53
37 47
38 46
39 45
Structure 145
6 36
7 35
8 34
9 32
10 31
11 30
12 29
13 28
14 27
44 59
45 58
46 57
47 56
48 55
Structure 146
5 36
6 35
7 34
9 32
10 31
11 30
12 29
13 28
14 27
18 23
41 62
44 59
45 58
46 57
47 56
48 55
Structure 147
4 36
5 35
6 34
9 32
10 31
11 30
12 29
13 28
14 27
18 25
19 24
44 60
45 59
46 58
47 57
48 56
Structure 148
3 27
4 26
5 25
6 24
7 23
8 22
9 21
28 39
29 38
30 37
31 36
44 59
45 58
46 57
47 56
48 55
Structure 149
1 42
2 41
3 27
4 26
5 25
6 24
7 23
8 22
9 21
28 39
29 38
30 37
31 36
44 59
45 58
46 57
47 56
48 55
Structure 150
3 61
6 36
7 35
8 34
9 32
10 31
11 30
12 29
13 28
14 27
18 23
44 59
45 58
46 57
47 56
48 55
Structure 151
4 26
5 25
6 24
7 23
8 22
9 20
10 19
27 58
28 57
29 56
30 55
31 54
32 53
37 47
38 46
39 45
Structure 152
3 27
4 26
5 25
6 24
7 23
8 22
9 20
10 19
28 39
29 38
30 37
31 36
44 59
45 58
46 57
47 56
48 55
Structure 153
3 27
4 26
5 25
6 24
7 23
8 22
9 21
10 19
28 39
29 38
30 37
31 36
41 62
44 59
45 58
46 57
47 56
48 55
Structure 154
3 27
4 26
5 25
6 24
7 23
8 22
9 21
28 39
29 38
30 37
31 36
44 59
45 58
46 57
47 56
48 55
Structure 155
3 26
4 25
5 24
6 23
7 22
9 20
10 19
28 39
29 38
30 37
31 36
44 59
45 58
46 57
47 56
48 55
Structure 156
3 27
4 26
5 25
6 24
7 23
8 22
9 21
10 19
28 39
29 38
30 37
31 36
44 59
45 58
46 57
47 56
48 55
Structure 157
3 27
4 26
5 25
6 24
7 23
8 22
9 20
10 19
28 39
29 38
30 37
31 36
44 60
45 59
46 58
47 57
48 56
Structure 158
3 27
4 26
5 25
6 24
7 23
8 22
9 20
10 19
28 39
29 38
30 37
44 60
45 59
46 58
47 57
48 56
Structure 159
3 27
4 26
5 25
6 24
7 23
8 22
9 21
28 39
29 38
30 37
31 36
44 59
45 58
46 57
47 56
48 55
Structure 160
3 27
4 26
5 25
6 24
7 23
8 22
9 20
10 19
28 39
29 38
30 37
31 36
44 60
45 59
46 58
47 57
48 56
50 55
Structure 161
1 40
4 36
5 35
6 34
9 32
10 31
11 30
12 29
13 28
14 27
18 24
19 23
44 60
45 59
46 58
47 57
48 56
Structure 162
3 27
4 26
5 25
6 24
7 23
8 22
9 20
10 19
28 39
29 38
30 37
31 36
44 60
45 59
46 57
47 56
48 55
Structure 163
1 42
3 27
4 26
5 25
6 24
7 23
8 22
9 20
10 19
28 39
29 38
30 37
31 36
44 60
45 59
46 58
47 57
Structure 164
3 61
5 36
6 35
7 34
9 32
10 31
11 30
12 29
13 28
14 27
18 25
19 24
44 59
45 58
46 57
48 55
Structure 165
3 27
4 26
5 25
6 24
7 23
8 22
9 20
10 19
28 39
29 38
30 37
41 62
44 59
45 58
46 57
47 56
Structure 166
3 27
4 26
5 25
6 24
7 23
8 22
9 20
10 19
28 57
29 56
30 55
31 54
32 53
37 47
38 46
39 45
Structure 167
3 27
4 26
5 25
6 24
7 23
8 22
9 21
10 19
28 39
29 38
30 37
31 36
44 59
45 58
46 57
47 56
48 55
Structure 168
5 61
6 36
7 35
8 34
9 32
10 31
11 30
12 29
13 28
14 27
19 24
44 59
45 58
46 57
47 56
48 55
Structure 169
3 27
4 26
5 25
6 24
7 23
8 22
9 21
10 18
28 39
29 38
30 37
31 36
44 60
45 59
46 58
47 57
48 56
50 55
Structure 170
3 27
4 26
5 25
6 24
7 23
8 22
9 20
10 19
28 39
29 38
30 37
31 36
44 59
45 58
46 57
47 56
48 55
Structure 171
3 27
4 26
5 25
6 24
7 23
8 22
9 20
10 19
28 39
29 38
30 37
31 36
44 59
45 58
46 57
47 56
48 55
Structure 172
6 36
7 35
8 34
9 32
10 31
11 30
12 29
13 28
14 27
18 25
19 24
44 59
45 58
46 57
47 56
48 55
Structure 173
1 37
4 36
5 35
6 34
9 32
10 31
11 30
12 29
13 28
14 27
18 26
19 25
41 62
44 59
45 58
46 57
47 56
Structure 174
1 39
4 36
5 35
6 34
9 32
10 31
11 30
12 29
13 28
14 27
18 25
19 24
44 59
45 58
46 57
47 56
48 55
Structure 175
6 36
7 35
8 34
9 32
10 31
11 30
12 29
13 28
14 27
18 25
19 24
41 62
44 59
45 58
46 57
47 56
48 55
Structure 176
4 36
5 35
6 34
9 32
10 31
11 30
12 29
13 28
14 27
18 25
19 24
44 59
45 58
46 57
47 56
48 55
Structure 177
1 40
5 36
6 35
7 34
9 32
10 31
11 30
12 29
13 28
14 27
18 25
19 24
41 62
44 59
45 58
46 57
47 56
Structure 178
4 36
5 35
6 34
9 32
10 31
11 30
12 29
13 28
14 27
18 23
44 59
45 58
46 57
47 56
48 55
Structure 179
3 27
4 26
5 25
6 24
7 23
8 22
9 20
10 19
28 39
29 38
30 37
31 36
44 59
45 58
46 57
47 56
Structure 180
5 36
6 35
7 34
9 32
10 31
11 30
12 29
13 28
14 27
18 25
19 24
41 62
44 59
45 58
46 57
47 56
48 55
Structure 181
3 27
4 26
5 25
6 24
7 23
8 22
9 21
28 39
29 38
30 37
31 36
44 59
45 58
46 57
47 56
48 55
Structure 182
3 27
4 26
5 25
6 24
7 23
8 22
9 20
10 19
28 39
29 38
30 37
31 36
44 60
45 59
46 58
47 57
48 56
Structure 183
3 27
4 26
5 25
6 24
7 23
8 22
28 39
29 38
30 37
31 36
44 60
45 59
46 58
47 57
48 56
Structure 184
3 27
4 26
5 25
6 24
7 23
8 22
9 20
10 19
44 60
45 59
46 58
47 57
48 56
Structure 185
3 27
4 26
5 25
6 24
7 23
8 22
9 20
10 19
28 39
29 38
30 37
31 36
41 62
44 59
45 58
46 57
48 55
Structure 186
3 27
4 26
5 25
6 24
7 23
8 22
9 20
10 19
28 39
29 38
30 37
31 36
44 59
45 58
46 57
47 56
