     1     -23.80
     2     -25.00
     3     -25.40
     4     -25.90
     5     -20.20
     6     -20.00
     7     -25.40
     8     -22.80
     9     -25.90
    10     -23.00
    11     -24.40
    12     -23.80
    13     -25.40
    14     -25.90
    15     -23.00
    16     -24.40
    17     -23.20
    18     -21.60
    19     -23.50
    20     -25.90
    21     -25.90
    22     -25.90
    23     -23.10
    24     -23.30
    25     -25.90
    26     -23.90
    27     -21.10
    28     -14.10
    29     -20.00
    30     -25.90
    31     -25.90
    32     -16.40
    33     -25.90
    34     -23.00
    35     -23.60
    36     -24.40
    37     -24.40
    38     -23.50
    39     -24.20
    40     -22.10
    41     -23.90
    42     -23.90
    43     -23.80
    44     -23.00
    45     -23.00
    46     -23.50
    47     -20.00
    48     -23.00
    49     -23.50
    50     -25.90
    51     -23.30
    52     -21.60
    53     -23.70
    54     -25.90
    55     -24.20
    56     -23.20
    57     -23.80
    58     -23.50
    59     -24.40
    60     -23.00
    61     -26.00
    62     -23.40
    63     -23.90
    64     -25.90
    65     -25.90
    66     -23.70
    67     -22.90
    68     -17.40
    69     -25.90
    70     -23.50
    71     -25.30
    72     -23.00
    73     -19.30
    74     -22.90
    75     -25.90
    76     -21.20
    77     -24.40
    78     -25.00
    79     -24.70
    80     -23.00
    81     -24.10
    82     -25.90
    83     -20.20
    84     -25.90
    85     -25.40
    86     -23.00
    87     -21.10
    88     -24.50
    89     -19.50
    90     -18.90
    91     -25.30
    92     -23.60
    93     -24.40
    94     -23.00
    95     -18.90
    96     -17.30
    97     -21.80
    98     -24.40
    99     -25.90
   100     -22.10
   101     -25.90
   102     -24.30
   103     -22.40
   104     -25.90
   105     -20.30
   106     -21.00
   107     -20.50
   108     -23.50
   109     -26.00
   110     -24.10
   111     -21.20
   112     -21.20
   113     -22.70
   114     -22.70
   115     -24.20
   116     -23.50
   117     -24.40
   118     -23.50
   119     -21.10
   120     -21.70
   121     -23.60
   122     -20.30
   123     -24.70
   124     -25.90
   125     -23.00
   126     -21.60
   127     -24.10
   128     -19.80
   129     -23.30
   130     -22.90
   131     -21.20
   132     -20.50
   133     -20.10
   134     -25.40
   135     -20.30
   136     -23.10
   137     -22.20
   138     -25.90
   139     -23.20
   140     -23.50
   141     -24.50
   142     -21.40
   143     -23.80
   144     -20.80
   145     -22.30
   146     -21.70
   147     -23.40
   148     -25.40
   149     -21.20
   150     -21.90
   151     -21.70
   152     -25.90
   153     -22.90
   154     -25.40
   155     -26.00
   156     -25.30
   157     -24.40
   158     -22.20
   159     -25.40
   160     -24.20
   161     -19.80
   162     -21.20
   163     -18.10
   164     -19.60
   165     -19.80
   166     -21.90
   167     -25.30
   168     -18.00
   169     -22.40
   170     -25.90
   171     -25.90
   172     -24.50
   173     -16.10
   174     -23.50
   175     -22.40
   176     -24.90
   177     -18.40
   178     -23.70
   179     -24.40
   180     -22.90
   181     -25.40
   182     -24.40
   183     -23.20
   184     -20.70
   185     -19.50
   186     -24.40
