     1     -21.90
     2     -24.30
     3     -22.60
     4     -24.30
     5     -24.30
     6     -22.70
     7     -22.60
     8     -24.50
     9     -22.20
    10     -20.90
    11     -24.30
    12     -21.50
    13     -23.70
    14     -24.50
    15     -22.60
    16     -24.30
    17     -19.90
    18     -22.60
    19     -24.30
    20     -22.60
    21     -21.80
    22     -23.40
    23     -22.90
    24     -24.30
    25     -24.50
    26     -22.60
    27     -21.60
    28     -23.70
    29     -24.50
    30     -20.60
    31     -24.50
    32     -23.50
    33     -21.50
    34     -24.50
    35     -24.30
    36     -24.30
    37     -24.50
    38     -22.70
    39     -22.20
    40     -23.40
    41     -24.30
    42     -24.30
    43     -24.30
    44     -19.20
    45     -22.60
    46     -23.40
    47     -23.40
    48     -24.30
    49     -23.40
    50     -23.40
    51     -24.30
    52     -24.30
    53     -21.10
    54     -24.50
    55     -22.70
    56     -20.60
    57     -20.30
    58     -19.70
    59     -24.50
    60     -18.50
    61     -22.70
    62     -23.40
    63     -23.70
    64     -24.50
    65     -23.40
    66     -20.70
    67     -24.30
    68     -23.40
    69     -23.40
    70     -24.50
    71     -22.40
    72     -23.40
    73     -22.30
    74     -24.50
    75     -21.80
    76     -24.30
    77     -24.50
    78     -24.50
    79     -23.40
    80     -22.60
    81     -24.50
    82     -24.50
    83     -22.70
    84     -23.40
    85     -21.60
    86     -23.50
    87     -24.30
    88     -24.30
    89     -23.70
    90     -22.60
    91     -24.50
    92     -24.30
    93     -24.30
    94     -24.50
    95     -24.30
    96     -24.50
    97     -24.30
    98     -24.30
    99     -22.40
   100     -23.40
   101     -23.40
   102     -23.40
   103     -23.40
   104     -24.50
   105     -22.60
   106     -19.90
   107     -21.60
   108     -20.50
   109     -24.50
   110     -24.30
   111     -24.30
   112     -23.40
   113     -23.40
   114     -23.70
   115     -24.30
   116     -24.50
   117     -24.50
   118     -24.30
   119     -24.30
   120     -19.50
   121     -23.50
   122     -23.40
   123     -20.70
   124     -24.50
   125     -24.50
   126     -24.50
   127     -24.50
   128     -23.70
   129     -22.10
   130     -21.80
   131     -24.30
   132     -23.40
   133     -18.80
   134     -19.50
   135     -24.50
   136     -22.40
   137     -24.50
   138     -23.40
   139     -22.40
   140     -23.40
   141     -22.60
   142     -22.50
   143     -23.50
   144     -23.70
   145     -20.80
   146     -24.30
   147     -24.50
   148     -22.60
   149     -24.30
   150     -19.60
   151     -22.60
   152     -22.20
   153     -20.60
   154     -22.90
   155     -24.50
   156     -24.50
