3 25 1 156
3 26 58 156
4 24 3 156
4 25 105 156
5 23 3 156
5 24 152 156
6 22 3 156
6 23 152 156
7 22 152 156
9 19 4 156
9 20 151 156
10 18 4 156
10 19 151 156
12 16 2 156
12 24 1 156
13 23 1 156
14 22 1 156
15 21 1 156
25 60 50 156
26 59 97 156
26 60 1 156
27 58 153 156
27 59 3 156
28 57 153 156
28 58 3 156
29 56 153 156
29 57 3 156
30 55 154 156
30 56 2 156
31 54 155 156
32 53 146 156
33 53 5 156
34 52 10 156
35 52 1 156
36 52 44 156
37 47 103 156
37 51 45 156
38 45 1 156
38 46 106 156
38 47 1 156
38 50 45 156
39 44 1 156
39 45 104 156
39 46 1 156
39 48 42 156
40 47 33 156
