1 7
2 0
3 10
4 0
5 0
6 7
7 10
8 2
9 3
10 10
11 0
12 3
13 10
14 2
15 10
16 0
17 12
18 10
19 0
20 10
21 9
22 2
23 9
24 0
25 2
26 10
27 8
28 10
29 2
30 11
31 2
32 8
33 3
34 2
35 0
36 0
37 2
38 8
39 1
40 2
41 0
42 0
43 0
44 19
45 10
46 2
47 2
48 0
49 2
50 2
51 0
52 0
53 20
54 2
55 7
56 11
57 10
58 6
59 2
60 6
61 7
62 2
63 10
64 2
65 2
66 10
67 0
68 2
69 2
70 2
71 3
72 2
73 3
74 2
75 9
76 0
77 2
78 2
79 2
80 10
81 2
82 2
83 1
84 2
85 5
86 8
87 0
88 0
89 10
90 10
91 2
92 0
93 0
94 2
95 0
96 2
97 0
98 0
99 5
100 2
101 2
102 2
103 2
104 2
105 10
106 16
107 8
108 10
109 2
110 0
111 0
112 2
113 2
114 10
115 0
116 2
117 2
118 0
119 0
120 9
121 8
122 2
123 9
124 2
125 2
126 2
127 2
128 10
129 1
130 9
131 0
132 2
133 3
134 11
135 2
136 5
137 2
138 2
139 3
140 2
141 10
142 6
143 8
144 10
145 12
146 0
147 2
148 10
149 0
150 14
151 10
152 1
153 7
154 3
155 2
156 2
157 0
