Structure 1
3 26
4 25
5 24
6 23
7 22
9 20
10 19
27 58
28 57
29 56
30 55
31 54
32 53
38 45
39 44
Structure 2
4 25
5 24
6 23
7 22
9 20
10 19
26 59
27 58
28 57
29 56
30 55
31 54
32 53
37 47
38 46
39 45
Structure 3
5 24
6 23
7 22
9 20
10 19
25 60
26 59
27 58
28 57
29 56
30 55
31 54
32 53
36 52
37 51
38 50
39 48
40 47
Structure 4
4 25
5 24
6 23
7 22
9 20
10 19
26 59
27 58
28 57
29 56
30 55
31 54
32 53
37 47
38 46
39 45
Structure 5
4 25
5 24
6 23
7 22
9 20
10 19
26 59
27 58
28 57
29 56
30 55
31 54
32 53
37 47
38 46
39 45
Structure 6
4 25
5 24
6 23
7 22
9 20
10 19
26 59
27 58
28 57
29 56
30 55
31 54
32 53
36 52
37 51
38 50
39 48
Structure 7
5 24
6 23
7 22
9 20
10 19
25 60
26 59
27 58
28 57
29 56
30 55
31 54
32 53
36 52
37 51
38 50
39 48
40 47
Structure 8
3 26
4 25
5 24
6 23
7 22
9 20
10 19
27 58
28 57
29 56
30 55
31 54
32 53
37 47
38 46
39 45
Structure 9
4 25
5 24
6 23
7 22
9 20
10 19
26 59
27 58
28 57
29 56
30 55
31 54
33 53
34 52
37 47
38 46
39 45
Structure 10
3 26
4 25
5 24
6 23
7 22
9 20
10 19
27 58
28 57
29 56
30 55
31 54
36 52
37 51
38 50
39 48
Structure 11
4 25
5 24
6 23
7 22
9 20
10 19
26 59
27 58
28 57
29 56
30 55
31 54
32 53
37 47
38 46
39 45
Structure 12
3 26
4 25
5 24
6 23
7 22
9 20
10 19
27 58
28 57
29 56
30 55
31 54
37 47
38 46
39 45
Structure 13
3 26
4 25
5 24
6 23
7 22
9 20
10 19
27 58
28 57
29 56
30 55
31 54
32 53
36 52
37 51
38 50
39 48
40 47
Structure 14
3 26
4 25
5 24
6 23
7 22
9 20
10 19
27 58
28 57
29 56
30 55
31 54
32 53
37 47
38 46
39 45
Structure 15
5 24
6 23
7 22
9 20
10 19
25 60
26 59
27 58
28 57
29 56
30 55
31 54
32 53
36 52
37 51
38 50
39 48
40 47
Structure 16
4 25
5 24
6 23
7 22
9 20
10 19
26 59
27 58
28 57
29 56
30 55
31 54
32 53
37 47
38 46
39 45
Structure 17
12 24
13 23
14 22
15 21
25 60
26 59
27 58
28 57
29 56
30 55
31 54
32 53
38 46
39 45
Structure 18
5 24
6 23
7 22
9 20
10 19
25 60
26 59
27 58
28 57
29 56
30 55
31 54
32 53
36 52
37 51
38 50
39 48
40 47
Structure 19
4 25
5 24
6 23
7 22
9 20
10 19
26 59
27 58
28 57
29 56
30 55
31 54
32 53
37 47
38 46
39 45
Structure 20
5 24
6 23
7 22
9 20
10 19
25 60
26 59
27 58
28 57
29 56
30 55
31 54
32 53
36 52
37 51
38 50
39 48
40 47
Structure 21
5 24
6 23
7 22
9 20
10 19
25 60
26 59
27 58
28 57
29 56
30 55
31 54
32 53
36 52
37 51
38 50
39 48
Structure 22
5 24
6 23
7 22
9 20
10 19
25 60
26 59
27 58
28 57
29 56
30 55
31 54
32 53
37 47
38 46
39 45
Structure 23
3 26
4 25
5 24
6 23
7 22
9 20
10 19
27 58
28 57
29 56
30 55
31 54
32 53
36 52
37 51
38 50
39 48
Structure 24
4 25
5 24
6 23
7 22
9 20
10 19
26 59
27 58
28 57
29 56
30 55
31 54
32 53
37 47
38 46
39 45
Structure 25
3 26
4 25
5 24
6 23
7 22
9 20
10 19
27 58
28 57
29 56
30 55
31 54
32 53
37 47
38 46
39 45
Structure 26
5 24
6 23
7 22
9 20
10 19
25 60
26 59
27 58
28 57
29 56
30 55
31 54
32 53
36 52
37 51
38 50
39 48
40 47
Structure 27
5 24
6 23
7 22
9 20
10 19
25 60
26 59
27 58
28 57
29 56
30 55
31 54
32 53
36 52
37 51
38 50
Structure 28
3 26
4 25
5 24
6 23
7 22
9 20
10 19
27 58
28 57
29 56
30 55
31 54
32 53
36 52
37 51
38 50
39 48
40 47
Structure 29
3 26
4 25
5 24
6 23
7 22
9 20
10 19
27 58
28 57
29 56
30 55
31 54
32 53
37 47
38 46
39 45
Structure 30
5 24
6 23
7 22
9 20
10 19
25 60
26 59
27 58
28 57
29 56
30 55
31 54
36 52
37 51
38 50
39 48
40 47
Structure 31
3 26
4 25
5 24
6 23
7 22
9 20
10 19
27 58
28 57
29 56
30 55
31 54
32 53
37 47
38 46
39 45
Structure 32
4 25
5 24
6 23
7 22
9 20
10 19
26 59
27 58
28 57
29 56
30 55
31 54
32 53
36 52
37 51
38 50
39 48
40 47
Structure 33
3 26
4 25
5 24
6 23
7 22
9 20
10 19
27 58
28 57
29 56
30 55
31 54
37 47
38 46
39 45
Structure 34
3 26
4 25
5 24
6 23
7 22
9 20
10 19
27 58
28 57
29 56
30 55
31 54
32 53
37 47
38 46
39 45
Structure 35
4 25
5 24
6 23
7 22
9 20
10 19
26 59
27 58
28 57
29 56
30 55
31 54
32 53
37 47
38 46
39 45
Structure 36
4 25
5 24
6 23
7 22
9 20
10 19
26 59
27 58
28 57
29 56
30 55
31 54
32 53
37 47
38 46
39 45
Structure 37
3 26
4 25
5 24
6 23
7 22
9 20
10 19
27 58
28 57
29 56
30 55
31 54
32 53
37 47
38 46
39 45
Structure 38
3 26
4 25
5 24
6 23
7 22
9 20
10 19
27 58
28 57
29 56
30 55
31 54
32 53
36 52
37 51
38 50
Structure 39
4 25
5 24
6 23
7 22
9 20
10 19
26 59
27 58
28 57
29 56
30 55
31 54
32 53
34 52
37 47
38 46
39 45
Structure 40
5 24
6 23
7 22
9 20
10 19
25 60
26 59
27 58
28 57
29 56
30 55
31 54
32 53
37 47
38 46
39 45
Structure 41
4 25
5 24
6 23
7 22
9 20
10 19
26 59
27 58
28 57
29 56
30 55
31 54
32 53
37 47
38 46
39 45
Structure 42
4 25
5 24
6 23
7 22
9 20
10 19
26 59
27 58
28 57
29 56
30 55
31 54
32 53
37 47
38 46
39 45
Structure 43
4 25
5 24
6 23
7 22
9 20
10 19
26 59
27 58
28 57
29 56
30 55
31 54
32 53
37 47
38 46
39 45
Structure 44
4 24
5 23
6 22
9 19
10 18
25 60
26 59
27 58
28 57
29 56
30 55
31 54
32 53
36 52
37 51
38 50
39 48
Structure 45
5 24
6 23
7 22
9 20
10 19
25 60
26 59
27 58
28 57
29 56
30 55
31 54
32 53
36 52
37 51
38 50
39 48
40 47
Structure 46
5 24
6 23
7 22
9 20
10 19
25 60
26 59
27 58
28 57
29 56
30 55
31 54
32 53
37 47
38 46
39 45
Structure 47
5 24
6 23
7 22
9 20
10 19
25 60
26 59
27 58
28 57
29 56
30 55
31 54
32 53
37 47
38 46
39 45
Structure 48
4 25
5 24
6 23
7 22
9 20
10 19
26 59
27 58
28 57
29 56
30 55
31 54
32 53
37 47
38 46
39 45
Structure 49
5 24
6 23
7 22
9 20
10 19
25 60
26 59
27 58
28 57
29 56
30 55
31 54
32 53
37 47
38 46
39 45
Structure 50
5 24
6 23
7 22
9 20
10 19
25 60
26 59
27 58
28 57
29 56
30 55
31 54
32 53
37 47
38 46
39 45
Structure 51
4 25
5 24
6 23
7 22
9 20
10 19
26 59
27 58
28 57
29 56
30 55
31 54
32 53
37 47
38 46
39 45
Structure 52
4 25
5 24
6 23
7 22
9 20
10 19
26 59
27 58
28 57
29 56
30 55
31 54
32 53
37 47
38 46
39 45
Structure 53
3 25
4 24
5 23
6 22
9 19
10 18
26 59
27 58
28 57
29 56
30 55
31 54
32 53
36 52
37 51
38 50
39 48
40 47
Structure 54
3 26
4 25
5 24
6 23
7 22
9 20
10 19
27 58
28 57
29 56
30 55
31 54
32 53
37 47
38 46
39 45
Structure 55
4 25
5 24
6 23
7 22
9 20
10 19
26 59
27 58
28 57
29 56
30 55
31 54
32 53
36 52
37 51
38 50
39 48
Structure 56
3 26
4 25
5 24
6 23
7 22
9 20
10 19
12 16
27 58
28 57
29 56
30 55
31 54
32 53
36 52
37 51
38 50
39 48
40 47
Structure 57
3 26
4 25
5 24
6 23
7 22
9 20
10 19
27 58
28 57
29 56
30 55
31 54
32 53
35 52
37 51
38 50
39 48
40 47
Structure 58
5 24
6 23
7 22
9 19
10 18
25 60
26 59
27 58
28 57
29 56
30 55
31 54
32 53
37 47
38 46
39 45
Structure 59
3 26
4 25
5 24
6 23
7 22
9 20
10 19
27 58
28 57
29 56
30 55
31 54
32 53
37 47
38 46
39 45
Structure 60
3 26
4 25
5 24
6 23
7 22
9 20
10 19
27 58
28 57
29 56
30 55
31 54
32 53
34 52
Structure 61
4 25
5 24
6 23
7 22
9 20
10 19
26 59
27 58
28 57
29 56
30 55
31 54
32 53
36 52
37 51
38 50
39 48
Structure 62
5 24
6 23
7 22
9 20
10 19
25 60
26 59
27 58
28 57
29 56
30 55
31 54
32 53
37 47
38 46
39 45
Structure 63
3 26
4 25
5 24
6 23
7 22
9 20
10 19
27 58
28 57
29 56
30 55
31 54
32 53
36 52
37 51
38 50
39 48
40 47
Structure 64
3 26
4 25
5 24
6 23
7 22
9 20
10 19
27 58
28 57
29 56
30 55
31 54
32 53
37 47
38 46
39 45
Structure 65
5 24
6 23
7 22
9 20
10 19
25 60
26 59
27 58
28 57
29 56
30 55
31 54
32 53
37 47
38 46
39 45
Structure 66
3 26
4 25
5 24
6 23
7 22
9 20
10 19
27 59
28 58
29 57
30 56
31 54
32 53
37 47
38 46
39 45
Structure 67
4 25
5 24
6 23
7 22
9 20
10 19
26 59
27 58
28 57
29 56
30 55
31 54
32 53
37 47
38 46
39 45
Structure 68
5 24
6 23
7 22
9 20
10 19
25 60
26 59
27 58
28 57
29 56
30 55
31 54
32 53
37 47
38 46
39 45
Structure 69
5 24
6 23
7 22
9 20
10 19
25 60
26 59
27 58
28 57
29 56
30 55
31 54
32 53
37 47
38 46
39 45
Structure 70
3 26
4 25
5 24
6 23
7 22
9 20
10 19
27 58
28 57
29 56
30 55
31 54
32 53
37 47
38 46
39 45
Structure 71
3 26
4 25
5 24
6 23
7 22
9 20
10 19
27 58
28 57
29 56
30 55
31 54
32 53
34 52
37 47
38 46
39 45
Structure 72
5 24
6 23
7 22
9 20
10 19
25 60
26 59
27 58
28 57
29 56
30 55
31 54
32 53
37 47
38 46
39 45
Structure 73
3 26
4 25
5 24
6 23
7 22
9 20
10 19
27 58
28 57
29 56
30 55
31 54
32 53
37 47
38 46
Structure 74
3 26
4 25
5 24
6 23
7 22
9 20
10 19
27 58
28 57
29 56
30 55
31 54
32 53
37 47
38 46
39 45
Structure 75
5 24
6 23
7 22
9 20
10 19
25 60
26 59
27 58
28 57
29 56
30 55
31 54
32 53
36 52
37 51
38 50
39 48
Structure 76
4 25
5 24
6 23
7 22
9 20
10 19
26 59
27 58
28 57
29 56
30 55
31 54
32 53
37 47
38 46
39 45
Structure 77
3 26
4 25
5 24
6 23
7 22
9 20
10 19
27 58
28 57
29 56
30 55
31 54
32 53
37 47
38 46
39 45
Structure 78
3 26
4 25
5 24
6 23
7 22
9 20
10 19
27 58
28 57
29 56
30 55
31 54
32 53
37 47
38 46
39 45
Structure 79
5 24
6 23
7 22
9 20
10 19
25 60
26 59
27 58
28 57
29 56
30 55
31 54
32 53
37 47
38 46
39 45
Structure 80
5 24
6 23
7 22
9 20
10 19
25 60
26 59
27 58
28 57
29 56
30 55
31 54
32 53
36 52
37 51
38 50
39 48
40 47
Structure 81
3 26
4 25
5 24
6 23
7 22
9 20
10 19
27 58
28 57
29 56
30 55
31 54
32 53
37 47
38 46
39 45
Structure 82
3 26
4 25
5 24
6 23
7 22
9 20
10 19
27 58
28 57
29 56
30 55
31 54
32 53
37 47
38 46
39 45
Structure 83
4 25
5 24
6 23
7 22
9 20
10 19
26 59
27 58
28 57
29 56
30 55
31 54
32 53
38 46
39 45
Structure 84
5 24
6 23
7 22
9 20
10 19
25 60
26 59
27 58
28 57
29 56
30 55
31 54
32 53
37 47
38 46
39 45
Structure 85
4 25
5 24
6 23
7 22
9 20
10 19
26 59
27 58
28 57
29 56
30 55
31 54
32 53
38 47
39 46
Structure 86
4 25
5 24
6 23
7 22
9 20
10 19
26 59
27 58
28 57
29 56
30 55
31 54
32 53
36 52
37 51
38 50
39 48
40 47
Structure 87
4 25
5 24
6 23
7 22
9 20
10 19
26 59
27 58
28 57
29 56
30 55
31 54
32 53
37 47
38 46
39 45
Structure 88
4 25
5 24
6 23
7 22
9 20
10 19
26 59
27 58
28 57
29 56
30 55
31 54
32 53
37 47
38 46
39 45
Structure 89
3 26
4 25
5 24
6 23
7 22
9 20
10 19
27 58
28 57
29 56
30 55
31 54
32 53
36 52
37 51
38 50
39 48
40 47
Structure 90
5 24
6 23
7 22
9 20
10 19
25 60
26 59
27 58
28 57
29 56
30 55
31 54
32 53
36 52
37 51
38 50
39 48
40 47
Structure 91
3 26
4 25
5 24
6 23
7 22
9 20
10 19
27 58
28 57
29 56
30 55
31 54
32 53
37 47
38 46
39 45
Structure 92
4 25
5 24
6 23
7 22
9 20
10 19
26 59
27 58
28 57
29 56
30 55
31 54
32 53
37 47
38 46
39 45
Structure 93
4 25
5 24
6 23
7 22
9 20
10 19
26 59
27 58
28 57
29 56
30 55
31 54
32 53
37 47
38 46
39 45
Structure 94
3 26
4 25
5 24
6 23
7 22
9 20
10 19
27 58
28 57
29 56
30 55
31 54
32 53
37 47
38 46
39 45
Structure 95
4 25
5 24
6 23
7 22
9 20
10 19
26 59
27 58
28 57
29 56
30 55
31 54
32 53
37 47
38 46
39 45
Structure 96
3 26
4 25
5 24
6 23
7 22
9 20
10 19
27 58
28 57
29 56
30 55
31 54
32 53
37 47
38 46
39 45
Structure 97
4 25
5 24
6 23
7 22
9 20
10 19
26 59
27 58
28 57
29 56
30 55
31 54
32 53
37 47
38 46
39 45
Structure 98
4 25
5 24
6 23
7 22
9 20
10 19
26 59
27 58
28 57
29 56
30 55
31 54
32 53
37 47
38 46
39 45
Structure 99
3 26
4 25
5 24
6 23
7 22
9 20
10 19
27 58
28 57
29 56
30 55
31 54
33 53
34 52
37 47
38 46
39 45
Structure 100
5 24
6 23
7 22
9 20
10 19
25 60
26 59
27 58
28 57
29 56
30 55
31 54
32 53
37 47
38 46
39 45
Structure 101
5 24
6 23
7 22
9 20
10 19
25 60
26 59
27 58
28 57
29 56
30 55
31 54
32 53
37 47
38 46
39 45
Structure 102
5 24
6 23
7 22
9 20
10 19
25 60
26 59
27 58
28 57
29 56
30 55
31 54
32 53
37 47
38 46
39 45
Structure 103
5 24
6 23
7 22
9 20
10 19
25 60
26 59
27 58
28 57
29 56
30 55
31 54
32 53
37 47
38 46
39 45
Structure 104
3 26
4 25
5 24
6 23
7 22
9 20
10 19
27 58
28 57
29 56
30 55
31 54
32 53
37 47
38 46
39 45
Structure 105
5 24
6 23
7 22
9 20
10 19
25 60
26 59
27 58
28 57
29 56
30 55
31 54
32 53
36 52
37 51
38 50
39 48
40 47
Structure 106
3 26
4 25
5 24
6 23
7 22
9 20
10 19
27 59
28 58
29 57
30 55
31 54
32 53
36 52
37 51
38 50
39 48
40 47
Structure 107
5 24
6 23
7 22
9 20
10 19
25 60
26 59
27 58
28 57
29 56
30 55
31 54
32 53
36 52
37 51
38 50
Structure 108
3 26
4 25
5 24
6 23
7 22
9 20
10 19
27 58
28 57
29 56
30 55
31 54
33 53
34 52
39 48
40 47
Structure 109
3 26
4 25
5 24
6 23
7 22
9 20
10 19
27 58
28 57
29 56
30 55
31 54
32 53
37 47
38 46
39 45
Structure 110
4 25
5 24
6 23
7 22
9 20
10 19
26 59
27 58
28 57
29 56
30 55
31 54
32 53
37 47
38 46
39 45
Structure 111
4 25
5 24
6 23
7 22
9 20
10 19
26 59
27 58
28 57
29 56
30 55
31 54
32 53
37 47
38 46
39 45
Structure 112
5 24
6 23
7 22
9 20
10 19
25 60
26 59
27 58
28 57
29 56
30 55
31 54
32 53
37 47
38 46
39 45
Structure 113
5 24
6 23
7 22
9 20
10 19
25 60
26 59
27 58
28 57
29 56
30 55
31 54
32 53
37 47
38 46
39 45
Structure 114
3 26
4 25
5 24
6 23
7 22
9 20
10 19
27 58
28 57
29 56
30 55
31 54
32 53
36 52
37 51
38 50
39 48
40 47
Structure 115
4 25
5 24
6 23
7 22
9 20
10 19
26 59
27 58
28 57
29 56
30 55
31 54
32 53
37 47
38 46
39 45
Structure 116
3 26
4 25
5 24
6 23
7 22
9 20
10 19
27 58
28 57
29 56
30 55
31 54
32 53
37 47
38 46
39 45
Structure 117
3 26
4 25
5 24
6 23
7 22
9 20
10 19
27 58
28 57
29 56
30 55
31 54
32 53
37 47
38 46
39 45
Structure 118
4 25
5 24
6 23
7 22
9 20
10 19
26 59
27 58
28 57
29 56
30 55
31 54
32 53
37 47
38 46
39 45
Structure 119
4 25
5 24
6 23
7 22
9 20
10 19
26 59
27 58
28 57
29 56
30 55
31 54
32 53
37 47
38 46
39 45
Structure 120
5 24
6 23
7 22
9 20
10 19
25 60
26 59
27 58
28 57
29 56
30 55
31 54
32 53
37 51
38 50
39 48
40 47
Structure 121
4 25
5 24
6 23
7 22
9 20
10 19
26 59
27 58
28 57
29 56
30 55
31 54
32 53
36 52
37 51
38 50
39 48
40 47
Structure 122
5 24
6 23
7 22
9 20
10 19
25 60
26 59
27 58
28 57
29 56
30 55
31 54
32 53
37 47
38 46
39 45
Structure 123
3 26
4 25
5 24
6 23
7 22
9 20
10 19
27 58
28 57
29 56
30 55
31 54
36 52
37 51
38 50
Structure 124
3 26
4 25
5 24
6 23
7 22
9 20
10 19
27 58
28 57
29 56
30 55
31 54
32 53
37 47
38 46
39 45
Structure 125
3 26
4 25
5 24
6 23
7 22
9 20
10 19
27 58
28 57
29 56
30 55
31 54
32 53
37 47
38 46
39 45
Structure 126
3 26
4 25
5 24
6 23
7 22
9 20
10 19
27 58
28 57
29 56
30 55
31 54
32 53
37 47
38 46
39 45
Structure 127
3 26
4 25
5 24
6 23
7 22
9 20
10 19
27 58
28 57
29 56
30 55
31 54
32 53
37 47
38 46
39 45
Structure 128
3 26
4 25
5 24
6 23
7 22
9 20
10 19
27 58
28 57
29 56
30 55
31 54
32 53
36 52
37 51
38 50
39 48
40 47
Structure 129
4 25
5 24
6 23
7 22
9 20
10 19
26 59
27 58
28 57
29 56
30 55
31 54
32 53
37 47
38 46
Structure 130
5 24
6 23
7 22
9 20
10 19
25 60
26 59
27 58
28 57
29 56
30 55
31 54
32 53
36 52
37 51
38 50
39 48
Structure 131
4 25
5 24
6 23
7 22
9 20
10 19
26 59
27 58
28 57
29 56
30 55
31 54
32 53
37 47
38 46
39 45
Structure 132
5 24
6 23
7 22
9 20
10 19
25 60
26 59
27 58
28 57
29 56
30 55
31 54
32 53
37 47
38 46
39 45
Structure 133
5 24
6 23
7 22
9 20
10 19
25 60
26 59
27 58
28 57
29 56
30 55
31 54
32 53
36 52
37 47
38 46
39 45
Structure 134
5 24
6 23
7 22
9 20
10 19
12 16
25 60
26 59
27 58
28 57
29 56
30 55
31 54
32 53
36 52
37 51
38 50
39 48
40 47
Structure 135
3 26
4 25
5 24
6 23
7 22
9 20
10 19
27 58
28 57
29 56
30 55
31 54
32 53
37 47
38 46
39 45
Structure 136
3 26
4 25
5 24
6 23
7 22
9 20
10 19
27 58
28 57
29 56
30 55
31 54
33 53
34 52
37 47
38 46
39 45
Structure 137
3 26
4 25
5 24
6 23
7 22
9 20
10 19
27 58
28 57
29 56
30 55
31 54
32 53
37 47
38 46
39 45
Structure 138
5 24
6 23
7 22
9 20
10 19
25 60
26 59
27 58
28 57
29 56
30 55
31 54
32 53
37 47
38 46
39 45
Structure 139
3 26
4 25
5 24
6 23
7 22
9 20
10 19
27 58
28 57
29 56
30 55
31 54
32 53
34 52
37 47
38 46
39 45
Structure 140
5 24
6 23
7 22
9 20
10 19
25 60
26 59
27 58
28 57
29 56
30 55
31 54
32 53
37 47
38 46
39 45
Structure 141
5 24
6 23
7 22
9 20
10 19
25 60
26 59
27 58
28 57
29 56
30 55
31 54
32 53
36 52
37 51
38 50
39 48
40 47
Structure 142
4 25
5 24
6 23
7 22
9 20
10 19
26 59
27 58
28 57
29 56
30 55
31 54
32 53
36 52
37 51
38 50
Structure 143
4 25
5 24
6 23
7 22
9 20
10 19
26 59
27 58
28 57
29 56
30 55
31 54
32 53
36 52
37 51
38 50
39 48
40 47
Structure 144
3 26
4 25
5 24
6 23
7 22
9 20
10 19
27 58
28 57
29 56
30 55
31 54
32 53
36 52
37 51
38 50
39 48
40 47
Structure 145
4 24
5 23
6 22
9 19
10 18
25 60
26 59
27 58
28 57
29 56
30 55
31 54
32 53
37 47
38 46
39 45
Structure 146
4 25
5 24
6 23
7 22
9 20
10 19
26 59
27 58
28 57
29 56
30 55
31 54
32 53
37 47
38 46
39 45
Structure 147
3 26
4 25
5 24
6 23
7 22
9 20
10 19
27 58
28 57
29 56
30 55
31 54
32 53
37 47
38 46
39 45
Structure 148
5 24
6 23
7 22
9 20
10 19
25 60
26 59
27 58
28 57
29 56
30 55
31 54
32 53
36 52
37 51
38 50
39 48
40 47
Structure 149
4 25
5 24
6 23
7 22
9 20
10 19
26 59
27 58
28 57
29 56
30 55
31 54
32 53
37 47
38 46
39 45
Structure 150
4 25
5 24
6 23
7 22
9 20
10 19
26 60
27 59
28 58
29 57
30 56
33 53
34 52
37 47
38 46
39 45
Structure 151
5 24
6 23
7 22
9 20
10 19
25 60
26 59
27 58
28 57
29 56
30 55
31 54
32 53
36 52
37 51
38 50
39 48
40 47
Structure 152
4 25
5 24
6 23
7 22
9 20
10 19
26 59
27 58
28 57
29 56
30 55
31 54
32 53
34 52
37 47
38 46
39 45
Structure 153
5 24
6 23
7 22
9 20
10 19
25 60
26 59
27 58
28 57
29 56
30 55
31 54
32 53
39 48
40 47
Structure 154
3 26
4 25
5 24
6 23
7 22
9 20
10 19
27 58
28 57
29 56
30 55
31 54
32 53
38 46
39 45
Structure 155
3 26
4 25
5 24
6 23
7 22
9 20
10 19
27 58
28 57
29 56
30 55
31 54
32 53
37 47
38 46
39 45
Structure 156
3 26
4 25
5 24
6 23
7 22
9 20
10 19
27 58
28 57
29 56
30 55
31 54
32 53
37 47
38 46
39 45
